<?xml version="1.0" encoding="UTF-8"?>
<feedback>
 <message severity="info">Analysis started...</message>
 <nop/>
 <message severity="info">Result file: C:\Users\Jam\source\repos\Parallel\Parallel\My Inspector Results - Parallel\r002ti3\r002ti3.inspxe </message>
 <nop/>
 <message severity="info">Found target process c:\users\jam\source\repos\parallel\x64\debug\parallel.exe (PID = 1812). Analysis started... </message>
 <nop/>
 <message severity="info">Loaded module: c:\users\jam\source\repos\parallel\x64\debug\parallel.exe. </message>
 <nop/>
 <message severity="info">Loaded module: c:\windows\system32\kernelbase.dll. </message>
 <nop/>
 <message severity="info">Loaded module: c:\windows\system32\kernel32.dll. </message>
 <nop/>
 <message severity="info">Loaded module: c:\windows\system32\ntdll.dll. </message>
 <nop/>
 <message severity="info">Loaded module: c:\windows\system32\msvcp140d.dll. </message>
 <nop/>
 <message severity="info">Loaded module: c:\windows\system32\vcruntime140d.dll. </message>
 <nop/>
 <message severity="info">Loaded module: f:\program files (x86)\intelswtools\compilers_and_libraries_2019\windows\redist\intel64\compiler\libmmdd.dll. </message>
 <nop/>
 <message severity="info">Loaded module: f:\program files (x86)\intelswtools\compilers_and_libraries_2019\windows\redist\intel64\compiler\cilkrts20.dll. </message>
 <nop/>
 <message severity="info">Loaded module: c:\windows\system32\ucrtbased.dll. </message>
 <nop/>
 <message severity="info">Loaded module: c:\windows\system32\user32.dll. </message>
 <nop/>
 <message severity="info">Loaded module: c:\windows\system32\win32u.dll. </message>
 <nop/>
 <message severity="info">Loaded module: c:\windows\system32\gdi32.dll. </message>
 <nop/>
 <message severity="info">Loaded module: c:\windows\system32\gdi32full.dll. </message>
 <nop/>
 <message severity="info">Loaded module: c:\windows\system32\msvcp_win.dll. </message>
 <nop/>
 <message severity="info">Loaded module: c:\windows\system32\ucrtbase.dll. </message>
 <nop/>
 <message severity="info">Loaded module: c:\windows\system32\imm32.dll. </message>
 <nop/>
 <message severity="info">Loaded module: f:\program files (x86)\intelswtools\inspector 2019\bin64\runtime\libittnotify.dll. </message>
 <nop/>
 <message severity="info">Loaded module: c:\windows\system32\kernel.appcore.dll. </message>
 <nop/>
 <message severity="info">Loaded module: c:\windows\system32\msvcrt.dll. </message>
 <nop/>
 <message severity="info">Loaded module: c:\windows\system32\rpcrt4.dll. </message>
 <nop/>
 <message severity="info">Unloaded module: c:\users\jam\source\repos\parallel\x64\debug\parallel.exe. </message>
 <nop/>
 <message severity="info">Unloaded module: c:\windows\system32\kernelbase.dll. </message>
 <nop/>
 <message severity="info">Unloaded module: c:\windows\system32\kernel32.dll. </message>
 <nop/>
 <message severity="info">Unloaded module: c:\windows\system32\ntdll.dll. </message>
 <nop/>
 <message severity="info">Unloaded module: c:\windows\system32\msvcp140d.dll. </message>
 <nop/>
 <message severity="info">Unloaded module: c:\windows\system32\vcruntime140d.dll. </message>
 <nop/>
 <message severity="info">Unloaded module: f:\program files (x86)\intelswtools\compilers_and_libraries_2019\windows\redist\intel64\compiler\libmmdd.dll. </message>
 <nop/>
 <message severity="info">Unloaded module: f:\program files (x86)\intelswtools\compilers_and_libraries_2019\windows\redist\intel64\compiler\cilkrts20.dll. </message>
 <nop/>
 <message severity="info">Unloaded module: c:\windows\system32\ucrtbased.dll. </message>
 <nop/>
 <message severity="info">Unloaded module: c:\windows\system32\user32.dll. </message>
 <nop/>
 <message severity="info">Unloaded module: c:\windows\system32\win32u.dll. </message>
 <nop/>
 <message severity="info">Unloaded module: c:\windows\system32\gdi32.dll. </message>
 <nop/>
 <message severity="info">Unloaded module: c:\windows\system32\gdi32full.dll. </message>
 <nop/>
 <message severity="info">Unloaded module: c:\windows\system32\msvcp_win.dll. </message>
 <nop/>
 <message severity="info">Unloaded module: c:\windows\system32\ucrtbase.dll. </message>
 <nop/>
 <message severity="info">Unloaded module: c:\windows\system32\imm32.dll. </message>
 <nop/>
 <message severity="info">Unloaded module: f:\program files (x86)\intelswtools\inspector 2019\bin64\runtime\libittnotify.dll. </message>
 <nop/>
 <message severity="info">Unloaded module: c:\windows\system32\kernel.appcore.dll. </message>
 <nop/>
 <message severity="info">Unloaded module: c:\windows\system32\msvcrt.dll. </message>
 <nop/>
 <message severity="info">Unloaded module: c:\windows\system32\rpcrt4.dll. </message>
 <nop/>
 <message severity="info">Process c:\users\jam\source\repos\parallel\x64\debug\parallel.exe (PID = 1812) has terminated. </message>
 <nop/>
 <message severity="info">Application exit code: 0 </message>
 <nop/>
 <message severity="info">Result file: C:\Users\Jam\source\repos\Parallel\Parallel\My Inspector Results - Parallel\r002ti3\r002ti3.inspxe </message>
 <nop/>
 <message severity="info">Analysis completed</message>
 <nop/>
</feedback>
