<?xml version="1.0" encoding="utf-8" ?>
<!-- DO NOT EDIT THIS FILE -->

<log version='2.0' source='tcet'>
	<!-- Opened annotation file F:\Program Files (x86)\IntelSWTools\Inspector 2019\bin64\..\config\tc\qt.ant -->
	<!-- Opened annotation file F:\Program Files (x86)\IntelSWTools\Inspector 2019\bin64\..\config\tc\cpp11.ant -->
	<!-- Opened annotation file F:\Program Files (x86)\IntelSWTools\Inspector 2019\bin64\..\config\tc\fortran.ant -->
	<!-- Opened annotation file F:\Program Files (x86)\IntelSWTools\Inspector 2019\bin64\..\config\tc\icl.ant -->
	<!-- Opened annotation file F:\Program Files (x86)\IntelSWTools\Inspector 2019\bin64\..\config\tc\allocators.ant -->
	<!-- Opened annotation file F:\Program Files (x86)\IntelSWTools\Inspector 2019\bin64\..\config\tc\boost.ant -->
	<!-- Opened annotation file F:\Program Files (x86)\IntelSWTools\Inspector 2019\bin64\..\config\tc\system_api_filter.ant -->
	<!-- Opened annotation file F:\Program Files (x86)\IntelSWTools\Inspector 2019\bin64\..\config\tc\system_api.ant -->
	<msg id='1' display='false' source='tccore'>
		<type>START</type>
		<severity>INFO</severity>
		<timestamp>Thu Apr 23 17:03:24 2020</timestamp>
	</msg>
	<!-- Successfully loaded CCRT 13.4.2 at address 0x6f560000 - 0x6f8f6000 -->
	<!-- Successfully loaded the TC Analysis Core 8.12.15 at address 0x7ffbe0990000 - 0x7ffbe09bf000 -->
	<!-- Successfully loaded the TC Instrumentation Engine 8.12.15 at address 0x6f980000 - 0x6fbc1000 -->
	<!-- This is the instance of interest -->
	<msg id='2' source='tcet'>
		<type>EXEC_OF_INTEREST</type>
		<severity>INFO</severity>
		<timestamp>Thu Apr 23 17:03:24 2020</timestamp>
		<arg name='process'>c:\windows\system32\cmd.exe</arg>
		<arg name='pid'>5060</arg>
	</msg>
	<msg id='3' source='tcet'>
		<type>LOAD_MODULE</type>
		<severity>INFO</severity>
		<timestamp>Thu Apr 23 17:03:24 2020</timestamp>
		<arg name='module'>c:\windows\system32\cmd.exe</arg>
		<arg name='basement'>0x7ff795950000</arg>
		<arg name='ceiling'>0x7ff7959b2fff</arg>
	</msg>
	<msg id='4' source='tcet'>
		<type>LOAD_MODULE</type>
		<severity>INFO</severity>
		<timestamp>Thu Apr 23 17:03:24 2020</timestamp>
		<arg name='module'>c:\windows\system32\kernelbase.dll</arg>
		<arg name='basement'>0x7ffc3fc60000</arg>
		<arg name='ceiling'>0x7ffc3fed2fff</arg>
	</msg>
	<!-- Target OS: Win8 or Server 2K2012 or later -->
	<msg id='5' source='tcet'>
		<type>LOAD_MODULE</type>
		<severity>INFO</severity>
		<timestamp>Thu Apr 23 17:03:24 2020</timestamp>
		<arg name='module'>c:\windows\system32\kernel32.dll</arg>
		<arg name='basement'>0x7ffc42970000</arg>
		<arg name='ceiling'>0x7ffc42a20fff</arg>
	</msg>
	<!-- Target OS: Win8 or Server 2K2012 or later -->
	<msg id='6' source='tcet'>
		<type>LOAD_MODULE</type>
		<severity>INFO</severity>
		<timestamp>Thu Apr 23 17:03:24 2020</timestamp>
		<arg name='module'>c:\windows\system32\ntdll.dll</arg>
		<arg name='basement'>0x7ffc438a0000</arg>
		<arg name='ceiling'>0x7ffc43a80fff</arg>
	</msg>
	<!-- Target OS: Win8 or Server 2K2012 or later -->
	<msg id='7' source='tcet'>
		<type>LOAD_MODULE</type>
		<severity>INFO</severity>
		<timestamp>Thu Apr 23 17:03:24 2020</timestamp>
		<arg name='module'>c:\windows\system32\msvcrt.dll</arg>
		<arg name='basement'>0x7ffc437d0000</arg>
		<arg name='ceiling'>0x7ffc4386dfff</arg>
	</msg>
	<msg id='8' display='false' source='tcet'>
		<type>HEARTBEAT</type>
		<severity>INFO</severity>
		<timestamp>Thu Apr 23 17:03:26 2020</timestamp>
		<arg name='tids'>4184,1192</arg>
		<arg name='syscalls'>1,0</arg>
		<arg name='calls'>249,7745</arg>
	</msg>
	<msg id='9' display='false' source='tcet'>
		<type>HEARTBEAT</type>
		<severity>INFO</severity>
		<timestamp>Thu Apr 23 17:03:27 2020</timestamp>
		<arg name='tids'>4184,1192</arg>
		<arg name='syscalls'>1,1</arg>
		<arg name='calls'>0,3888</arg>
	</msg>
	<msg id='10' display='false' source='tcet'>
		<type>HEARTBEAT</type>
		<severity>INFO</severity>
		<timestamp>Thu Apr 23 17:03:28 2020</timestamp>
		<arg name='tids'>4184,1192</arg>
		<arg name='syscalls'>1,1</arg>
		<arg name='calls'>0,0</arg>
	</msg>
	<msg id='11' display='false' source='tcet'>
		<type>HEARTBEAT</type>
		<severity>INFO</severity>
		<timestamp>Thu Apr 23 17:03:29 2020</timestamp>
		<arg name='tids'>4184,1192</arg>
		<arg name='syscalls'>1,1</arg>
		<arg name='calls'>0,0</arg>
	</msg>
	<msg id='12' display='false' source='tcet'>
		<type>HEARTBEAT</type>
		<severity>INFO</severity>
		<timestamp>Thu Apr 23 17:03:30 2020</timestamp>
		<arg name='tids'>4184,1192</arg>
		<arg name='syscalls'>1,1</arg>
		<arg name='calls'>0,0</arg>
	</msg>
	<msg id='13' display='false' source='tcet'>
		<type>HEARTBEAT</type>
		<severity>INFO</severity>
		<timestamp>Thu Apr 23 17:03:31 2020</timestamp>
		<arg name='tids'>4184,1192</arg>
		<arg name='syscalls'>1,1</arg>
		<arg name='calls'>0,0</arg>
	</msg>
	<msg id='14' display='false' source='tcet'>
		<type>HEARTBEAT</type>
		<severity>INFO</severity>
		<timestamp>Thu Apr 23 17:03:32 2020</timestamp>
		<arg name='tids'>4184,1192</arg>
		<arg name='syscalls'>1,1</arg>
		<arg name='calls'>0,0</arg>
	</msg>
	<msg id='15' display='false' source='tcet'>
		<type>HEARTBEAT</type>
		<severity>INFO</severity>
		<timestamp>Thu Apr 23 17:03:33 2020</timestamp>
		<arg name='tids'>4184,1192</arg>
		<arg name='syscalls'>1,1</arg>
		<arg name='calls'>0,0</arg>
	</msg>
	<msg id='16' display='false' source='tcet'>
		<type>HEARTBEAT</type>
		<severity>INFO</severity>
		<timestamp>Thu Apr 23 17:03:34 2020</timestamp>
		<arg name='tids'>4184,1192</arg>
		<arg name='syscalls'>1,1</arg>
		<arg name='calls'>0,0</arg>
	</msg>
	<msg id='17' display='false' source='tcet'>
		<type>HEARTBEAT</type>
		<severity>INFO</severity>
		<timestamp>Thu Apr 23 17:03:35 2020</timestamp>
		<arg name='tids'>4184,1192</arg>
		<arg name='syscalls'>1,1</arg>
		<arg name='calls'>0,0</arg>
	</msg>
	<msg id='18' display='false' source='tcet'>
		<type>HEARTBEAT</type>
		<severity>INFO</severity>
		<timestamp>Thu Apr 23 17:03:36 2020</timestamp>
		<arg name='tids'>4184,1192</arg>
		<arg name='syscalls'>1,1</arg>
		<arg name='calls'>0,0</arg>
	</msg>
	<msg id='19' display='false' source='tcet'>
		<type>HEARTBEAT</type>
		<severity>INFO</severity>
		<timestamp>Thu Apr 23 17:03:37 2020</timestamp>
		<arg name='tids'>4184,1192</arg>
		<arg name='syscalls'>1,1</arg>
		<arg name='calls'>0,0</arg>
	</msg>
	<msg id='20' display='false' source='tcet'>
		<type>HEARTBEAT</type>
		<severity>INFO</severity>
		<timestamp>Thu Apr 23 17:03:38 2020</timestamp>
		<arg name='tids'>4184,1192</arg>
		<arg name='syscalls'>1,1</arg>
		<arg name='calls'>0,0</arg>
	</msg>
	<msg id='21' display='false' source='tcet'>
		<type>HEARTBEAT</type>
		<severity>INFO</severity>
		<timestamp>Thu Apr 23 17:03:39 2020</timestamp>
		<arg name='tids'>4184,1192</arg>
		<arg name='syscalls'>1,1</arg>
		<arg name='calls'>0,0</arg>
	</msg>
	<msg id='22' display='false' source='tcet'>
		<type>HEARTBEAT</type>
		<severity>INFO</severity>
		<timestamp>Thu Apr 23 17:03:40 2020</timestamp>
		<arg name='tids'>4184,1192</arg>
		<arg name='syscalls'>1,1</arg>
		<arg name='calls'>0,0</arg>
	</msg>
	<msg id='23' display='false' source='tcet'>
		<type>HEARTBEAT</type>
		<severity>INFO</severity>
		<timestamp>Thu Apr 23 17:03:41 2020</timestamp>
		<arg name='tids'>4184,1192</arg>
		<arg name='syscalls'>1,1</arg>
		<arg name='calls'>0,0</arg>
	</msg>
	<msg id='24' display='false' source='tcet'>
		<type>HEARTBEAT</type>
		<severity>INFO</severity>
		<timestamp>Thu Apr 23 17:03:42 2020</timestamp>
		<arg name='tids'>4184,1192</arg>
		<arg name='syscalls'>1,1</arg>
		<arg name='calls'>0,0</arg>
	</msg>
	<msg id='25' display='false' source='tcet'>
		<type>HEARTBEAT</type>
		<severity>INFO</severity>
		<timestamp>Thu Apr 23 17:03:43 2020</timestamp>
		<arg name='tids'>4184,1192</arg>
		<arg name='syscalls'>1,1</arg>
		<arg name='calls'>0,0</arg>
	</msg>
	<msg id='26' display='false' source='tcet'>
		<type>HEARTBEAT</type>
		<severity>INFO</severity>
		<timestamp>Thu Apr 23 17:03:44 2020</timestamp>
		<arg name='tids'>4184,1192</arg>
		<arg name='syscalls'>1,1</arg>
		<arg name='calls'>0,0</arg>
	</msg>
	<msg id='27' display='false' source='tcet'>
		<type>HEARTBEAT</type>
		<severity>INFO</severity>
		<timestamp>Thu Apr 23 17:03:45 2020</timestamp>
		<arg name='tids'>4184,1192</arg>
		<arg name='syscalls'>1,1</arg>
		<arg name='calls'>0,0</arg>
	</msg>
	<msg id='28' display='false' source='tcet'>
		<type>HEARTBEAT</type>
		<severity>INFO</severity>
		<timestamp>Thu Apr 23 17:03:46 2020</timestamp>
		<arg name='tids'>4184,1192</arg>
		<arg name='syscalls'>1,1</arg>
		<arg name='calls'>0,0</arg>
	</msg>
	<msg id='29' display='false' source='tcet'>
		<type>HEARTBEAT</type>
		<severity>INFO</severity>
		<timestamp>Thu Apr 23 17:03:47 2020</timestamp>
		<arg name='tids'>4184,1192</arg>
		<arg name='syscalls'>1,1</arg>
		<arg name='calls'>0,0</arg>
	</msg>
	<msg id='30' display='false' source='tcet'>
		<type>HEARTBEAT</type>
		<severity>INFO</severity>
		<timestamp>Thu Apr 23 17:03:48 2020</timestamp>
		<arg name='tids'>4184,1192</arg>
		<arg name='syscalls'>1,1</arg>
		<arg name='calls'>0,0</arg>
	</msg>
	<msg id='31' display='false' source='tcet'>
		<type>HEARTBEAT</type>
		<severity>INFO</severity>
		<timestamp>Thu Apr 23 17:03:49 2020</timestamp>
		<arg name='tids'>4184,1192</arg>
		<arg name='syscalls'>1,1</arg>
		<arg name='calls'>0,0</arg>
	</msg>
	<msg id='32' display='false' source='tcet'>
		<type>HEARTBEAT</type>
		<severity>INFO</severity>
		<timestamp>Thu Apr 23 17:03:50 2020</timestamp>
		<arg name='tids'>4184,1192</arg>
		<arg name='syscalls'>1,1</arg>
		<arg name='calls'>0,0</arg>
	</msg>
	<msg id='33' display='false' source='tcet'>
		<type>HEARTBEAT</type>
		<severity>INFO</severity>
		<timestamp>Thu Apr 23 17:03:51 2020</timestamp>
		<arg name='tids'>4184,1192</arg>
		<arg name='syscalls'>1,1</arg>
		<arg name='calls'>0,0</arg>
	</msg>
	<msg id='34' display='false' source='tcet'>
		<type>HEARTBEAT</type>
		<severity>INFO</severity>
		<timestamp>Thu Apr 23 17:03:52 2020</timestamp>
		<arg name='tids'>4184,1192</arg>
		<arg name='syscalls'>1,1</arg>
		<arg name='calls'>0,0</arg>
	</msg>
	<msg id='35' display='false' source='tcet'>
		<type>HEARTBEAT</type>
		<severity>INFO</severity>
		<timestamp>Thu Apr 23 17:03:53 2020</timestamp>
		<arg name='tids'>4184,1192</arg>
		<arg name='syscalls'>1,1</arg>
		<arg name='calls'>0,0</arg>
	</msg>
	<msg id='36' display='false' source='tcet'>
		<type>HEARTBEAT</type>
		<severity>INFO</severity>
		<timestamp>Thu Apr 23 17:03:54 2020</timestamp>
		<arg name='tids'>4184,1192</arg>
		<arg name='syscalls'>1,1</arg>
		<arg name='calls'>0,0</arg>
	</msg>
	<msg id='37' display='false' source='tcet'>
		<type>HEARTBEAT</type>
		<severity>INFO</severity>
		<timestamp>Thu Apr 23 17:03:55 2020</timestamp>
		<arg name='tids'>4184,1192</arg>
		<arg name='syscalls'>1,1</arg>
		<arg name='calls'>0,0</arg>
	</msg>
	<msg id='38' display='false' source='tcet'>
		<type>HEARTBEAT</type>
		<severity>INFO</severity>
		<timestamp>Thu Apr 23 17:03:56 2020</timestamp>
		<arg name='tids'>4184,1192</arg>
		<arg name='syscalls'>1,1</arg>
		<arg name='calls'>0,0</arg>
	</msg>
	<msg id='39' display='false' source='tcet'>
		<type>HEARTBEAT</type>
		<severity>INFO</severity>
		<timestamp>Thu Apr 23 17:03:57 2020</timestamp>
		<arg name='tids'>4184,1192</arg>
		<arg name='syscalls'>1,1</arg>
		<arg name='calls'>0,0</arg>
	</msg>
	<msg id='40' display='false' source='tcet'>
		<type>HEARTBEAT</type>
		<severity>INFO</severity>
		<timestamp>Thu Apr 23 17:03:58 2020</timestamp>
		<arg name='tids'>4184,1192</arg>
		<arg name='syscalls'>1,1</arg>
		<arg name='calls'>0,0</arg>
	</msg>
	<msg id='41' display='false' source='tcet'>
		<type>HEARTBEAT</type>
		<severity>INFO</severity>
		<timestamp>Thu Apr 23 17:03:59 2020</timestamp>
		<arg name='tids'>4184,1192</arg>
		<arg name='syscalls'>1,1</arg>
		<arg name='calls'>0,0</arg>
	</msg>
	<msg id='42' display='false' source='tcet'>
		<type>HEARTBEAT</type>
		<severity>INFO</severity>
		<timestamp>Thu Apr 23 17:04:00 2020</timestamp>
		<arg name='tids'>4184,1192</arg>
		<arg name='syscalls'>1,1</arg>
		<arg name='calls'>0,0</arg>
	</msg>
	<msg id='43' display='false' source='tcet'>
		<type>HEARTBEAT</type>
		<severity>INFO</severity>
		<timestamp>Thu Apr 23 17:04:01 2020</timestamp>
		<arg name='tids'>4184,1192</arg>
		<arg name='syscalls'>1,1</arg>
		<arg name='calls'>0,0</arg>
	</msg>
	<msg id='44' display='false' source='tcet'>
		<type>HEARTBEAT</type>
		<severity>INFO</severity>
		<timestamp>Thu Apr 23 17:04:02 2020</timestamp>
		<arg name='tids'>4184,1192</arg>
		<arg name='syscalls'>1,1</arg>
		<arg name='calls'>0,0</arg>
	</msg>
	<msg id='45' display='false' source='tcet'>
		<type>HEARTBEAT</type>
		<severity>INFO</severity>
		<timestamp>Thu Apr 23 17:04:03 2020</timestamp>
		<arg name='tids'>4184,1192</arg>
		<arg name='syscalls'>1,1</arg>
		<arg name='calls'>0,0</arg>
	</msg>
	<msg id='46' display='false' source='tcet'>
		<type>HEARTBEAT</type>
		<severity>INFO</severity>
		<timestamp>Thu Apr 23 17:04:04 2020</timestamp>
		<arg name='tids'>4184,1192</arg>
		<arg name='syscalls'>1,1</arg>
		<arg name='calls'>0,0</arg>
	</msg>
	<msg id='47' display='false' source='tcet'>
		<type>HEARTBEAT</type>
		<severity>INFO</severity>
		<timestamp>Thu Apr 23 17:04:05 2020</timestamp>
		<arg name='tids'>4184,1192</arg>
		<arg name='syscalls'>1,1</arg>
		<arg name='calls'>0,0</arg>
	</msg>
	<msg id='48' display='false' source='tcet'>
		<type>HEARTBEAT</type>
		<severity>INFO</severity>
		<timestamp>Thu Apr 23 17:04:06 2020</timestamp>
		<arg name='tids'>4184,1192</arg>
		<arg name='syscalls'>1,1</arg>
		<arg name='calls'>0,0</arg>
	</msg>
	<msg id='49' display='false' source='tcet'>
		<type>HEARTBEAT</type>
		<severity>INFO</severity>
		<timestamp>Thu Apr 23 17:04:07 2020</timestamp>
		<arg name='tids'>4184,1192</arg>
		<arg name='syscalls'>1,1</arg>
		<arg name='calls'>0,0</arg>
	</msg>
	<msg id='50' display='false' source='tcet'>
		<type>HEARTBEAT</type>
		<severity>INFO</severity>
		<timestamp>Thu Apr 23 17:04:08 2020</timestamp>
		<arg name='tids'>4184,1192</arg>
		<arg name='syscalls'>1,1</arg>
		<arg name='calls'>0,0</arg>
	</msg>
	<msg id='51' display='false' source='tcet'>
		<type>HEARTBEAT</type>
		<severity>INFO</severity>
		<timestamp>Thu Apr 23 17:04:09 2020</timestamp>
		<arg name='tids'>4184,1192</arg>
		<arg name='syscalls'>1,1</arg>
		<arg name='calls'>0,0</arg>
	</msg>
	<msg id='52' display='false' source='tcet'>
		<type>HEARTBEAT</type>
		<severity>INFO</severity>
		<timestamp>Thu Apr 23 17:04:10 2020</timestamp>
		<arg name='tids'>4184,1192</arg>
		<arg name='syscalls'>1,1</arg>
		<arg name='calls'>0,0</arg>
	</msg>
	<msg id='53' display='false' source='tcet'>
		<type>HEARTBEAT</type>
		<severity>INFO</severity>
		<timestamp>Thu Apr 23 17:04:11 2020</timestamp>
		<arg name='tids'>4184,1192</arg>
		<arg name='syscalls'>1,1</arg>
		<arg name='calls'>0,0</arg>
	</msg>
	<msg id='54' display='false' source='tcet'>
		<type>HEARTBEAT</type>
		<severity>INFO</severity>
		<timestamp>Thu Apr 23 17:04:12 2020</timestamp>
		<arg name='tids'>4184,1192</arg>
		<arg name='syscalls'>1,1</arg>
		<arg name='calls'>0,0</arg>
	</msg>
	<msg id='55' display='false' source='tcet'>
		<type>HEARTBEAT</type>
		<severity>INFO</severity>
		<timestamp>Thu Apr 23 17:04:13 2020</timestamp>
		<arg name='tids'>4184,1192</arg>
		<arg name='syscalls'>1,1</arg>
		<arg name='calls'>0,0</arg>
	</msg>
	<msg id='56' display='false' source='tcet'>
		<type>HEARTBEAT</type>
		<severity>INFO</severity>
		<timestamp>Thu Apr 23 17:04:14 2020</timestamp>
		<arg name='tids'>4184,1192</arg>
		<arg name='syscalls'>1,1</arg>
		<arg name='calls'>0,0</arg>
	</msg>
	<msg id='57' display='false' source='tcet'>
		<type>HEARTBEAT</type>
		<severity>INFO</severity>
		<timestamp>Thu Apr 23 17:04:15 2020</timestamp>
		<arg name='tids'>4184,1192</arg>
		<arg name='syscalls'>1,1</arg>
		<arg name='calls'>0,0</arg>
	</msg>
	<msg id='58' display='false' source='tcet'>
		<type>HEARTBEAT</type>
		<severity>INFO</severity>
		<timestamp>Thu Apr 23 17:04:16 2020</timestamp>
		<arg name='tids'>4184,1192</arg>
		<arg name='syscalls'>1,1</arg>
		<arg name='calls'>0,0</arg>
	</msg>
	<msg id='59' display='false' source='tcet'>
		<type>HEARTBEAT</type>
		<severity>INFO</severity>
		<timestamp>Thu Apr 23 17:04:17 2020</timestamp>
		<arg name='tids'>4184,1192</arg>
		<arg name='syscalls'>1,1</arg>
		<arg name='calls'>0,0</arg>
	</msg>
	<msg id='60' display='false' source='tcet'>
		<type>HEARTBEAT</type>
		<severity>INFO</severity>
		<timestamp>Thu Apr 23 17:04:18 2020</timestamp>
		<arg name='tids'>4184,1192</arg>
		<arg name='syscalls'>1,1</arg>
		<arg name='calls'>0,0</arg>
	</msg>
	<msg id='61' display='false' source='tcet'>
		<type>HEARTBEAT</type>
		<severity>INFO</severity>
		<timestamp>Thu Apr 23 17:04:19 2020</timestamp>
		<arg name='tids'>4184,1192</arg>
		<arg name='syscalls'>1,1</arg>
		<arg name='calls'>0,0</arg>
	</msg>
	<msg id='62' display='false' source='tcet'>
		<type>HEARTBEAT</type>
		<severity>INFO</severity>
		<timestamp>Thu Apr 23 17:04:20 2020</timestamp>
		<arg name='tids'>4184,1192</arg>
		<arg name='syscalls'>1,1</arg>
		<arg name='calls'>0,0</arg>
	</msg>
	<msg id='63' display='false' source='tcet'>
		<type>HEARTBEAT</type>
		<severity>INFO</severity>
		<timestamp>Thu Apr 23 17:04:21 2020</timestamp>
		<arg name='tids'>4184,1192</arg>
		<arg name='syscalls'>1,1</arg>
		<arg name='calls'>0,0</arg>
	</msg>
	<msg id='64' display='false' source='tcet'>
		<type>HEARTBEAT</type>
		<severity>INFO</severity>
		<timestamp>Thu Apr 23 17:04:22 2020</timestamp>
		<arg name='tids'>4184,1192</arg>
		<arg name='syscalls'>1,1</arg>
		<arg name='calls'>0,0</arg>
	</msg>
	<msg id='65' display='false' source='tcet'>
		<type>HEARTBEAT</type>
		<severity>INFO</severity>
		<timestamp>Thu Apr 23 17:04:23 2020</timestamp>
		<arg name='tids'>4184,1192</arg>
		<arg name='syscalls'>1,1</arg>
		<arg name='calls'>0,0</arg>
	</msg>
	<msg id='66' display='false' source='tcet'>
		<type>HEARTBEAT</type>
		<severity>INFO</severity>
		<timestamp>Thu Apr 23 17:04:24 2020</timestamp>
		<arg name='tids'>1192</arg>
		<arg name='syscalls'>1</arg>
		<arg name='calls'>0</arg>
	</msg>
	<msg id='67' display='false' source='tcet'>
		<type>HEARTBEAT</type>
		<severity>INFO</severity>
		<timestamp>Thu Apr 23 17:04:25 2020</timestamp>
		<arg name='tids'>1192</arg>
		<arg name='syscalls'>1</arg>
		<arg name='calls'>0</arg>
	</msg>
	<msg id='68' display='false' source='tcet'>
		<type>HEARTBEAT</type>
		<severity>INFO</severity>
		<timestamp>Thu Apr 23 17:04:26 2020</timestamp>
		<arg name='tids'>1192</arg>
		<arg name='syscalls'>1</arg>
		<arg name='calls'>0</arg>
	</msg>
	<msg id='69' display='false' source='tcet'>
		<type>HEARTBEAT</type>
		<severity>INFO</severity>
		<timestamp>Thu Apr 23 17:04:27 2020</timestamp>
		<arg name='tids'>1192</arg>
		<arg name='syscalls'>1</arg>
		<arg name='calls'>0</arg>
	</msg>
	<msg id='70' display='false' source='tcet'>
		<type>HEARTBEAT</type>
		<severity>INFO</severity>
		<timestamp>Thu Apr 23 17:04:28 2020</timestamp>
		<arg name='tids'>1192</arg>
		<arg name='syscalls'>1</arg>
		<arg name='calls'>0</arg>
	</msg>
	<msg id='71' display='false' source='tcet'>
		<type>HEARTBEAT</type>
		<severity>INFO</severity>
		<timestamp>Thu Apr 23 17:04:29 2020</timestamp>
		<arg name='tids'>1192</arg>
		<arg name='syscalls'>1</arg>
		<arg name='calls'>0</arg>
	</msg>
	<msg id='72' display='false' source='tcet'>
		<type>HEARTBEAT</type>
		<severity>INFO</severity>
		<timestamp>Thu Apr 23 17:04:30 2020</timestamp>
		<arg name='tids'>1192</arg>
		<arg name='syscalls'>1</arg>
		<arg name='calls'>0</arg>
	</msg>
	<msg id='73' display='false' source='tcet'>
		<type>HEARTBEAT</type>
		<severity>INFO</severity>
		<timestamp>Thu Apr 23 17:04:31 2020</timestamp>
		<arg name='tids'>1192</arg>
		<arg name='syscalls'>1</arg>
		<arg name='calls'>0</arg>
	</msg>
	<msg id='74' display='false' source='tcet'>
		<type>HEARTBEAT</type>
		<severity>INFO</severity>
		<timestamp>Thu Apr 23 17:04:32 2020</timestamp>
		<arg name='tids'>1192</arg>
		<arg name='syscalls'>1</arg>
		<arg name='calls'>0</arg>
	</msg>
	<msg id='75' display='false' source='tcet'>
		<type>HEARTBEAT</type>
		<severity>INFO</severity>
		<timestamp>Thu Apr 23 17:04:33 2020</timestamp>
		<arg name='tids'>1192</arg>
		<arg name='syscalls'>1</arg>
		<arg name='calls'>0</arg>
	</msg>
	<msg id='76' display='false' source='tcet'>
		<type>HEARTBEAT</type>
		<severity>INFO</severity>
		<timestamp>Thu Apr 23 17:04:34 2020</timestamp>
		<arg name='tids'>1192</arg>
		<arg name='syscalls'>1</arg>
		<arg name='calls'>0</arg>
	</msg>
	<msg id='77' display='false' source='tcet'>
		<type>HEARTBEAT</type>
		<severity>INFO</severity>
		<timestamp>Thu Apr 23 17:04:35 2020</timestamp>
		<arg name='tids'>1192</arg>
		<arg name='syscalls'>1</arg>
		<arg name='calls'>0</arg>
	</msg>
	<msg id='78' display='false' source='tcet'>
		<type>HEARTBEAT</type>
		<severity>INFO</severity>
		<timestamp>Thu Apr 23 17:04:36 2020</timestamp>
		<arg name='tids'>1192</arg>
		<arg name='syscalls'>1</arg>
		<arg name='calls'>0</arg>
	</msg>
	<msg id='79' display='false' source='tcet'>
		<type>HEARTBEAT</type>
		<severity>INFO</severity>
		<timestamp>Thu Apr 23 17:04:37 2020</timestamp>
		<arg name='tids'>1192</arg>
		<arg name='syscalls'>1</arg>
		<arg name='calls'>0</arg>
	</msg>
	<msg id='80' display='false' source='tcet'>
		<type>HEARTBEAT</type>
		<severity>INFO</severity>
		<timestamp>Thu Apr 23 17:04:38 2020</timestamp>
		<arg name='tids'>1192</arg>
		<arg name='syscalls'>1</arg>
		<arg name='calls'>0</arg>
	</msg>
	<msg id='81' display='false' source='tcet'>
		<type>HEARTBEAT</type>
		<severity>INFO</severity>
		<timestamp>Thu Apr 23 17:04:39 2020</timestamp>
		<arg name='tids'>1192</arg>
		<arg name='syscalls'>1</arg>
		<arg name='calls'>0</arg>
	</msg>
	<msg id='82' display='false' source='tcet'>
		<type>HEARTBEAT</type>
		<severity>INFO</severity>
		<timestamp>Thu Apr 23 17:04:40 2020</timestamp>
		<arg name='tids'>1192</arg>
		<arg name='syscalls'>1</arg>
		<arg name='calls'>0</arg>
	</msg>
	<msg id='83' display='false' source='tcet'>
		<type>HEARTBEAT</type>
		<severity>INFO</severity>
		<timestamp>Thu Apr 23 17:04:41 2020</timestamp>
		<arg name='tids'>1192</arg>
		<arg name='syscalls'>1</arg>
		<arg name='calls'>0</arg>
	</msg>
	<msg id='84' display='false' source='tcet'>
		<type>HEARTBEAT</type>
		<severity>INFO</severity>
		<timestamp>Thu Apr 23 17:04:42 2020</timestamp>
		<arg name='tids'>1192</arg>
		<arg name='syscalls'>1</arg>
		<arg name='calls'>0</arg>
	</msg>
	<msg id='85' display='false' source='tcet'>
		<type>HEARTBEAT</type>
		<severity>INFO</severity>
		<timestamp>Thu Apr 23 17:04:43 2020</timestamp>
		<arg name='tids'>1192</arg>
		<arg name='syscalls'>1</arg>
		<arg name='calls'>0</arg>
	</msg>
	<msg id='86' display='false' source='tcet'>
		<type>HEARTBEAT</type>
		<severity>INFO</severity>
		<timestamp>Thu Apr 23 17:04:44 2020</timestamp>
		<arg name='tids'>1192</arg>
		<arg name='syscalls'>1</arg>
		<arg name='calls'>0</arg>
	</msg>
	<msg id='87' display='false' source='tcet'>
		<type>HEARTBEAT</type>
		<severity>INFO</severity>
		<timestamp>Thu Apr 23 17:04:45 2020</timestamp>
		<arg name='tids'>1192</arg>
		<arg name='syscalls'>1</arg>
		<arg name='calls'>0</arg>
	</msg>
	<msg id='88' display='false' source='tcet'>
		<type>HEARTBEAT</type>
		<severity>INFO</severity>
		<timestamp>Thu Apr 23 17:04:46 2020</timestamp>
		<arg name='tids'>1192</arg>
		<arg name='syscalls'>1</arg>
		<arg name='calls'>0</arg>
	</msg>
	<msg id='89' display='false' source='tcet'>
		<type>HEARTBEAT</type>
		<severity>INFO</severity>
		<timestamp>Thu Apr 23 17:04:47 2020</timestamp>
		<arg name='tids'>1192</arg>
		<arg name='syscalls'>1</arg>
		<arg name='calls'>0</arg>
	</msg>
	<msg id='90' display='false' source='tcet'>
		<type>HEARTBEAT</type>
		<severity>INFO</severity>
		<timestamp>Thu Apr 23 17:04:48 2020</timestamp>
		<arg name='tids'>1192</arg>
		<arg name='syscalls'>1</arg>
		<arg name='calls'>0</arg>
	</msg>
	<msg id='91' display='false' source='tcet'>
		<type>HEARTBEAT</type>
		<severity>INFO</severity>
		<timestamp>Thu Apr 23 17:04:49 2020</timestamp>
		<arg name='tids'>1192</arg>
		<arg name='syscalls'>1</arg>
		<arg name='calls'>0</arg>
	</msg>
	<msg id='92' display='false' source='tcet'>
		<type>HEARTBEAT</type>
		<severity>INFO</severity>
		<timestamp>Thu Apr 23 17:04:50 2020</timestamp>
		<arg name='tids'>1192</arg>
		<arg name='syscalls'>1</arg>
		<arg name='calls'>10</arg>
	</msg>
	<msg id='93' display='false' source='tcet'>
		<type>HEARTBEAT</type>
		<severity>INFO</severity>
		<timestamp>Thu Apr 23 17:04:51 2020</timestamp>
		<arg name='tids'>1192</arg>
		<arg name='syscalls'>1</arg>
		<arg name='calls'>0</arg>
	</msg>
	<msg id='94' display='false' source='tcet'>
		<type>HEARTBEAT</type>
		<severity>INFO</severity>
		<timestamp>Thu Apr 23 17:04:52 2020</timestamp>
		<arg name='tids'>1192</arg>
		<arg name='syscalls'>1</arg>
		<arg name='calls'>0</arg>
	</msg>
	<msg id='95' display='false' source='tcet'>
		<type>HEARTBEAT</type>
		<severity>INFO</severity>
		<timestamp>Thu Apr 23 17:04:53 2020</timestamp>
		<arg name='tids'>1192</arg>
		<arg name='syscalls'>1</arg>
		<arg name='calls'>0</arg>
	</msg>
	<msg id='96' display='false' source='tcet'>
		<type>HEARTBEAT</type>
		<severity>INFO</severity>
		<timestamp>Thu Apr 23 17:04:54 2020</timestamp>
		<arg name='tids'>1192</arg>
		<arg name='syscalls'>1</arg>
		<arg name='calls'>0</arg>
	</msg>
	<msg id='97' display='false' source='tcet'>
		<type>HEARTBEAT</type>
		<severity>INFO</severity>
		<timestamp>Thu Apr 23 17:04:55 2020</timestamp>
		<arg name='tids'>1192</arg>
		<arg name='syscalls'>1</arg>
		<arg name='calls'>0</arg>
	</msg>
	<msg id='98' display='false' source='tcet'>
		<type>HEARTBEAT</type>
		<severity>INFO</severity>
		<timestamp>Thu Apr 23 17:04:56 2020</timestamp>
		<arg name='tids'>1192</arg>
		<arg name='syscalls'>1</arg>
		<arg name='calls'>0</arg>
	</msg>
	<msg id='99' display='false' source='tcet'>
		<type>HEARTBEAT</type>
		<severity>INFO</severity>
		<timestamp>Thu Apr 23 17:04:57 2020</timestamp>
		<arg name='tids'>1192</arg>
		<arg name='syscalls'>1</arg>
		<arg name='calls'>0</arg>
	</msg>
	<msg id='100' display='false' source='tcet'>
		<type>HEARTBEAT</type>
		<severity>INFO</severity>
		<timestamp>Thu Apr 23 17:04:58 2020</timestamp>
		<arg name='tids'>1192</arg>
		<arg name='syscalls'>1</arg>
		<arg name='calls'>0</arg>
	</msg>
	<msg id='101' display='false' source='tcet'>
		<type>HEARTBEAT</type>
		<severity>INFO</severity>
		<timestamp>Thu Apr 23 17:04:59 2020</timestamp>
		<arg name='tids'>1192</arg>
		<arg name='syscalls'>1</arg>
		<arg name='calls'>0</arg>
	</msg>
	<msg id='102' display='false' source='tcet'>
		<type>HEARTBEAT</type>
		<severity>INFO</severity>
		<timestamp>Thu Apr 23 17:05:00 2020</timestamp>
		<arg name='tids'>1192</arg>
		<arg name='syscalls'>1</arg>
		<arg name='calls'>0</arg>
	</msg>
	<msg id='103' display='false' source='tcet'>
		<type>HEARTBEAT</type>
		<severity>INFO</severity>
		<timestamp>Thu Apr 23 17:05:01 2020</timestamp>
		<arg name='tids'>1192</arg>
		<arg name='syscalls'>1</arg>
		<arg name='calls'>0</arg>
	</msg>
	<msg id='104' display='false' source='tcet'>
		<type>HEARTBEAT</type>
		<severity>INFO</severity>
		<timestamp>Thu Apr 23 17:05:02 2020</timestamp>
		<arg name='tids'>1192</arg>
		<arg name='syscalls'>1</arg>
		<arg name='calls'>0</arg>
	</msg>
	<msg id='105' display='false' source='tcet'>
		<type>HEARTBEAT</type>
		<severity>INFO</severity>
		<timestamp>Thu Apr 23 17:05:03 2020</timestamp>
		<arg name='tids'>1192</arg>
		<arg name='syscalls'>1</arg>
		<arg name='calls'>0</arg>
	</msg>
	<msg id='106' display='false' source='tcet'>
		<type>HEARTBEAT</type>
		<severity>INFO</severity>
		<timestamp>Thu Apr 23 17:05:04 2020</timestamp>
		<arg name='tids'>1192</arg>
		<arg name='syscalls'>1</arg>
		<arg name='calls'>0</arg>
	</msg>
	<msg id='107' display='false' source='tcet'>
		<type>HEARTBEAT</type>
		<severity>INFO</severity>
		<timestamp>Thu Apr 23 17:05:05 2020</timestamp>
		<arg name='tids'>1192</arg>
		<arg name='syscalls'>1</arg>
		<arg name='calls'>0</arg>
	</msg>
	<msg id='108' display='false' source='tcet'>
		<type>HEARTBEAT</type>
		<severity>INFO</severity>
		<timestamp>Thu Apr 23 17:05:06 2020</timestamp>
		<arg name='tids'>1192</arg>
		<arg name='syscalls'>1</arg>
		<arg name='calls'>0</arg>
	</msg>
	<msg id='109' display='false' source='tcet'>
		<type>HEARTBEAT</type>
		<severity>INFO</severity>
		<timestamp>Thu Apr 23 17:05:07 2020</timestamp>
		<arg name='tids'>1192</arg>
		<arg name='syscalls'>1</arg>
		<arg name='calls'>0</arg>
	</msg>
	<msg id='110' display='false' source='tcet'>
		<type>HEARTBEAT</type>
		<severity>INFO</severity>
		<timestamp>Thu Apr 23 17:05:08 2020</timestamp>
		<arg name='tids'>1192</arg>
		<arg name='syscalls'>1</arg>
		<arg name='calls'>0</arg>
	</msg>
	<msg id='111' display='false' source='tcet'>
		<type>HEARTBEAT</type>
		<severity>INFO</severity>
		<timestamp>Thu Apr 23 17:05:09 2020</timestamp>
		<arg name='tids'>1192</arg>
		<arg name='syscalls'>1</arg>
		<arg name='calls'>0</arg>
	</msg>
	<msg id='112' display='false' source='tcet'>
		<type>HEARTBEAT</type>
		<severity>INFO</severity>
		<timestamp>Thu Apr 23 17:05:10 2020</timestamp>
		<arg name='tids'>1192</arg>
		<arg name='syscalls'>1</arg>
		<arg name='calls'>0</arg>
	</msg>
	<msg id='113' display='false' source='tcet'>
		<type>HEARTBEAT</type>
		<severity>INFO</severity>
		<timestamp>Thu Apr 23 17:05:11 2020</timestamp>
		<arg name='tids'>1192</arg>
		<arg name='syscalls'>1</arg>
		<arg name='calls'>0</arg>
	</msg>
	<msg id='114' display='false' source='tcet'>
		<type>HEARTBEAT</type>
		<severity>INFO</severity>
		<timestamp>Thu Apr 23 17:05:12 2020</timestamp>
		<arg name='tids'>1192</arg>
		<arg name='syscalls'>1</arg>
		<arg name='calls'>0</arg>
	</msg>
	<msg id='115' display='false' source='tcet'>
		<type>HEARTBEAT</type>
		<severity>INFO</severity>
		<timestamp>Thu Apr 23 17:05:13 2020</timestamp>
		<arg name='tids'>1192</arg>
		<arg name='syscalls'>1</arg>
		<arg name='calls'>0</arg>
	</msg>
	<msg id='116' display='false' source='tcet'>
		<type>HEARTBEAT</type>
		<severity>INFO</severity>
		<timestamp>Thu Apr 23 17:05:14 2020</timestamp>
		<arg name='tids'>1192</arg>
		<arg name='syscalls'>1</arg>
		<arg name='calls'>0</arg>
	</msg>
	<msg id='117' display='false' source='tcet'>
		<type>HEARTBEAT</type>
		<severity>INFO</severity>
		<timestamp>Thu Apr 23 17:05:15 2020</timestamp>
		<arg name='tids'>1192</arg>
		<arg name='syscalls'>1</arg>
		<arg name='calls'>0</arg>
	</msg>
	<msg id='118' display='false' source='tcet'>
		<type>HEARTBEAT</type>
		<severity>INFO</severity>
		<timestamp>Thu Apr 23 17:05:16 2020</timestamp>
		<arg name='tids'>1192</arg>
		<arg name='syscalls'>1</arg>
		<arg name='calls'>0</arg>
	</msg>
	<msg id='119' display='false' source='tcet'>
		<type>HEARTBEAT</type>
		<severity>INFO</severity>
		<timestamp>Thu Apr 23 17:05:17 2020</timestamp>
		<arg name='tids'>1192</arg>
		<arg name='syscalls'>1</arg>
		<arg name='calls'>0</arg>
	</msg>
	<msg id='120' display='false' source='tcet'>
		<type>HEARTBEAT</type>
		<severity>INFO</severity>
		<timestamp>Thu Apr 23 17:05:18 2020</timestamp>
		<arg name='tids'>1192</arg>
		<arg name='syscalls'>1</arg>
		<arg name='calls'>0</arg>
	</msg>
	<msg id='121' display='false' source='tcet'>
		<type>HEARTBEAT</type>
		<severity>INFO</severity>
		<timestamp>Thu Apr 23 17:05:19 2020</timestamp>
		<arg name='tids'>1192</arg>
		<arg name='syscalls'>1</arg>
		<arg name='calls'>0</arg>
	</msg>
	<msg id='122' display='false' source='tcet'>
		<type>HEARTBEAT</type>
		<severity>INFO</severity>
		<timestamp>Thu Apr 23 17:05:20 2020</timestamp>
		<arg name='tids'>1192</arg>
		<arg name='syscalls'>1</arg>
		<arg name='calls'>0</arg>
	</msg>
	<msg id='123' display='false' source='tcet'>
		<type>HEARTBEAT</type>
		<severity>INFO</severity>
		<timestamp>Thu Apr 23 17:05:21 2020</timestamp>
		<arg name='tids'>1192</arg>
		<arg name='syscalls'>1</arg>
		<arg name='calls'>0</arg>
	</msg>
	<msg id='124' display='false' source='tcet'>
		<type>HEARTBEAT</type>
		<severity>INFO</severity>
		<timestamp>Thu Apr 23 17:05:22 2020</timestamp>
		<arg name='tids'>1192</arg>
		<arg name='syscalls'>1</arg>
		<arg name='calls'>0</arg>
	</msg>
	<msg id='125' display='false' source='tcet'>
		<type>HEARTBEAT</type>
		<severity>INFO</severity>
		<timestamp>Thu Apr 23 17:05:23 2020</timestamp>
		<arg name='tids'>1192</arg>
		<arg name='syscalls'>1</arg>
		<arg name='calls'>0</arg>
	</msg>
	<msg id='126' display='false' source='tcet'>
		<type>HEARTBEAT</type>
		<severity>INFO</severity>
		<timestamp>Thu Apr 23 17:05:24 2020</timestamp>
		<arg name='tids'>1192</arg>
		<arg name='syscalls'>1</arg>
		<arg name='calls'>0</arg>
	</msg>
	<msg id='127' display='false' source='tcet'>
		<type>HEARTBEAT</type>
		<severity>INFO</severity>
		<timestamp>Thu Apr 23 17:05:25 2020</timestamp>
		<arg name='tids'>1192</arg>
		<arg name='syscalls'>1</arg>
		<arg name='calls'>0</arg>
	</msg>
	<msg id='128' display='false' source='tcet'>
		<type>HEARTBEAT</type>
		<severity>INFO</severity>
		<timestamp>Thu Apr 23 17:05:26 2020</timestamp>
		<arg name='tids'>1192</arg>
		<arg name='syscalls'>1</arg>
		<arg name='calls'>0</arg>
	</msg>
	<msg id='129' display='false' source='tcet'>
		<type>HEARTBEAT</type>
		<severity>INFO</severity>
		<timestamp>Thu Apr 23 17:05:27 2020</timestamp>
		<arg name='tids'>1192</arg>
		<arg name='syscalls'>1</arg>
		<arg name='calls'>0</arg>
	</msg>
	<msg id='130' display='false' source='tcet'>
		<type>HEARTBEAT</type>
		<severity>INFO</severity>
		<timestamp>Thu Apr 23 17:05:28 2020</timestamp>
		<arg name='tids'>1192</arg>
		<arg name='syscalls'>1</arg>
		<arg name='calls'>0</arg>
	</msg>
	<msg id='131' display='false' source='tcet'>
		<type>HEARTBEAT</type>
		<severity>INFO</severity>
		<timestamp>Thu Apr 23 17:05:29 2020</timestamp>
		<arg name='tids'>1192</arg>
		<arg name='syscalls'>1</arg>
		<arg name='calls'>0</arg>
	</msg>
	<msg id='132' display='false' source='tcet'>
		<type>HEARTBEAT</type>
		<severity>INFO</severity>
		<timestamp>Thu Apr 23 17:05:30 2020</timestamp>
		<arg name='tids'>1192</arg>
		<arg name='syscalls'>1</arg>
		<arg name='calls'>0</arg>
	</msg>
	<msg id='133' display='false' source='tcet'>
		<type>HEARTBEAT</type>
		<severity>INFO</severity>
		<timestamp>Thu Apr 23 17:05:31 2020</timestamp>
		<arg name='tids'>1192</arg>
		<arg name='syscalls'>1</arg>
		<arg name='calls'>0</arg>
	</msg>
	<msg id='134' display='false' source='tcet'>
		<type>HEARTBEAT</type>
		<severity>INFO</severity>
		<timestamp>Thu Apr 23 17:05:32 2020</timestamp>
		<arg name='tids'>1192</arg>
		<arg name='syscalls'>1</arg>
		<arg name='calls'>0</arg>
	</msg>
	<msg id='135' display='false' source='tcet'>
		<type>HEARTBEAT</type>
		<severity>INFO</severity>
		<timestamp>Thu Apr 23 17:05:33 2020</timestamp>
		<arg name='tids'>1192</arg>
		<arg name='syscalls'>1</arg>
		<arg name='calls'>0</arg>
	</msg>
	<msg id='136' display='false' source='tcet'>
		<type>HEARTBEAT</type>
		<severity>INFO</severity>
		<timestamp>Thu Apr 23 17:05:34 2020</timestamp>
		<arg name='tids'>1192</arg>
		<arg name='syscalls'>1</arg>
		<arg name='calls'>0</arg>
	</msg>
	<msg id='137' display='false' source='tcet'>
		<type>HEARTBEAT</type>
		<severity>INFO</severity>
		<timestamp>Thu Apr 23 17:05:35 2020</timestamp>
		<arg name='tids'>1192</arg>
		<arg name='syscalls'>1</arg>
		<arg name='calls'>0</arg>
	</msg>
	<msg id='138' display='false' source='tcet'>
		<type>HEARTBEAT</type>
		<severity>INFO</severity>
		<timestamp>Thu Apr 23 17:05:36 2020</timestamp>
		<arg name='tids'>1192</arg>
		<arg name='syscalls'>1</arg>
		<arg name='calls'>0</arg>
	</msg>
	<msg id='139' display='false' source='tcet'>
		<type>HEARTBEAT</type>
		<severity>INFO</severity>
		<timestamp>Thu Apr 23 17:05:37 2020</timestamp>
		<arg name='tids'>1192</arg>
		<arg name='syscalls'>1</arg>
		<arg name='calls'>0</arg>
	</msg>
	<msg id='140' display='false' source='tcet'>
		<type>HEARTBEAT</type>
		<severity>INFO</severity>
		<timestamp>Thu Apr 23 17:05:38 2020</timestamp>
		<arg name='tids'>1192</arg>
		<arg name='syscalls'>1</arg>
		<arg name='calls'>0</arg>
	</msg>
	<msg id='141' display='false' source='tcet'>
		<type>HEARTBEAT</type>
		<severity>INFO</severity>
		<timestamp>Thu Apr 23 17:05:39 2020</timestamp>
		<arg name='tids'>1192</arg>
		<arg name='syscalls'>1</arg>
		<arg name='calls'>0</arg>
	</msg>
	<msg id='142' display='false' source='tcet'>
		<type>HEARTBEAT</type>
		<severity>INFO</severity>
		<timestamp>Thu Apr 23 17:05:40 2020</timestamp>
		<arg name='tids'>1192</arg>
		<arg name='syscalls'>1</arg>
		<arg name='calls'>0</arg>
	</msg>
	<msg id='143' display='false' source='tcet'>
		<type>HEARTBEAT</type>
		<severity>INFO</severity>
		<timestamp>Thu Apr 23 17:05:41 2020</timestamp>
		<arg name='tids'>1192</arg>
		<arg name='syscalls'>1</arg>
		<arg name='calls'>0</arg>
	</msg>
	<msg id='144' display='false' source='tcet'>
		<type>HEARTBEAT</type>
		<severity>INFO</severity>
		<timestamp>Thu Apr 23 17:05:42 2020</timestamp>
		<arg name='tids'>1192</arg>
		<arg name='syscalls'>1</arg>
		<arg name='calls'>0</arg>
	</msg>
	<msg id='145' display='false' source='tcet'>
		<type>HEARTBEAT</type>
		<severity>INFO</severity>
		<timestamp>Thu Apr 23 17:05:43 2020</timestamp>
		<arg name='tids'>1192</arg>
		<arg name='syscalls'>1</arg>
		<arg name='calls'>0</arg>
	</msg>
	<msg id='146' display='false' source='tcet'>
		<type>HEARTBEAT</type>
		<severity>INFO</severity>
		<timestamp>Thu Apr 23 17:05:44 2020</timestamp>
		<arg name='tids'>1192</arg>
		<arg name='syscalls'>1</arg>
		<arg name='calls'>0</arg>
	</msg>
	<msg id='147' display='false' source='tcet'>
		<type>HEARTBEAT</type>
		<severity>INFO</severity>
		<timestamp>Thu Apr 23 17:05:45 2020</timestamp>
		<arg name='tids'>1192</arg>
		<arg name='syscalls'>1</arg>
		<arg name='calls'>0</arg>
	</msg>
	<msg id='148' display='false' source='tcet'>
		<type>HEARTBEAT</type>
		<severity>INFO</severity>
		<timestamp>Thu Apr 23 17:05:46 2020</timestamp>
		<arg name='tids'>1192</arg>
		<arg name='syscalls'>1</arg>
		<arg name='calls'>0</arg>
	</msg>
	<msg id='149' display='false' source='tcet'>
		<type>HEARTBEAT</type>
		<severity>INFO</severity>
		<timestamp>Thu Apr 23 17:05:47 2020</timestamp>
		<arg name='tids'>1192</arg>
		<arg name='syscalls'>1</arg>
		<arg name='calls'>0</arg>
	</msg>
	<msg id='150' display='false' source='tcet'>
		<type>HEARTBEAT</type>
		<severity>INFO</severity>
		<timestamp>Thu Apr 23 17:05:48 2020</timestamp>
		<arg name='tids'>1192</arg>
		<arg name='syscalls'>1</arg>
		<arg name='calls'>0</arg>
	</msg>
	<msg id='151' display='false' source='tcet'>
		<type>HEARTBEAT</type>
		<severity>INFO</severity>
		<timestamp>Thu Apr 23 17:05:49 2020</timestamp>
		<arg name='tids'>1192</arg>
		<arg name='syscalls'>1</arg>
		<arg name='calls'>0</arg>
	</msg>
	<msg id='152' display='false' source='tcet'>
		<type>HEARTBEAT</type>
		<severity>INFO</severity>
		<timestamp>Thu Apr 23 17:05:50 2020</timestamp>
		<arg name='tids'>1192</arg>
		<arg name='syscalls'>1</arg>
		<arg name='calls'>0</arg>
	</msg>
	<msg id='153' display='false' source='tcet'>
		<type>HEARTBEAT</type>
		<severity>INFO</severity>
		<timestamp>Thu Apr 23 17:05:51 2020</timestamp>
		<arg name='tids'>1192</arg>
		<arg name='syscalls'>1</arg>
		<arg name='calls'>0</arg>
	</msg>
	<msg id='154' display='false' source='tcet'>
		<type>HEARTBEAT</type>
		<severity>INFO</severity>
		<timestamp>Thu Apr 23 17:05:52 2020</timestamp>
		<arg name='tids'>1192</arg>
		<arg name='syscalls'>1</arg>
		<arg name='calls'>0</arg>
	</msg>
	<msg id='155' display='false' source='tcet'>
		<type>HEARTBEAT</type>
		<severity>INFO</severity>
		<timestamp>Thu Apr 23 17:05:53 2020</timestamp>
		<arg name='tids'>1192</arg>
		<arg name='syscalls'>1</arg>
		<arg name='calls'>0</arg>
	</msg>
	<msg id='156' display='false' source='tcet'>
		<type>HEARTBEAT</type>
		<severity>INFO</severity>
		<timestamp>Thu Apr 23 17:05:54 2020</timestamp>
		<arg name='tids'>1192</arg>
		<arg name='syscalls'>1</arg>
		<arg name='calls'>0</arg>
	</msg>
	<msg id='157' display='false' source='tcet'>
		<type>HEARTBEAT</type>
		<severity>INFO</severity>
		<timestamp>Thu Apr 23 17:05:55 2020</timestamp>
		<arg name='tids'>1192</arg>
		<arg name='syscalls'>1</arg>
		<arg name='calls'>0</arg>
	</msg>
	<msg id='158' display='false' source='tcet'>
		<type>HEARTBEAT</type>
		<severity>INFO</severity>
		<timestamp>Thu Apr 23 17:05:56 2020</timestamp>
		<arg name='tids'>1192</arg>
		<arg name='syscalls'>1</arg>
		<arg name='calls'>0</arg>
	</msg>
	<msg id='159' display='false' source='tcet'>
		<type>HEARTBEAT</type>
		<severity>INFO</severity>
		<timestamp>Thu Apr 23 17:05:57 2020</timestamp>
		<arg name='tids'>1192</arg>
		<arg name='syscalls'>1</arg>
		<arg name='calls'>0</arg>
	</msg>
	<msg id='160' display='false' source='tcet'>
		<type>HEARTBEAT</type>
		<severity>INFO</severity>
		<timestamp>Thu Apr 23 17:05:58 2020</timestamp>
		<arg name='tids'>1192</arg>
		<arg name='syscalls'>1</arg>
		<arg name='calls'>0</arg>
	</msg>
	<msg id='161' display='false' source='tcet'>
		<type>HEARTBEAT</type>
		<severity>INFO</severity>
		<timestamp>Thu Apr 23 17:05:59 2020</timestamp>
		<arg name='tids'>1192</arg>
		<arg name='syscalls'>1</arg>
		<arg name='calls'>0</arg>
	</msg>
	<msg id='162' display='false' source='tcet'>
		<type>HEARTBEAT</type>
		<severity>INFO</severity>
		<timestamp>Thu Apr 23 17:06:00 2020</timestamp>
		<arg name='tids'>1192</arg>
		<arg name='syscalls'>1</arg>
		<arg name='calls'>0</arg>
	</msg>
	<msg id='163' display='false' source='tcet'>
		<type>HEARTBEAT</type>
		<severity>INFO</severity>
		<timestamp>Thu Apr 23 17:06:01 2020</timestamp>
		<arg name='tids'>1192</arg>
		<arg name='syscalls'>1</arg>
		<arg name='calls'>0</arg>
	</msg>
	<msg id='164' display='false' source='tcet'>
		<type>HEARTBEAT</type>
		<severity>INFO</severity>
		<timestamp>Thu Apr 23 17:06:02 2020</timestamp>
		<arg name='tids'>1192</arg>
		<arg name='syscalls'>1</arg>
		<arg name='calls'>0</arg>
	</msg>
	<msg id='165' display='false' source='tcet'>
		<type>HEARTBEAT</type>
		<severity>INFO</severity>
		<timestamp>Thu Apr 23 17:06:03 2020</timestamp>
		<arg name='tids'>1192</arg>
		<arg name='syscalls'>1</arg>
		<arg name='calls'>0</arg>
	</msg>
	<msg id='166' display='false' source='tcet'>
		<type>HEARTBEAT</type>
		<severity>INFO</severity>
		<timestamp>Thu Apr 23 17:06:04 2020</timestamp>
		<arg name='tids'>1192</arg>
		<arg name='syscalls'>1</arg>
		<arg name='calls'>0</arg>
	</msg>
	<msg id='167' display='false' source='tcet'>
		<type>HEARTBEAT</type>
		<severity>INFO</severity>
		<timestamp>Thu Apr 23 17:06:05 2020</timestamp>
		<arg name='tids'>1192</arg>
		<arg name='syscalls'>1</arg>
		<arg name='calls'>0</arg>
	</msg>
	<msg id='168' display='false' source='tcet'>
		<type>HEARTBEAT</type>
		<severity>INFO</severity>
		<timestamp>Thu Apr 23 17:06:06 2020</timestamp>
		<arg name='tids'>1192</arg>
		<arg name='syscalls'>1</arg>
		<arg name='calls'>0</arg>
	</msg>
	<msg id='169' display='false' source='tcet'>
		<type>HEARTBEAT</type>
		<severity>INFO</severity>
		<timestamp>Thu Apr 23 17:06:07 2020</timestamp>
		<arg name='tids'>1192</arg>
		<arg name='syscalls'>1</arg>
		<arg name='calls'>0</arg>
	</msg>
	<msg id='170' display='false' source='tcet'>
		<type>HEARTBEAT</type>
		<severity>INFO</severity>
		<timestamp>Thu Apr 23 17:06:08 2020</timestamp>
		<arg name='tids'>1192</arg>
		<arg name='syscalls'>1</arg>
		<arg name='calls'>0</arg>
	</msg>
	<msg id='171' display='false' source='tcet'>
		<type>HEARTBEAT</type>
		<severity>INFO</severity>
		<timestamp>Thu Apr 23 17:06:09 2020</timestamp>
		<arg name='tids'>1192</arg>
		<arg name='syscalls'>1</arg>
		<arg name='calls'>0</arg>
	</msg>
	<msg id='172' display='false' source='tcet'>
		<type>HEARTBEAT</type>
		<severity>INFO</severity>
		<timestamp>Thu Apr 23 17:06:10 2020</timestamp>
		<arg name='tids'>1192</arg>
		<arg name='syscalls'>1</arg>
		<arg name='calls'>0</arg>
	</msg>
	<msg id='173' display='false' source='tcet'>
		<type>HEARTBEAT</type>
		<severity>INFO</severity>
		<timestamp>Thu Apr 23 17:06:11 2020</timestamp>
		<arg name='tids'>1192</arg>
		<arg name='syscalls'>1</arg>
		<arg name='calls'>0</arg>
	</msg>
	<msg id='174' display='false' source='tcet'>
		<type>HEARTBEAT</type>
		<severity>INFO</severity>
		<timestamp>Thu Apr 23 17:06:12 2020</timestamp>
		<arg name='tids'>1192</arg>
		<arg name='syscalls'>1</arg>
		<arg name='calls'>0</arg>
	</msg>
	<msg id='175' display='false' source='tcet'>
		<type>HEARTBEAT</type>
		<severity>INFO</severity>
		<timestamp>Thu Apr 23 17:06:13 2020</timestamp>
		<arg name='tids'>1192</arg>
		<arg name='syscalls'>1</arg>
		<arg name='calls'>0</arg>
	</msg>
	<msg id='176' display='false' source='tcet'>
		<type>HEARTBEAT</type>
		<severity>INFO</severity>
		<timestamp>Thu Apr 23 17:06:14 2020</timestamp>
		<arg name='tids'>1192</arg>
		<arg name='syscalls'>1</arg>
		<arg name='calls'>0</arg>
	</msg>
	<msg id='177' display='false' source='tcet'>
		<type>HEARTBEAT</type>
		<severity>INFO</severity>
		<timestamp>Thu Apr 23 17:06:15 2020</timestamp>
		<arg name='tids'>1192</arg>
		<arg name='syscalls'>1</arg>
		<arg name='calls'>0</arg>
	</msg>
	<msg id='178' display='false' source='tcet'>
		<type>HEARTBEAT</type>
		<severity>INFO</severity>
		<timestamp>Thu Apr 23 17:06:16 2020</timestamp>
		<arg name='tids'>1192</arg>
		<arg name='syscalls'>1</arg>
		<arg name='calls'>0</arg>
	</msg>
	<msg id='179' display='false' source='tcet'>
		<type>HEARTBEAT</type>
		<severity>INFO</severity>
		<timestamp>Thu Apr 23 17:06:17 2020</timestamp>
		<arg name='tids'>1192</arg>
		<arg name='syscalls'>1</arg>
		<arg name='calls'>0</arg>
	</msg>
	<msg id='180' display='false' source='tcet'>
		<type>HEARTBEAT</type>
		<severity>INFO</severity>
		<timestamp>Thu Apr 23 17:06:18 2020</timestamp>
		<arg name='tids'>1192</arg>
		<arg name='syscalls'>1</arg>
		<arg name='calls'>0</arg>
	</msg>
	<msg id='181' display='false' source='tcet'>
		<type>HEARTBEAT</type>
		<severity>INFO</severity>
		<timestamp>Thu Apr 23 17:06:19 2020</timestamp>
		<arg name='tids'>1192</arg>
		<arg name='syscalls'>1</arg>
		<arg name='calls'>0</arg>
	</msg>
	<msg id='182' display='false' source='tcet'>
		<type>HEARTBEAT</type>
		<severity>INFO</severity>
		<timestamp>Thu Apr 23 17:06:20 2020</timestamp>
		<arg name='tids'>1192</arg>
		<arg name='syscalls'>1</arg>
		<arg name='calls'>0</arg>
	</msg>
	<msg id='183' display='false' source='tcet'>
		<type>HEARTBEAT</type>
		<severity>INFO</severity>
		<timestamp>Thu Apr 23 17:06:21 2020</timestamp>
		<arg name='tids'>1192</arg>
		<arg name='syscalls'>1</arg>
		<arg name='calls'>0</arg>
	</msg>
	<msg id='184' display='false' source='tcet'>
		<type>HEARTBEAT</type>
		<severity>INFO</severity>
		<timestamp>Thu Apr 23 17:06:22 2020</timestamp>
		<arg name='tids'>1192</arg>
		<arg name='syscalls'>1</arg>
		<arg name='calls'>0</arg>
	</msg>
	<msg id='185' display='false' source='tcet'>
		<type>HEARTBEAT</type>
		<severity>INFO</severity>
		<timestamp>Thu Apr 23 17:06:23 2020</timestamp>
		<arg name='tids'>1192</arg>
		<arg name='syscalls'>1</arg>
		<arg name='calls'>0</arg>
	</msg>
	<msg id='186' display='false' source='tcet'>
		<type>HEARTBEAT</type>
		<severity>INFO</severity>
		<timestamp>Thu Apr 23 17:06:24 2020</timestamp>
		<arg name='tids'>1192</arg>
		<arg name='syscalls'>1</arg>
		<arg name='calls'>0</arg>
	</msg>
	<msg id='187' display='false' source='tcet'>
		<type>HEARTBEAT</type>
		<severity>INFO</severity>
		<timestamp>Thu Apr 23 17:06:25 2020</timestamp>
		<arg name='tids'>1192</arg>
		<arg name='syscalls'>1</arg>
		<arg name='calls'>0</arg>
	</msg>
	<msg id='188' display='false' source='tcet'>
		<type>HEARTBEAT</type>
		<severity>INFO</severity>
		<timestamp>Thu Apr 23 17:06:26 2020</timestamp>
		<arg name='tids'>1192</arg>
		<arg name='syscalls'>1</arg>
		<arg name='calls'>0</arg>
	</msg>
	<msg id='189' display='false' source='tcet'>
		<type>HEARTBEAT</type>
		<severity>INFO</severity>
		<timestamp>Thu Apr 23 17:06:27 2020</timestamp>
		<arg name='tids'>1192</arg>
		<arg name='syscalls'>1</arg>
		<arg name='calls'>0</arg>
	</msg>
	<msg id='190' display='false' source='tcet'>
		<type>HEARTBEAT</type>
		<severity>INFO</severity>
		<timestamp>Thu Apr 23 17:06:28 2020</timestamp>
		<arg name='tids'>1192</arg>
		<arg name='syscalls'>1</arg>
		<arg name='calls'>0</arg>
	</msg>
	<msg id='191' display='false' source='tcet'>
		<type>HEARTBEAT</type>
		<severity>INFO</severity>
		<timestamp>Thu Apr 23 17:06:29 2020</timestamp>
		<arg name='tids'>1192</arg>
		<arg name='syscalls'>1</arg>
		<arg name='calls'>0</arg>
	</msg>
	<msg id='192' display='false' source='tcet'>
		<type>HEARTBEAT</type>
		<severity>INFO</severity>
		<timestamp>Thu Apr 23 17:06:30 2020</timestamp>
		<arg name='tids'>1192</arg>
		<arg name='syscalls'>1</arg>
		<arg name='calls'>5</arg>
	</msg>
	<msg id='193' source='tcet'>
		<type>UNLOAD_MODULE</type>
		<severity>INFO</severity>
		<timestamp>Thu Apr 23 17:06:31 2020</timestamp>
		<arg name='module'>c:\windows\system32\cmd.exe</arg>
	</msg>
	<msg id='194' source='tcet'>
		<type>UNLOAD_MODULE</type>
		<severity>INFO</severity>
		<timestamp>Thu Apr 23 17:06:31 2020</timestamp>
		<arg name='module'>c:\windows\system32\kernelbase.dll</arg>
	</msg>
	<msg id='195' source='tcet'>
		<type>UNLOAD_MODULE</type>
		<severity>INFO</severity>
		<timestamp>Thu Apr 23 17:06:31 2020</timestamp>
		<arg name='module'>c:\windows\system32\kernel32.dll</arg>
	</msg>
	<msg id='196' source='tcet'>
		<type>UNLOAD_MODULE</type>
		<severity>INFO</severity>
		<timestamp>Thu Apr 23 17:06:31 2020</timestamp>
		<arg name='module'>c:\windows\system32\ntdll.dll</arg>
	</msg>
	<msg id='197' source='tcet'>
		<type>UNLOAD_MODULE</type>
		<severity>INFO</severity>
		<timestamp>Thu Apr 23 17:06:31 2020</timestamp>
		<arg name='module'>c:\windows\system32\msvcrt.dll</arg>
	</msg>
	<msg id='198' source='tcet'>
		<type>PROCESS_TERMINATE</type>
		<severity>INFO</severity>
		<timestamp>Thu Apr 23 17:06:31 2020</timestamp>
		<arg name='process'>c:\windows\system32\cmd.exe</arg>
		<arg name='pid'>5060</arg>
	</msg>
	<msg id='199' display='false' source='tccore'>
		<type>ANALYSIS_COMPLETE</type>
		<severity>INFO</severity>
		<timestamp>Thu Apr 23 17:06:31 2020</timestamp>
	</msg>
	<msg id='200' display='false' source='tccore'>
		<type>STOP</type>
		<severity>INFO</severity>
		<timestamp>Thu Apr 23 17:06:31 2020</timestamp>
	</msg>
</log>