<?xml version="1.0" encoding="UTF-8"?>
<feedback>
 <message severity="info">Analysis started...</message>
 <nop/>
 <message severity="info">Result file: C:\Users\Jam\source\repos\Lab4\Lab4\My Inspector Results - Lab4\r003ti3\r003ti3.inspxe </message>
 <nop/>
 <message severity="info">Found target process c:\users\jam\source\repos\lab4\x64\release\lab4.exe (PID = 4836). Analysis started... </message>
 <nop/>
 <message severity="info">Loaded module: c:\users\jam\source\repos\lab4\x64\release\lab4.exe. </message>
 <nop/>
 <message severity="info">Loaded module: c:\windows\system32\kernelbase.dll. </message>
 <nop/>
 <message severity="info">Loaded module: c:\windows\system32\kernel32.dll. </message>
 <nop/>
 <message severity="info">Loaded module: c:\windows\system32\ntdll.dll. </message>
 <nop/>
 <message severity="info">Loaded module: c:\windows\system32\ucrtbase.dll. </message>
 <nop/>
 <message severity="info">Loaded module: c:\windows\system32\msvcp140.dll. </message>
 <nop/>
 <message severity="info">Loaded module: c:\windows\system32\vcruntime140.dll. </message>
 <nop/>
 <message severity="info">Loaded module: f:\program files (x86)\intelswtools\compilers_and_libraries_2019\windows\redist\intel64\compiler\cilkrts20.dll. </message>
 <nop/>
 <message severity="info">Loaded module: c:\windows\system32\user32.dll. </message>
 <nop/>
 <message severity="info">Loaded module: c:\windows\system32\win32u.dll. </message>
 <nop/>
 <message severity="info">Loaded module: c:\windows\system32\gdi32.dll. </message>
 <nop/>
 <message severity="info">Loaded module: c:\windows\system32\gdi32full.dll. </message>
 <nop/>
 <message severity="info">Loaded module: c:\windows\system32\msvcp_win.dll. </message>
 <nop/>
 <message severity="info">Loaded module: c:\windows\system32\imm32.dll. </message>
 <nop/>
 <message severity="info">Loaded module: f:\program files (x86)\intelswtools\inspector 2019\bin64\runtime\libittnotify.dll. </message>
 <nop/>
 <message severity="info">Loaded module: c:\windows\system32\kernel.appcore.dll. </message>
 <nop/>
 <message severity="info">Loaded module: c:\windows\system32\msvcrt.dll. </message>
 <nop/>
 <message severity="info">Loaded module: c:\windows\system32\rpcrt4.dll. </message>
 <nop/>
 <message severity="warning">Inspector does not support the Microsoft Parallel Patterns Library and may report false positives. Refer to the product release notes. </message>
 <nop/>
 <message severity="error">Internal error. Please contact Intel customer support team. </message>
 <nop/>
 <message severity="error">Analysis terminated abnormally. </message>
 <nop/>
 <message severity="info">Unloaded module: c:\users\jam\source\repos\lab4\x64\release\lab4.exe. </message>
 <nop/>
 <message severity="info">Unloaded module: c:\windows\system32\kernelbase.dll. </message>
 <nop/>
 <message severity="info">Unloaded module: c:\windows\system32\kernel32.dll. </message>
 <nop/>
 <message severity="info">Unloaded module: c:\windows\system32\ntdll.dll. </message>
 <nop/>
 <message severity="info">Unloaded module: c:\windows\system32\ucrtbase.dll. </message>
 <nop/>
 <message severity="info">Unloaded module: c:\windows\system32\msvcp140.dll. </message>
 <nop/>
 <message severity="info">Unloaded module: c:\windows\system32\vcruntime140.dll. </message>
 <nop/>
 <message severity="info">Unloaded module: f:\program files (x86)\intelswtools\compilers_and_libraries_2019\windows\redist\intel64\compiler\cilkrts20.dll. </message>
 <nop/>
 <message severity="info">Unloaded module: c:\windows\system32\user32.dll. </message>
 <nop/>
 <message severity="info">Unloaded module: c:\windows\system32\win32u.dll. </message>
 <nop/>
 <message severity="info">Unloaded module: c:\windows\system32\gdi32.dll. </message>
 <nop/>
 <message severity="info">Unloaded module: c:\windows\system32\gdi32full.dll. </message>
 <nop/>
 <message severity="info">Unloaded module: c:\windows\system32\msvcp_win.dll. </message>
 <nop/>
 <message severity="info">Unloaded module: c:\windows\system32\imm32.dll. </message>
 <nop/>
 <message severity="info">Unloaded module: f:\program files (x86)\intelswtools\inspector 2019\bin64\runtime\libittnotify.dll. </message>
 <nop/>
 <message severity="info">Unloaded module: c:\windows\system32\kernel.appcore.dll. </message>
 <nop/>
 <message severity="info">Unloaded module: c:\windows\system32\msvcrt.dll. </message>
 <nop/>
 <message severity="info">Unloaded module: c:\windows\system32\rpcrt4.dll. </message>
 <nop/>
 <message severity="info">Process c:\users\jam\source\repos\lab4\x64\release\lab4.exe (PID = 4836) has terminated. </message>
 <nop/>
 <message severity="info">Application exit code: -1 </message>
 <nop/>
 <message severity="info">Result file: C:\Users\Jam\source\repos\Lab4\Lab4\My Inspector Results - Lab4\r003ti3\r003ti3.inspxe </message>
 <nop/>
 <message severity="info">Analysis completed</message>
 <nop/>
</feedback>
