<?xml version="1.0" encoding="utf-8" ?>
<!-- DO NOT EDIT THIS FILE -->

<log version='2.0' source='mc'>
	<!-- Successfully loaded CCRT at address 0x70a60000 - 0x70df5000 -->
	<!-- Successfully loaded MC at address 0x70e80000 - 0x71afa000 -->
	<!-- Analysis started for c:\users\jam\source\repos\parallel\x64\debug\parallel.exe, pid = 592 -->
	<msg id='1' source='mc'>
		<type>EXEC_OF_INTEREST</type>
		<severity>INFO</severity>
		<timestamp>Sun May 24 18:01:07 2020</timestamp>
		<arg name='path'>c:\users\jam\source\repos\parallel\x64\debug\parallel.exe</arg>
		<arg name='pid'>592</arg>
	</msg>
	<!-- Command line: F:\Program Files (x86)\IntelSWTools\Inspector 2019\bin32\pin -xyzzy -mesgoff console -xyzzy -bridge_save_x87 0 -bridge_save_mxcsr 0 -follow_execv -error_file C:\Users\Jam\source\repos\Parallel\Parallel\My Inspector Results - Parallel\r005mi1\data.0\pin_error.log -logfile C:\Users\Jam\source\repos\Parallel\Parallel\My Inspector Results - Parallel\r005mi1\data.0\pin.log -xyzzy -region_max_inss 500 -p64 F:\Program Files (x86)\IntelSWTools\Inspector 2019\bin64\pin -t64 F:\Program Files (x86)\IntelSWTools\Inspector 2019\bin64\memchkr.dll -t F:\Program Files (x86)\IntelSWTools\Inspector 2019\bin32\memchkr.dll -no-analyze-stack -no-access-checks -leak-check-on-exit -leak-check-report-reachable -check-resource-leaks -freelist-vol 0 -leak-maximum 100000 -guard-zone-size 0 -stack-depth 8 -heartbeat 1 -mrte-mode auto -working-dir C:\Users\Jam\source\repos\Parallel\Parallel\My Inspector Results - Parallel\r005mi1\data.0 -log mc_Parallel.log -result Parallel - C:\Users\Jam\source\repos\Parallel\x64\Debug\Parallel.exe  -->
	<!-- mc's options are the following:  -->
	<!-- -help                              false -->
	<!-- -verbose                           false -->
	<!-- -xyzzy                             false -->
	<!-- -version                           false -->
	<!-- -help-all                          false -->
	<!-- -xyzzy-all                         false -->
	<!-- -report-all-instances              false -->
	<!-- -check-for-padded-structures       true -->
	<!-- -check-for-bitfields               true -->
	<!-- -analyze-stack                     false -->
	<!-- -access-checks                     false -->
	<!-- -track-origins                     true -->
	<!-- -duplicate-uninits                 false -->
	<!-- -bss-initialized                   true -->
	<!-- -align-alloc-size                  false -->
	<!-- -report-uninit-read                false -->
	<!-- -ignore-system-libraries           false -->
	<!-- -gen-suppressions                  false -->
	<!-- -leak-check-on-exit                true -->
	<!-- -leak-check-on-demand              false -->
	<!-- -leak-check-uses-baseline          true -->
	<!-- -enable-memory-growth              false -->
	<!-- -leak-check-report-reachable       true -->
	<!-- -leak-check-full                   true -->
	<!-- -check-resource-leaks              true -->
	<!-- -trace-children                    false -->
	<!-- -enable-poke                       false -->
	<!-- -jit-mode-anyway                   false -->
	<!-- -disable-probe-mode-mismatches-64  true -->
	<!-- -aggressive-callstack-caching      false -->
	<!-- -suppress-breakpoints              false -->
	<!-- -monitor-memory                    false -->
	<!-- -freelist-vol                      0 -->
	<!-- -leak-maximum                      100000 -->
	<!-- -guard-zone-size                   0 -->
	<!-- -stack-depth                       8 -->
	<!-- -heartbeat                         1 -->
	<!-- -breakpoint-file                   (null) -->
	<!-- -config-file                       (null) -->
	<!-- -log                               mc_Parallel.log -->
	<!-- -ignore-commands                   (null),  -->
	<!-- -ignore-modules                    (null),  -->
	<!-- -ignore-symbols                    (null),  -->
	<!-- -module-of-interest                (null),  -->
	<!-- -executable-of-interest            (null),  -->
	<!-- -working-dir                       C:\Users\Jam\source\repos\Parallel\Parallel\My Inspector Results - Parallel\r005mi1\data.0 -->
	<!-- -result                            Parallel -->
	<!-- -exclude-module                    (null),  -->
	<!-- -include-module                    (null),  -->
	<!-- -only-exec-commands                (null),  -->
	<!-- -suppressions                      (null),  -->
	<!-- -debug                             none -->
	<!-- -shared-mem-name                   (null) -->
	<!-- -poke-function                     (null),  -->
	<!-- -analysis-mode                     (null) -->
	<!-- -disable-gatekeeping               false -->
	<!-- -ignore-os-allocators              false -->
	<!-- -mrte-mode                         auto -->
	<!-- probe mode: yes -->
	<!-- mem leaks checks: yes -->
	<!-- res leaks checks: yes -->
	<!-- access checks: no -->
	<!-- track origin: no -->
	<!-- Environment: INTEL_LIBITTNOTIFY32=F:\Program Files (x86)\IntelSWTools\Inspector 2019\bin32\runtime\libittnotify.dll -->
	<!-- Environment: INTEL_LIBITTNOTIFY64=F:\Program Files (x86)\IntelSWTools\Inspector 2019\bin64\runtime\libittnotify.dll -->
	<!-- Environment: INTEL_JIT_PROFILER32=F:\Program Files (x86)\IntelSWTools\Inspector 2019\bin32\runtime\libittnotify.dll -->
	<!-- Environment: INTEL_JIT_PROFILER64=F:\Program Files (x86)\IntelSWTools\Inspector 2019\bin64\runtime\libittnotify.dll -->
	<!-- DIAG: 1 -->
	<!-- Module loaded c:\users\jam\source\repos\parallel\x64\debug\parallel.exe, address range [0x00007ff748f20000-0x00007ff748f72fff] -->
	<msg id='2' source='mc'>
		<type>MODULE_LOAD</type>
		<severity>INFO</severity>
		<timestamp>Sun May 24 18:01:07 2020</timestamp>
		<arg name='path'>c:\users\jam\source\repos\parallel\x64\debug\parallel.exe</arg>
		<arg name='addr1'>0x7ff748f20000</arg>
		<arg name='addr2'>0x7ff748f72fff</arg>
	</msg>
	<!-- Module loaded c:\windows\system32\kernelbase.dll, address range [0x00007fffb81b0000-0x00007fffb8422fff], minimal analysis -->
	<msg id='3' source='mc'>
		<type>MODULE_LOAD_NO_ANALYSIS</type>
		<severity>INFO</severity>
		<timestamp>Sun May 24 18:01:07 2020</timestamp>
		<arg name='path'>c:\windows\system32\kernelbase.dll</arg>
		<arg name='addr1'>0x7fffb81b0000</arg>
		<arg name='addr2'>0x7fffb8422fff</arg>
	</msg>
	<!-- entry point not safe for probe insertion in kernel32.dll -->
	<!-- Module loaded c:\windows\system32\kernel32.dll, address range [0x00007fffbad00000-0x00007fffbadb0fff], minimal analysis -->
	<msg id='4' source='mc'>
		<type>MODULE_LOAD_NO_ANALYSIS</type>
		<severity>INFO</severity>
		<timestamp>Sun May 24 18:01:07 2020</timestamp>
		<arg name='path'>c:\windows\system32\kernel32.dll</arg>
		<arg name='addr1'>0x7fffbad00000</arg>
		<arg name='addr2'>0x7fffbadb0fff</arg>
	</msg>
	<!-- Module loaded c:\windows\system32\ntdll.dll, address range [0x00007fffbb8e0000-0x00007fffbbac0fff], minimal analysis -->
	<msg id='5' source='mc'>
		<type>MODULE_LOAD_NO_ANALYSIS</type>
		<severity>INFO</severity>
		<timestamp>Sun May 24 18:01:08 2020</timestamp>
		<arg name='path'>c:\windows\system32\ntdll.dll</arg>
		<arg name='addr1'>0x7fffbb8e0000</arg>
		<arg name='addr2'>0x7fffbbac0fff</arg>
	</msg>
	<!-- Module loaded f:\program files (x86)\intelswtools\inspector 2019\bin64\dnclrprofinfo.dll, address range [0x00007fff7f650000-0x00007fff7f678fff] -->
	<msg id='6' source='mc'>
		<type>MODULE_LOAD</type>
		<severity>INFO</severity>
		<timestamp>Sun May 24 18:01:08 2020</timestamp>
		<arg name='path'>f:\program files (x86)\intelswtools\inspector 2019\bin64\dnclrprofinfo.dll</arg>
		<arg name='addr1'>0x7fff7f650000</arg>
		<arg name='addr2'>0x7fff7f678fff</arg>
	</msg>
	<!-- Module loaded c:\windows\system32\msvcp140d.dll, address range [0x00007fff5cb30000-0x00007fff5cc20fff] -->
	<msg id='7' source='mc'>
		<type>MODULE_LOAD</type>
		<severity>INFO</severity>
		<timestamp>Sun May 24 18:01:08 2020</timestamp>
		<arg name='path'>c:\windows\system32\msvcp140d.dll</arg>
		<arg name='addr1'>0x7fff5cb30000</arg>
		<arg name='addr2'>0x7fff5cc20fff</arg>
	</msg>
	<!-- Module loaded f:\program files (x86)\intelswtools\compilers_and_libraries_2019\windows\redist\intel64\compiler\libmmdd.dll, address range [0x00007fff50260000-0x00007fff506c5fff] -->
	<msg id='8' source='mc'>
		<type>MODULE_LOAD</type>
		<severity>INFO</severity>
		<timestamp>Sun May 24 18:01:08 2020</timestamp>
		<arg name='path'>f:\program files (x86)\intelswtools\compilers_and_libraries_2019\windows\redist\intel64\compiler\libmmdd.dll</arg>
		<arg name='addr1'>0x7fff50260000</arg>
		<arg name='addr2'>0x7fff506c5fff</arg>
	</msg>
	<!-- Module loaded f:\program files (x86)\intelswtools\compilers_and_libraries_2019\windows\redist\intel64\compiler\cilkrts20.dll, address range [0x00007fff69c90000-0x00007fff69ce2fff], minimal analysis -->
	<msg id='9' source='mc'>
		<type>MODULE_LOAD_NO_ANALYSIS</type>
		<severity>INFO</severity>
		<timestamp>Sun May 24 18:01:08 2020</timestamp>
		<arg name='path'>f:\program files (x86)\intelswtools\compilers_and_libraries_2019\windows\redist\intel64\compiler\cilkrts20.dll</arg>
		<arg name='addr1'>0x7fff69c90000</arg>
		<arg name='addr2'>0x7fff69ce2fff</arg>
	</msg>
	<!-- Module loaded c:\windows\system32\user32.dll, address range [0x00007fffbaaf0000-0x00007fffbac7ffff], minimal analysis -->
	<msg id='10' source='mc'>
		<type>MODULE_LOAD_NO_ANALYSIS</type>
		<severity>INFO</severity>
		<timestamp>Sun May 24 18:01:08 2020</timestamp>
		<arg name='path'>c:\windows\system32\user32.dll</arg>
		<arg name='addr1'>0x7fffbaaf0000</arg>
		<arg name='addr2'>0x7fffbac7ffff</arg>
	</msg>
	<!-- Module loaded c:\windows\system32\win32u.dll, address range [0x00000183b9010000-0x00000183b902ffff] -->
	<msg id='11' source='mc'>
		<type>MODULE_LOAD</type>
		<severity>INFO</severity>
		<timestamp>Sun May 24 18:01:09 2020</timestamp>
		<arg name='path'>c:\windows\system32\win32u.dll</arg>
		<arg name='addr1'>0x183b9010000</arg>
		<arg name='addr2'>0x183b902ffff</arg>
	</msg>
	<!-- Module loaded c:\windows\system32\gdi32.dll, address range [0x00007fffbb520000-0x00007fffbb547fff], minimal analysis -->
	<msg id='12' source='mc'>
		<type>MODULE_LOAD_NO_ANALYSIS</type>
		<severity>INFO</severity>
		<timestamp>Sun May 24 18:01:09 2020</timestamp>
		<arg name='path'>c:\windows\system32\gdi32.dll</arg>
		<arg name='addr1'>0x7fffbb520000</arg>
		<arg name='addr2'>0x7fffbb547fff</arg>
	</msg>
	<!-- Module loaded c:\windows\system32\gdi32full.dll, address range [0x00007fffb7db0000-0x00007fffb7f40fff], minimal analysis -->
	<msg id='13' source='mc'>
		<type>MODULE_LOAD_NO_ANALYSIS</type>
		<severity>INFO</severity>
		<timestamp>Sun May 24 18:01:09 2020</timestamp>
		<arg name='path'>c:\windows\system32\gdi32full.dll</arg>
		<arg name='addr1'>0x7fffb7db0000</arg>
		<arg name='addr2'>0x7fffb7f40fff</arg>
	</msg>
	<!-- Module loaded c:\windows\system32\msvcp_win.dll, address range [0x00007fffb7d10000-0x00007fffb7daefff] -->
	<msg id='14' source='mc'>
		<type>MODULE_LOAD</type>
		<severity>INFO</severity>
		<timestamp>Sun May 24 18:01:09 2020</timestamp>
		<arg name='path'>c:\windows\system32\msvcp_win.dll</arg>
		<arg name='addr1'>0x7fffb7d10000</arg>
		<arg name='addr2'>0x7fffb7daefff</arg>
	</msg>
	<!-- Module loaded c:\windows\system32\ucrtbase.dll, address range [0x00007fffb8050000-0x00007fffb8147fff] -->
	<msg id='15' source='mc'>
		<type>MODULE_LOAD</type>
		<severity>INFO</severity>
		<timestamp>Sun May 24 18:01:09 2020</timestamp>
		<arg name='path'>c:\windows\system32\ucrtbase.dll</arg>
		<arg name='addr1'>0x7fffb8050000</arg>
		<arg name='addr2'>0x7fffb8147fff</arg>
	</msg>
	<!-- Module loaded c:\windows\system32\vcruntime140d.dll, address range [0x00007fff7f560000-0x00007fff7f581fff] -->
	<msg id='16' source='mc'>
		<type>MODULE_LOAD</type>
		<severity>INFO</severity>
		<timestamp>Sun May 24 18:01:09 2020</timestamp>
		<arg name='path'>c:\windows\system32\vcruntime140d.dll</arg>
		<arg name='addr1'>0x7fff7f560000</arg>
		<arg name='addr2'>0x7fff7f581fff</arg>
	</msg>
	<!-- Module loaded c:\windows\system32\ucrtbased.dll, address range [0x00007fff514e0000-0x00007fff516a1fff] -->
	<msg id='17' source='mc'>
		<type>MODULE_LOAD</type>
		<severity>INFO</severity>
		<timestamp>Sun May 24 18:01:09 2020</timestamp>
		<arg name='path'>c:\windows\system32\ucrtbased.dll</arg>
		<arg name='addr1'>0x7fff514e0000</arg>
		<arg name='addr2'>0x7fff516a1fff</arg>
	</msg>
	<!-- Module loaded c:\windows\system32\imm32.dll, address range [0x00007fffb9280000-0x00007fffb92acfff], minimal analysis -->
	<msg id='18' source='mc'>
		<type>MODULE_LOAD_NO_ANALYSIS</type>
		<severity>INFO</severity>
		<timestamp>Sun May 24 18:01:09 2020</timestamp>
		<arg name='path'>c:\windows\system32\imm32.dll</arg>
		<arg name='addr1'>0x7fffb9280000</arg>
		<arg name='addr2'>0x7fffb92acfff</arg>
	</msg>
	<!-- Module loaded f:\program files (x86)\intelswtools\inspector 2019\bin64\runtime\libittnotify.dll, address range [0x00007fff69c50000-0x00007fff69c83fff], minimal analysis -->
	<msg id='19' source='mc'>
		<type>MODULE_LOAD_NO_ANALYSIS</type>
		<severity>INFO</severity>
		<timestamp>Sun May 24 18:01:10 2020</timestamp>
		<arg name='path'>f:\program files (x86)\intelswtools\inspector 2019\bin64\runtime\libittnotify.dll</arg>
		<arg name='addr1'>0x7fff69c50000</arg>
		<arg name='addr2'>0x7fff69c83fff</arg>
	</msg>
	<!-- DIAG: 2 -->
	<!-- DIAG: 3 -->
	<!-- DIAG: 4 -->
	<!-- Module loaded c:\windows\system32\kernel.appcore.dll, address range [0x00007fffb7c50000-0x00007fffb7c60fff] -->
	<msg id='20' source='mc'>
		<type>MODULE_LOAD</type>
		<severity>INFO</severity>
		<timestamp>Sun May 24 18:01:10 2020</timestamp>
		<arg name='path'>c:\windows\system32\kernel.appcore.dll</arg>
		<arg name='addr1'>0x7fffb7c50000</arg>
		<arg name='addr2'>0x7fffb7c60fff</arg>
	</msg>
	<!-- Module loaded c:\windows\system32\msvcrt.dll, address range [0x00007fffbb800000-0x00007fffbb89dfff], minimal analysis -->
	<msg id='21' source='mc'>
		<type>MODULE_LOAD_NO_ANALYSIS</type>
		<severity>INFO</severity>
		<timestamp>Sun May 24 18:01:11 2020</timestamp>
		<arg name='path'>c:\windows\system32\msvcrt.dll</arg>
		<arg name='addr1'>0x7fffbb800000</arg>
		<arg name='addr2'>0x7fffbb89dfff</arg>
	</msg>
	<!-- Module loaded c:\windows\system32\rpcrt4.dll, address range [0x00007fffb90f0000-0x00007fffb9213fff], minimal analysis -->
	<msg id='22' source='mc'>
		<type>MODULE_LOAD_NO_ANALYSIS</type>
		<severity>INFO</severity>
		<timestamp>Sun May 24 18:01:11 2020</timestamp>
		<arg name='path'>c:\windows\system32\rpcrt4.dll</arg>
		<arg name='addr1'>0x7fffb90f0000</arg>
		<arg name='addr2'>0x7fffb9213fff</arg>
	</msg>
	<!-- DIAG: 5 -->
	<!-- DIAG: 6 -->
	<!-- DIAG: 7 -->
	<!-- DIAG: 8 -->
	<!-- Process c:\users\jam\source\repos\parallel\x64\debug\parallel.exe exited with code 0. Leak analysis starting - this may take a while. -->
	<msg id='23' source='mc'>
		<type>PROCESS_COMPLETE</type>
		<severity>INFO</severity>
		<timestamp>Sun May 24 18:01:11 2020</timestamp>
		<arg name='path'>c:\users\jam\source\repos\parallel\x64\debug\parallel.exe</arg>
		<arg name='code'>0</arg>
	</msg>
	<!-- Analysis completed for c:\users\jam\source\repos\parallel\x64\debug\parallel.exe -->
	<msg id='24' source='mc'>
		<type>ANALYSIS_COMPLETE</type>
		<severity>INFO</severity>
		<timestamp>Sun May 24 18:01:11 2020</timestamp>
		<arg name='path'>c:\users\jam\source\repos\parallel\x64\debug\parallel.exe</arg>
	</msg>