
11584 : 0x1dccf499ff6 : 1 : spill_jit_data :  Jit agent is not initialized
11584 : 0x1dccf49a421 : 2 : ittapi_config_mask_get :  --itt-config mask to be applied: 55
11584 : 0x1dccf49a44e : 2 : ittapi_config_apply_per_lib :  ITTAPI function instrumented: __itt_domain_createA
11584 : 0x1dccf49a456 : 2 : ittapi_config_apply_per_lib :  ITTAPI function instrumented: __itt_domain_createW
11584 : 0x1dccf49a45e : 2 : ittapi_config_apply_per_lib :  ITTAPI function instrumented: __itt_string_handle_createA
11584 : 0x1dccf49a465 : 2 : ittapi_config_apply_per_lib :  ITTAPI function instrumented: __itt_string_handle_createW
11584 : 0x1dccf49a46c : 2 : ittapi_config_apply_per_lib :  ITTAPI function instrumented: __itt_counter_createA
11584 : 0x1dccf49a473 : 2 : ittapi_config_apply_per_lib :  ITTAPI function instrumented: __itt_counter_createW
11584 : 0x1dccf49a479 : 2 : ittapi_config_apply_per_lib :  ITTAPI function instrumented: __itt_counter_create_typedA
11584 : 0x1dccf49a480 : 2 : ittapi_config_apply_per_lib :  ITTAPI function instrumented: __itt_counter_create_typedW
11584 : 0x1dccf49a5d1 : 2 : ittapi_config_apply_per_lib :  ITTAPI function instrumented: __itt_pause
11584 : 0x1dccf49a5da : 2 : ittapi_config_apply_per_lib :  ITTAPI function instrumented: __itt_resume
11584 : 0x1dccf49a5e1 : 2 : ittapi_config_apply_per_lib :  ITTAPI function instrumented: __itt_thread_set_nameA
11584 : 0x1dccf49a5e8 : 2 : ittapi_config_apply_per_lib :  ITTAPI function instrumented: __itt_thread_set_nameW
11584 : 0x1dccf49a5ee : 2 : ittapi_config_apply_per_lib :  ITTAPI function instrumented: __itt_thread_ignore
11584 : 0x1dccf49a5f5 : 2 : ittapi_config_apply_per_lib :  ITTAPI function instrumented: __itt_thr_name_setA
11584 : 0x1dccf49a5fc : 2 : ittapi_config_apply_per_lib :  ITTAPI function instrumented: __itt_thr_name_setW
11584 : 0x1dccf49a603 : 2 : ittapi_config_apply_per_lib :  ITTAPI function instrumented: __itt_thr_ignore
11584 : 0x1dccf49a60f : 2 : ittapi_config_apply_per_lib :  ITTAPI function not implemented: __itt_enable_attach
11584 : 0x1dccf49a616 : 2 : ittapi_config_apply_per_lib :  ITTAPI function instrumented: __itt_detach
11584 : 0x1dccf49a63e : 2 : ittapi_config_apply_per_lib :  ITTAPI function NOT instrumented (not matched by --itt-config option): __itt_sync_createA

11584 : 0x1dccf49a655 : 2 : ittapi_config_apply_per_lib :  ITTAPI function NOT instrumented (not matched by --itt-config option): __itt_sync_createW

11584 : 0x1dccf49a65c : 2 : ittapi_config_apply_per_lib :  ITTAPI function NOT instrumented (not matched by --itt-config option): __itt_sync_renameA

11584 : 0x1dccf49a663 : 2 : ittapi_config_apply_per_lib :  ITTAPI function NOT instrumented (not matched by --itt-config option): __itt_sync_renameW

11584 : 0x1dccf49a66b : 2 : ittapi_config_apply_per_lib :  ITTAPI function NOT instrumented (not matched by --itt-config option): __itt_sync_destroy

11584 : 0x1dccf49a672 : 2 : ittapi_config_apply_per_lib :  ITTAPI function NOT instrumented (not matched by --itt-config option): __itt_sync_prepare

11584 : 0x1dccf49a679 : 2 : ittapi_config_apply_per_lib :  ITTAPI function NOT instrumented (not matched by --itt-config option): __itt_sync_cancel

11584 : 0x1dccf49a680 : 2 : ittapi_config_apply_per_lib :  ITTAPI function NOT instrumented (not matched by --itt-config option): __itt_sync_acquired

11584 : 0x1dccf49a687 : 2 : ittapi_config_apply_per_lib :  ITTAPI function NOT instrumented (not matched by --itt-config option): __itt_sync_releasing

11584 : 0x1dccf49a691 : 2 : ittapi_config_apply_per_lib :  ITTAPI function not implemented: __itt_suppress_push
11584 : 0x1dccf49a6af : 2 : ittapi_config_apply_per_lib :  ITTAPI function not implemented: __itt_suppress_pop
11584 : 0x1dccf49a6b8 : 2 : ittapi_config_apply_per_lib :  ITTAPI function not implemented: __itt_suppress_mark_range
11584 : 0x1dccf49a6bf : 2 : ittapi_config_apply_per_lib :  ITTAPI function not implemented: __itt_suppress_clear_range
11584 : 0x1dccf49a6c5 : 2 : ittapi_config_apply_per_lib :  ITTAPI function NOT instrumented (not matched by --itt-config option): __itt_sync_prepare

11584 : 0x1dccf49a6cc : 2 : ittapi_config_apply_per_lib :  ITTAPI function NOT instrumented (not matched by --itt-config option): __itt_sync_cancel

11584 : 0x1dccf49a6d3 : 2 : ittapi_config_apply_per_lib :  ITTAPI function NOT instrumented (not matched by --itt-config option): __itt_sync_acquired

11584 : 0x1dccf49a6da : 2 : ittapi_config_apply_per_lib :  ITTAPI function NOT instrumented (not matched by --itt-config option): __itt_sync_releasing

11584 : 0x1dccf49a6e3 : 2 : ittapi_config_apply_per_lib :  ITTAPI function not implemented: __itt_model_site_begin
11584 : 0x1dccf49a6ea : 2 : ittapi_config_apply_per_lib :  ITTAPI function not implemented: __itt_model_site_end
11584 : 0x1dccf49a6f1 : 2 : ittapi_config_apply_per_lib :  ITTAPI function not implemented: __itt_model_task_begin
11584 : 0x1dccf49a778 : 2 : ittapi_config_apply_per_lib :  ITTAPI function not implemented: __itt_model_task_end
11584 : 0x1dccf49a781 : 2 : ittapi_config_apply_per_lib :  ITTAPI function not implemented: __itt_model_lock_acquire
11584 : 0x1dccf49a788 : 2 : ittapi_config_apply_per_lib :  ITTAPI function not implemented: __itt_model_lock_release
11584 : 0x1dccf49a790 : 2 : ittapi_config_apply_per_lib :  ITTAPI function not implemented: __itt_model_record_allocation
11584 : 0x1dccf49a797 : 2 : ittapi_config_apply_per_lib :  ITTAPI function not implemented: __itt_model_record_deallocation
11584 : 0x1dccf49a79e : 2 : ittapi_config_apply_per_lib :  ITTAPI function not implemented: __itt_model_induction_uses
11584 : 0x1dccf49a7a5 : 2 : ittapi_config_apply_per_lib :  ITTAPI function not implemented: __itt_model_reduction_uses
11584 : 0x1dccf49a7ac : 2 : ittapi_config_apply_per_lib :  ITTAPI function not implemented: __itt_model_observe_uses
11584 : 0x1dccf49a7b3 : 2 : ittapi_config_apply_per_lib :  ITTAPI function not implemented: __itt_model_clear_uses
11584 : 0x1dccf49a7ba : 2 : ittapi_config_apply_per_lib :  ITTAPI function not implemented: __itt_model_site_beginW
11584 : 0x1dccf49a7de : 2 : ittapi_config_apply_per_lib :  ITTAPI function not implemented: __itt_model_task_beginW
11584 : 0x1dccf49a7e6 : 2 : ittapi_config_apply_per_lib :  ITTAPI function not implemented: __itt_model_iteration_taskW
11584 : 0x1dccf49a7ed : 2 : ittapi_config_apply_per_lib :  ITTAPI function not implemented: __itt_model_site_beginA
11584 : 0x1dccf49a7f4 : 2 : ittapi_config_apply_per_lib :  ITTAPI function not implemented: __itt_model_site_beginAL
11584 : 0x1dccf49a7fb : 2 : ittapi_config_apply_per_lib :  ITTAPI function not implemented: __itt_model_task_beginA
11584 : 0x1dccf49a801 : 2 : ittapi_config_apply_per_lib :  ITTAPI function not implemented: __itt_model_task_beginAL
11584 : 0x1dccf49a808 : 2 : ittapi_config_apply_per_lib :  ITTAPI function not implemented: __itt_model_iteration_taskA
11584 : 0x1dccf49a80f : 2 : ittapi_config_apply_per_lib :  ITTAPI function not implemented: __itt_model_iteration_taskAL
11584 : 0x1dccf49a816 : 2 : ittapi_config_apply_per_lib :  ITTAPI function not implemented: __itt_model_site_end_2
11584 : 0x1dccf49a81d : 2 : ittapi_config_apply_per_lib :  ITTAPI function not implemented: __itt_model_task_end_2
11584 : 0x1dccf49a838 : 2 : ittapi_config_apply_per_lib :  ITTAPI function not implemented: __itt_model_lock_acquire_2
11584 : 0x1dccf49a83f : 2 : ittapi_config_apply_per_lib :  ITTAPI function not implemented: __itt_model_lock_release_2
11584 : 0x1dccf49a846 : 2 : ittapi_config_apply_per_lib :  ITTAPI function not implemented: __itt_model_aggregate_task
11584 : 0x1dccf49a84d : 2 : ittapi_config_apply_per_lib :  ITTAPI function not implemented: __itt_model_disable_push
11584 : 0x1dccf49a854 : 2 : ittapi_config_apply_per_lib :  ITTAPI function not implemented: __itt_model_disable_pop
11584 : 0x1dccf49a85c : 2 : ittapi_config_apply_per_lib :  ITTAPI function instrumented: __itt_heap_function_createA
11584 : 0x1dccf49a863 : 2 : ittapi_config_apply_per_lib :  ITTAPI function instrumented: __itt_heap_function_createW
11584 : 0x1dccf49a869 : 2 : ittapi_config_apply_per_lib :  ITTAPI function instrumented: __itt_heap_allocate_begin
11584 : 0x1dccf49a870 : 2 : ittapi_config_apply_per_lib :  ITTAPI function instrumented: __itt_heap_allocate_end
11584 : 0x1dccf49a877 : 2 : ittapi_config_apply_per_lib :  ITTAPI function instrumented: __itt_heap_free_begin
11584 : 0x1dccf49a8f1 : 2 : ittapi_config_apply_per_lib :  ITTAPI function instrumented: __itt_heap_free_end
11584 : 0x1dccf49a8f9 : 2 : ittapi_config_apply_per_lib :  ITTAPI function instrumented: __itt_heap_reallocate_begin
11584 : 0x1dccf49a900 : 2 : ittapi_config_apply_per_lib :  ITTAPI function instrumented: __itt_heap_reallocate_end
11584 : 0x1dccf49a907 : 2 : ittapi_config_apply_per_lib :  ITTAPI function not implemented: __itt_heap_internal_access_begin
11584 : 0x1dccf49a90f : 2 : ittapi_config_apply_per_lib :  ITTAPI function not implemented: __itt_heap_internal_access_end
11584 : 0x1dccf49a916 : 2 : ittapi_config_apply_per_lib :  ITTAPI function not implemented: __itt_heap_record_memory_growth_begin
11584 : 0x1dccf49a91e : 2 : ittapi_config_apply_per_lib :  ITTAPI function not implemented: __itt_heap_record_memory_growth_end
11584 : 0x1dccf49a925 : 2 : ittapi_config_apply_per_lib :  ITTAPI function not implemented: __itt_heap_reset_detection
11584 : 0x1dccf49a92c : 2 : ittapi_config_apply_per_lib :  ITTAPI function not implemented: __itt_heap_record
11584 : 0x1dccf49a933 : 2 : ittapi_config_apply_per_lib :  ITTAPI function not implemented: __itt_id_create
11584 : 0x1dccf49a956 : 2 : ittapi_config_apply_per_lib :  ITTAPI function not implemented: __itt_id_destroy
11584 : 0x1dccf49a95d : 2 : ittapi_config_apply_per_lib :  ITTAPI function instrumented: __itt_get_timestamp
11584 : 0x1dccf49a964 : 2 : ittapi_config_apply_per_lib :  ITTAPI function not implemented: __itt_region_begin
11584 : 0x1dccf49a96b : 2 : ittapi_config_apply_per_lib :  ITTAPI function not implemented: __itt_region_end
11584 : 0x1dccf49a972 : 2 : ittapi_config_apply_per_lib :  ITTAPI function instrumented: __itt_frame_begin_v3
11584 : 0x1dccf49a978 : 2 : ittapi_config_apply_per_lib :  ITTAPI function instrumented: __itt_frame_end_v3
11584 : 0x1dccf49a97f : 2 : ittapi_config_apply_per_lib :  ITTAPI function instrumented: __itt_frame_submit_v3
11584 : 0x1dccf49a987 : 2 : ittapi_config_apply_per_lib :  ITTAPI function not implemented: __itt_task_group
11584 : 0x1dccf49a98d : 2 : ittapi_config_apply_per_lib :  ITTAPI function instrumented: __itt_task_begin
11584 : 0x1dccf49a994 : 2 : ittapi_config_apply_per_lib :  ITTAPI function instrumented: __itt_task_begin_fn
11584 : 0x1dccf49a9af : 2 : ittapi_config_apply_per_lib :  ITTAPI function instrumented: __itt_task_end
11584 : 0x1dccf49a9b7 : 2 : ittapi_config_apply_per_lib :  ITTAPI function not implemented: __itt_counter_inc_v3
11584 : 0x1dccf49a9be : 2 : ittapi_config_apply_per_lib :  ITTAPI function not implemented: __itt_counter_inc_delta_v3
11584 : 0x1dccf49a9c6 : 2 : ittapi_config_apply_per_lib :  ITTAPI function not implemented: __itt_counter_dec_v3
11584 : 0x1dccf49a9cd : 2 : ittapi_config_apply_per_lib :  ITTAPI function not implemented: __itt_counter_dec_delta_v3
11584 : 0x1dccf49a9d4 : 2 : ittapi_config_apply_per_lib :  ITTAPI function not implemented: __itt_marker
11584 : 0x1dccf49a9da : 2 : ittapi_config_apply_per_lib :  ITTAPI function instrumented: __itt_metadata_add
11584 : 0x1dccf49a9e1 : 2 : ittapi_config_apply_per_lib :  ITTAPI function not implemented: __itt_metadata_str_addA
11584 : 0x1dccf49a9e8 : 2 : ittapi_config_apply_per_lib :  ITTAPI function not implemented: __itt_metadata_str_addW
11584 : 0x1dccf49a9ef : 2 : ittapi_config_apply_per_lib :  ITTAPI function not implemented: __itt_relation_add_to_current
11584 : 0x1dccf49aa0a : 2 : ittapi_config_apply_per_lib :  ITTAPI function not implemented: __itt_relation_add
11584 : 0x1dccf49aa11 : 2 : ittapi_config_apply_per_lib :  ITTAPI function instrumented: __itt_event_createA
11584 : 0x1dccf49aa18 : 2 : ittapi_config_apply_per_lib :  ITTAPI function instrumented: __itt_event_createW
11584 : 0x1dccf49aa1f : 2 : ittapi_config_apply_per_lib :  ITTAPI function instrumented: __itt_event_start
11584 : 0x1dccf49aa25 : 2 : ittapi_config_apply_per_lib :  ITTAPI function instrumented: __itt_event_end
11584 : 0x1dccf49aa2a : 2 : ittapi_config_apply_per_lib :  ITTAPI function NOT instrumented (not matched by --itt-config option): __itt_sync_set_nameA

11584 : 0x1dccf49aa31 : 2 : ittapi_config_apply_per_lib :  ITTAPI function NOT instrumented (not matched by --itt-config option): __itt_sync_set_nameW

11584 : 0x1dccf49aa39 : 2 : ittapi_config_apply_per_lib :  ITTAPI function NOT instrumented (not matched by --itt-config option): __itt_notify_sync_nameA

11584 : 0x1dccf49aa40 : 2 : ittapi_config_apply_per_lib :  ITTAPI function NOT instrumented (not matched by --itt-config option): __itt_notify_sync_nameW

11584 : 0x1dccf49aa47 : 2 : ittapi_config_apply_per_lib :  ITTAPI function NOT instrumented (not matched by --itt-config option): __itt_notify_sync_prepare

11584 : 0x1dccf49aac8 : 2 : ittapi_config_apply_per_lib :  ITTAPI function NOT instrumented (not matched by --itt-config option): __itt_notify_sync_cancel

11584 : 0x1dccf49aad1 : 2 : ittapi_config_apply_per_lib :  ITTAPI function NOT instrumented (not matched by --itt-config option): __itt_notify_sync_acquired

11584 : 0x1dccf49aad8 : 2 : ittapi_config_apply_per_lib :  ITTAPI function NOT instrumented (not matched by --itt-config option): __itt_notify_sync_releasing

11584 : 0x1dccf49aae3 : 2 : ittapi_config_apply_per_lib :  ITTAPI function not implemented: __itt_memory_read
11584 : 0x1dccf49aaea : 2 : ittapi_config_apply_per_lib :  ITTAPI function not implemented: __itt_memory_write
11584 : 0x1dccf49aaf2 : 2 : ittapi_config_apply_per_lib :  ITTAPI function not implemented: __itt_memory_update
11584 : 0x1dccf49aaf9 : 2 : ittapi_config_apply_per_lib :  ITTAPI function not implemented: __itt_state_get
11584 : 0x1dccf49aaff : 2 : ittapi_config_apply_per_lib :  ITTAPI function not implemented: __itt_state_set
11584 : 0x1dccf49ab06 : 2 : ittapi_config_apply_per_lib :  ITTAPI function not implemented: __itt_obj_mode_set
11584 : 0x1dccf49ab0d : 2 : ittapi_config_apply_per_lib :  ITTAPI function not implemented: __itt_thr_mode_set
11584 : 0x1dccf49ab2f : 2 : ittapi_config_apply_per_lib :  ITTAPI function instrumented: __itt_frame_createA
11584 : 0x1dccf49ab36 : 2 : ittapi_config_apply_per_lib :  ITTAPI function instrumented: __itt_frame_createW
11584 : 0x1dccf49ab3c : 2 : ittapi_config_apply_per_lib :  ITTAPI function instrumented: __itt_frame_begin
11584 : 0x1dccf49ab43 : 2 : ittapi_config_apply_per_lib :  ITTAPI function instrumented: __itt_frame_end
11584 : 0x1dccf49ab4a : 2 : ittapi_config_apply_per_lib :  ITTAPI function not implemented: __itt_counter_destroy
11584 : 0x1dccf49ab51 : 2 : ittapi_config_apply_per_lib :  ITTAPI function instrumented: __itt_counter_inc
11584 : 0x1dccf49ab58 : 2 : ittapi_config_apply_per_lib :  ITTAPI function instrumented: __itt_counter_inc_delta
11584 : 0x1dccf49ab5e : 2 : ittapi_config_apply_per_lib :  ITTAPI function instrumented: __itt_counter_dec
11584 : 0x1dccf49ab64 : 2 : ittapi_config_apply_per_lib :  ITTAPI function instrumented: __itt_counter_dec_delta
11584 : 0x1dccf49ab6b : 2 : ittapi_config_apply_per_lib :  ITTAPI function instrumented: __itt_counter_set_value
11584 : 0x1dccf49ab86 : 2 : ittapi_config_apply_per_lib :  ITTAPI function not implemented: __itt_counter_set_value_ex
11584 : 0x1dccf49ab8d : 2 : ittapi_config_apply_per_lib :  ITTAPI function not implemented: __itt_mark_createA
11584 : 0x1dccf49ab94 : 2 : ittapi_config_apply_per_lib :  ITTAPI function not implemented: __itt_mark_createW
11584 : 0x1dccf49ab9b : 2 : ittapi_config_apply_per_lib :  ITTAPI function not implemented: __itt_markA
11584 : 0x1dccf49aba2 : 2 : ittapi_config_apply_per_lib :  ITTAPI function not implemented: __itt_markW
11584 : 0x1dccf49aba8 : 2 : ittapi_config_apply_per_lib :  ITTAPI function not implemented: __itt_mark_off
11584 : 0x1dccf49abaf : 2 : ittapi_config_apply_per_lib :  ITTAPI function not implemented: __itt_mark_globalA
11584 : 0x1dccf49abb5 : 2 : ittapi_config_apply_per_lib :  ITTAPI function not implemented: __itt_mark_globalW
11584 : 0x1dccf49abbc : 2 : ittapi_config_apply_per_lib :  ITTAPI function not implemented: __itt_mark_global_off
11584 : 0x1dccf49abc4 : 2 : ittapi_config_apply_per_lib :  ITTAPI function instrumented: __itt_stack_caller_create
11584 : 0x1dccf49abe6 : 2 : ittapi_config_apply_per_lib :  ITTAPI function instrumented: __itt_stack_caller_destroy
11584 : 0x1dccf49abed : 2 : ittapi_config_apply_per_lib :  ITTAPI function instrumented: __itt_stack_callee_enter
11584 : 0x1dccf49abf4 : 2 : ittapi_config_apply_per_lib :  ITTAPI function instrumented: __itt_stack_callee_leave
11584 : 0x1dccf49abfb : 2 : ittapi_config_apply_per_lib :  ITTAPI function not implemented: __itt_clock_domain_create
11584 : 0x1dccf49ac02 : 2 : ittapi_config_apply_per_lib :  ITTAPI function not implemented: __itt_clock_domain_reset
11584 : 0x1dccf49ac09 : 2 : ittapi_config_apply_per_lib :  ITTAPI function not implemented: __itt_id_create_ex
11584 : 0x1dccf49ac0f : 2 : ittapi_config_apply_per_lib :  ITTAPI function not implemented: __itt_id_destroy_ex
11584 : 0x1dccf49ac16 : 2 : ittapi_config_apply_per_lib :  ITTAPI function not implemented: __itt_task_begin_ex
11584 : 0x1dccf49ac1d : 2 : ittapi_config_apply_per_lib :  ITTAPI function not implemented: __itt_task_begin_fn_ex
11584 : 0x1dccf49ac25 : 2 : ittapi_config_apply_per_lib :  ITTAPI function not implemented: __itt_task_end_ex
11584 : 0x1dccf49ac44 : 2 : ittapi_config_apply_per_lib :  ITTAPI function instrumented: __itt_task_begin_overlapped
11584 : 0x1dccf49ac4c : 2 : ittapi_config_apply_per_lib :  ITTAPI function not implemented: __itt_task_begin_overlapped_ex
11584 : 0x1dccf49ac53 : 2 : ittapi_config_apply_per_lib :  ITTAPI function instrumented: __itt_task_end_overlapped
11584 : 0x1dccf49ac5a : 2 : ittapi_config_apply_per_lib :  ITTAPI function not implemented: __itt_task_end_overlapped_ex
11584 : 0x1dccf49ac61 : 2 : ittapi_config_apply_per_lib :  ITTAPI function not implemented: __itt_marker_ex
11584 : 0x1dccf49ac68 : 2 : ittapi_config_apply_per_lib :  ITTAPI function not implemented: __itt_metadata_add_with_scope
11584 : 0x1dccf49ac6f : 2 : ittapi_config_apply_per_lib :  ITTAPI function not implemented: __itt_metadata_str_add_with_scopeA
11584 : 0x1dccf49ac76 : 2 : ittapi_config_apply_per_lib :  ITTAPI function not implemented: __itt_metadata_str_add_with_scopeW
11584 : 0x1dccf49ac7d : 2 : ittapi_config_apply_per_lib :  ITTAPI function not implemented: __itt_relation_add_to_current_ex
11584 : 0x1dccf49ac85 : 2 : ittapi_config_apply_per_lib :  ITTAPI function not implemented: __itt_relation_add_ex
11584 : 0x1dccf49ac9f : 2 : ittapi_config_apply_per_lib :  ITTAPI function not implemented: __itt_track_group_create
11584 : 0x1dccf49aca7 : 2 : ittapi_config_apply_per_lib :  ITTAPI function not implemented: __itt_track_create
11584 : 0x1dccf49acae : 2 : ittapi_config_apply_per_lib :  ITTAPI function not implemented: __itt_set_track
11584 : 0x1dccf49acb4 : 2 : ittapi_config_apply_per_lib :  ITTAPI function instrumented: __itt_api_version
11584 : 0x1dccf49acbb : 2 : ittapi_config_apply_per_lib :  ITTAPI function not implemented: __itt_av_saveA
11584 : 0x1dccf49acc2 : 2 : ittapi_config_apply_per_lib :  ITTAPI function not implemented: __itt_av_saveW
11584 : 0x1dccf49acc9 : 2 : ittapi_config_apply_per_lib :  ITTAPI function instrumented: __itt_module_loadA
11584 : 0x1dccf49accf : 2 : ittapi_config_apply_per_lib :  ITTAPI function instrumented: __itt_module_loadW