<?xml version="1.0" encoding="utf-8" ?>
<!-- DO NOT EDIT THIS FILE -->

<log version='2.0' source='tcet'>
	<!-- Opened annotation file F:\Program Files (x86)\IntelSWTools\Inspector 2019\bin64\..\config\tc\qt.ant -->
	<!-- Opened annotation file F:\Program Files (x86)\IntelSWTools\Inspector 2019\bin64\..\config\tc\cpp11.ant -->
	<!-- Opened annotation file F:\Program Files (x86)\IntelSWTools\Inspector 2019\bin64\..\config\tc\fortran.ant -->
	<!-- Opened annotation file F:\Program Files (x86)\IntelSWTools\Inspector 2019\bin64\..\config\tc\icl.ant -->
	<!-- Opened annotation file F:\Program Files (x86)\IntelSWTools\Inspector 2019\bin64\..\config\tc\allocators.ant -->
	<!-- Opened annotation file F:\Program Files (x86)\IntelSWTools\Inspector 2019\bin64\..\config\tc\boost.ant -->
	<!-- Opened annotation file F:\Program Files (x86)\IntelSWTools\Inspector 2019\bin64\..\config\tc\system_api_filter.ant -->
	<!-- Opened annotation file F:\Program Files (x86)\IntelSWTools\Inspector 2019\bin64\..\config\tc\system_api.ant -->
	<msg id='1' display='false' source='tccore'>
		<type>START</type>
		<severity>INFO</severity>
		<timestamp>Sun May 24 17:36:14 2020</timestamp>
	</msg>
	<!-- Successfully loaded CCRT 13.4.2 at address 0x75450000 - 0x757e6000 -->
	<!-- Successfully loaded the TC Analysis Core 8.12.15 at address 0x7fff531e0000 - 0x7fff5320f000 -->
	<!-- Successfully loaded the TC Instrumentation Engine 8.12.15 at address 0x75870000 - 0x75ab1000 -->
	<!-- This is the instance of interest -->
	<msg id='2' source='tcet'>
		<type>EXEC_OF_INTEREST</type>
		<severity>INFO</severity>
		<timestamp>Sun May 24 17:36:14 2020</timestamp>
		<arg name='process'>c:\users\jam\source\repos\parallel\x64\release\parallel.exe</arg>
		<arg name='pid'>1684</arg>
	</msg>
	<msg id='3' source='tcet'>
		<type>LOAD_MODULE</type>
		<severity>INFO</severity>
		<timestamp>Sun May 24 17:36:14 2020</timestamp>
		<arg name='module'>c:\users\jam\source\repos\parallel\x64\release\parallel.exe</arg>
		<arg name='basement'>0x7ff787f20000</arg>
		<arg name='ceiling'>0x7ff787f43fff</arg>
	</msg>
	<msg id='4' source='tcet'>
		<type>LOAD_MODULE</type>
		<severity>INFO</severity>
		<timestamp>Sun May 24 17:36:14 2020</timestamp>
		<arg name='module'>c:\windows\system32\kernelbase.dll</arg>
		<arg name='basement'>0x7fffb81b0000</arg>
		<arg name='ceiling'>0x7fffb8422fff</arg>
	</msg>
	<!-- Target OS: Win8 or Server 2K2012 or later -->
	<msg id='5' source='tcet'>
		<type>LOAD_MODULE</type>
		<severity>INFO</severity>
		<timestamp>Sun May 24 17:36:14 2020</timestamp>
		<arg name='module'>c:\windows\system32\kernel32.dll</arg>
		<arg name='basement'>0x7fffbad00000</arg>
		<arg name='ceiling'>0x7fffbadb0fff</arg>
	</msg>
	<!-- Target OS: Win8 or Server 2K2012 or later -->
	<msg id='6' source='tcet'>
		<type>LOAD_MODULE</type>
		<severity>INFO</severity>
		<timestamp>Sun May 24 17:36:14 2020</timestamp>
		<arg name='module'>c:\windows\system32\ntdll.dll</arg>
		<arg name='basement'>0x7fffbb8e0000</arg>
		<arg name='ceiling'>0x7fffbbac0fff</arg>
	</msg>
	<!-- Target OS: Win8 or Server 2K2012 or later -->
	<msg id='7' source='tcet'>
		<type>LOAD_MODULE</type>
		<severity>INFO</severity>
		<timestamp>Sun May 24 17:36:15 2020</timestamp>
		<arg name='module'>c:\windows\system32\ucrtbase.dll</arg>
		<arg name='basement'>0x7fffb8050000</arg>
		<arg name='ceiling'>0x7fffb8147fff</arg>
	</msg>
	<msg id='8' source='tcet'>
		<type>LOAD_MODULE</type>
		<severity>INFO</severity>
		<timestamp>Sun May 24 17:36:15 2020</timestamp>
		<arg name='module'>c:\windows\system32\msvcp140.dll</arg>
		<arg name='basement'>0x7fffa5170000</arg>
		<arg name='ceiling'>0x7fffa5208fff</arg>
	</msg>
	<msg id='9' source='tcet'>
		<type>LOAD_MODULE</type>
		<severity>INFO</severity>
		<timestamp>Sun May 24 17:36:16 2020</timestamp>
		<arg name='module'>c:\windows\system32\vcruntime140.dll</arg>
		<arg name='basement'>0x7fffa5400000</arg>
		<arg name='ceiling'>0x7fffa5415fff</arg>
	</msg>
	<!-- Found ZCA section with version 1.1 -->
	<!-- Found ZCA section with version 1.1 -->
	<!-- Found ZCA section with version 1.1 -->
	<!-- Found ZCA section with version 1.1 -->
	<!-- Found ZCA section with version 1.1 -->
	<!-- Found ZCA section with version 1.1 -->
	<!-- Found ZCA section with version 1.1 -->
	<!-- Found ZCA section with version 1.1 -->
	<!-- Found ZCA section with version 1.1 -->
	<!-- Found ZCA section with version 1.1 -->
	<!-- Found ZCA section with version 1.1 -->
	<!-- Found ZCA section with version 1.1 -->
	<!-- Found ZCA section with version 1.1 -->
	<!-- Found ZCA section with version 1.1 -->
	<!-- Found ZCA section with version 1.1 -->
	<!-- Found ZCA section with version 1.1 -->
	<!-- Found ZCA section with version 1.1 -->
	<!-- Found ZCA section with version 1.1 -->
	<!-- Found ZCA section with version 1.1 -->
	<!-- Found ZCA section with version 1.1 -->
	<!-- Found ZCA section with version 1.1 -->
	<!-- Found ZCA section with version 1.1 -->
	<!-- Found ZCA section with version 1.1 -->
	<msg id='10' source='tcet'>
		<type>LOAD_MODULE</type>
		<severity>INFO</severity>
		<timestamp>Sun May 24 17:36:16 2020</timestamp>
		<arg name='module'>f:\program files (x86)\intelswtools\compilers_and_libraries_2019\windows\redist\intel64\compiler\cilkrts20.dll</arg>
		<arg name='basement'>0x7fff5cbd0000</arg>
		<arg name='ceiling'>0x7fff5cc22fff</arg>
	</msg>
	<msg id='11' source='tcet'>
		<type>LOAD_MODULE</type>
		<severity>INFO</severity>
		<timestamp>Sun May 24 17:36:16 2020</timestamp>
		<arg name='module'>c:\windows\system32\user32.dll</arg>
		<arg name='basement'>0x7fffbaaf0000</arg>
		<arg name='ceiling'>0x7fffbac7ffff</arg>
	</msg>
	<msg id='12' source='tcet'>
		<type>LOAD_MODULE</type>
		<severity>INFO</severity>
		<timestamp>Sun May 24 17:36:16 2020</timestamp>
		<arg name='module'>c:\windows\system32\win32u.dll</arg>
		<arg name='basement'>0x7fffb8430000</arg>
		<arg name='ceiling'>0x7fffb844ffff</arg>
	</msg>
	<!-- Routine at entry point of image c:\windows\system32\win32u.dll is invalid -->
	<msg id='13' source='tcet'>
		<type>LOAD_MODULE</type>
		<severity>INFO</severity>
		<timestamp>Sun May 24 17:36:16 2020</timestamp>
		<arg name='module'>c:\windows\system32\gdi32.dll</arg>
		<arg name='basement'>0x7fffbb520000</arg>
		<arg name='ceiling'>0x7fffbb547fff</arg>
	</msg>
	<msg id='14' source='tcet'>
		<type>LOAD_MODULE</type>
		<severity>INFO</severity>
		<timestamp>Sun May 24 17:36:16 2020</timestamp>
		<arg name='module'>c:\windows\system32\gdi32full.dll</arg>
		<arg name='basement'>0x7fffb7db0000</arg>
		<arg name='ceiling'>0x7fffb7f40fff</arg>
	</msg>
	<msg id='15' source='tcet'>
		<type>LOAD_MODULE</type>
		<severity>INFO</severity>
		<timestamp>Sun May 24 17:36:16 2020</timestamp>
		<arg name='module'>c:\windows\system32\msvcp_win.dll</arg>
		<arg name='basement'>0x7fffb7d10000</arg>
		<arg name='ceiling'>0x7fffb7daefff</arg>
	</msg>
	<msg id='16' source='tcet'>
		<type>LOAD_MODULE</type>
		<severity>INFO</severity>
		<timestamp>Sun May 24 17:36:18 2020</timestamp>
		<arg name='module'>c:\windows\system32\imm32.dll</arg>
		<arg name='basement'>0x7fffb9280000</arg>
		<arg name='ceiling'>0x7fffb92acfff</arg>
	</msg>
	<msg id='17' source='tcet'>
		<type>LOAD_MODULE</type>
		<severity>INFO</severity>
		<timestamp>Sun May 24 17:36:18 2020</timestamp>
		<arg name='module'>f:\program files (x86)\intelswtools\inspector 2019\bin64\runtime\libittnotify.dll</arg>
		<arg name='basement'>0x7fff6b380000</arg>
		<arg name='ceiling'>0x7fff6b3b3fff</arg>
	</msg>
	<!-- Target OS: Win8 or Server 2K2012 or later -->
	<msg id='18' display='false' source='tcet'>
		<type>THREADNAME</type>
		<severity>INFO</severity>
		<timestamp>Sun May 24 17:36:20 2020</timestamp>
		<arg name='tid'>8384</arg>
		<arg name='name'>Cilk Worker</arg>
	</msg>
	<msg id='19' display='false' source='tcet'>
		<type>THREADNAME</type>
		<severity>INFO</severity>
		<timestamp>Sun May 24 17:36:20 2020</timestamp>
		<arg name='tid'>7176</arg>
		<arg name='name'>Cilk Worker</arg>
	</msg>
	<msg id='20' display='false' source='tcet'>
		<type>THREADNAME</type>
		<severity>INFO</severity>
		<timestamp>Sun May 24 17:36:20 2020</timestamp>
		<arg name='tid'>6912</arg>
		<arg name='name'>Cilk Worker</arg>
	</msg>
	<msg id='21' display='false' source='tcet'>
		<type>HEARTBEAT</type>
		<severity>INFO</severity>
		<timestamp>Sun May 24 17:36:20 2020</timestamp>
		<arg name='tids'>8384,7176,6912,6600,8448,12240,11120</arg>
		<arg name='syscalls'>0,0,0,1,1,1,0</arg>
		<arg name='calls'>30513,115957,948311,928,1061,5085,28458</arg>
	</msg>
	<msg id='22' display='false' source='tcet'>
		<type>HEARTBEAT</type>
		<severity>INFO</severity>
		<timestamp>Sun May 24 17:36:21 2020</timestamp>
		<arg name='tids'>8384,7176,6912,6600,8448,12240,11120</arg>
		<arg name='syscalls'>1,1,1,1,1,1,0</arg>
		<arg name='calls'>413495,478793,998828,0,0,0,247266</arg>
	</msg>
	<msg id='23' source='tcet'>
		<type>LOAD_MODULE</type>
		<severity>INFO</severity>
		<timestamp>Sun May 24 17:36:22 2020</timestamp>
		<arg name='module'>c:\windows\system32\kernel.appcore.dll</arg>
		<arg name='basement'>0x7fffb7c50000</arg>
		<arg name='ceiling'>0x7fffb7c60fff</arg>
	</msg>
	<msg id='24' source='tcet'>
		<type>LOAD_MODULE</type>
		<severity>INFO</severity>
		<timestamp>Sun May 24 17:36:22 2020</timestamp>
		<arg name='module'>c:\windows\system32\msvcrt.dll</arg>
		<arg name='basement'>0x7fffbb800000</arg>
		<arg name='ceiling'>0x7fffbb89dfff</arg>
	</msg>
	<msg id='25' display='false' source='tcet'>
		<type>HEARTBEAT</type>
		<severity>INFO</severity>
		<timestamp>Sun May 24 17:36:22 2020</timestamp>
		<arg name='tids'>8384,7176,6912,6600,8448,12240,11120</arg>
		<arg name='syscalls'>1,1,1,0,1,1,1</arg>
		<arg name='calls'>0,0,0,109,0,0,221456</arg>
	</msg>
	<msg id='26' source='tcet'>
		<type>LOAD_MODULE</type>
		<severity>INFO</severity>
		<timestamp>Sun May 24 17:36:22 2020</timestamp>
		<arg name='module'>c:\windows\system32\rpcrt4.dll</arg>
		<arg name='basement'>0x7fffb90f0000</arg>
		<arg name='ceiling'>0x7fffb9213fff</arg>
	</msg>
	<!-- A thread end notification for 2 was received by thread 0 -->
	<!-- A thread end notification for 3 was received by thread 0 -->
	<!-- A thread end notification for 4 was received by thread 0 -->
	<!-- A thread end notification for 5 was received by thread 0 -->
	<!-- A thread end notification for 6 was received by thread 0 -->
	<!-- A thread end notification for 7 was received by thread 0 -->
	<msg id='27' source='tcet'>
		<type>UNLOAD_MODULE</type>
		<severity>INFO</severity>
		<timestamp>Sun May 24 17:36:22 2020</timestamp>
		<arg name='module'>c:\users\jam\source\repos\parallel\x64\release\parallel.exe</arg>
	</msg>
	<msg id='28' source='tcet'>
		<type>UNLOAD_MODULE</type>
		<severity>INFO</severity>
		<timestamp>Sun May 24 17:36:22 2020</timestamp>
		<arg name='module'>c:\windows\system32\kernelbase.dll</arg>
	</msg>
	<msg id='29' source='tcet'>
		<type>UNLOAD_MODULE</type>
		<severity>INFO</severity>
		<timestamp>Sun May 24 17:36:22 2020</timestamp>
		<arg name='module'>c:\windows\system32\kernel32.dll</arg>
	</msg>
	<msg id='30' source='tcet'>
		<type>UNLOAD_MODULE</type>
		<severity>INFO</severity>
		<timestamp>Sun May 24 17:36:22 2020</timestamp>
		<arg name='module'>c:\windows\system32\ntdll.dll</arg>
	</msg>
	<msg id='31' source='tcet'>
		<type>UNLOAD_MODULE</type>
		<severity>INFO</severity>
		<timestamp>Sun May 24 17:36:22 2020</timestamp>
		<arg name='module'>c:\windows\system32\ucrtbase.dll</arg>
	</msg>
	<msg id='32' source='tcet'>
		<type>UNLOAD_MODULE</type>
		<severity>INFO</severity>
		<timestamp>Sun May 24 17:36:22 2020</timestamp>
		<arg name='module'>c:\windows\system32\msvcp140.dll</arg>
	</msg>
	<msg id='33' source='tcet'>
		<type>UNLOAD_MODULE</type>
		<severity>INFO</severity>
		<timestamp>Sun May 24 17:36:22 2020</timestamp>
		<arg name='module'>c:\windows\system32\vcruntime140.dll</arg>
	</msg>
	<msg id='34' source='tcet'>
		<type>UNLOAD_MODULE</type>
		<severity>INFO</severity>
		<timestamp>Sun May 24 17:36:22 2020</timestamp>
		<arg name='module'>f:\program files (x86)\intelswtools\compilers_and_libraries_2019\windows\redist\intel64\compiler\cilkrts20.dll</arg>
	</msg>
	<msg id='35' source='tcet'>
		<type>UNLOAD_MODULE</type>
		<severity>INFO</severity>
		<timestamp>Sun May 24 17:36:22 2020</timestamp>
		<arg name='module'>c:\windows\system32\user32.dll</arg>
	</msg>
	<msg id='36' source='tcet'>
		<type>UNLOAD_MODULE</type>
		<severity>INFO</severity>
		<timestamp>Sun May 24 17:36:22 2020</timestamp>
		<arg name='module'>c:\windows\system32\win32u.dll</arg>
	</msg>
	<msg id='37' source='tcet'>
		<type>UNLOAD_MODULE</type>
		<severity>INFO</severity>
		<timestamp>Sun May 24 17:36:22 2020</timestamp>
		<arg name='module'>c:\windows\system32\gdi32.dll</arg>
	</msg>
	<msg id='38' source='tcet'>
		<type>UNLOAD_MODULE</type>
		<severity>INFO</severity>
		<timestamp>Sun May 24 17:36:22 2020</timestamp>
		<arg name='module'>c:\windows\system32\gdi32full.dll</arg>
	</msg>
	<msg id='39' source='tcet'>
		<type>UNLOAD_MODULE</type>
		<severity>INFO</severity>
		<timestamp>Sun May 24 17:36:22 2020</timestamp>
		<arg name='module'>c:\windows\system32\msvcp_win.dll</arg>
	</msg>
	<msg id='40' source='tcet'>
		<type>UNLOAD_MODULE</type>
		<severity>INFO</severity>
		<timestamp>Sun May 24 17:36:22 2020</timestamp>
		<arg name='module'>c:\windows\system32\imm32.dll</arg>
	</msg>
	<msg id='41' source='tcet'>
		<type>UNLOAD_MODULE</type>
		<severity>INFO</severity>
		<timestamp>Sun May 24 17:36:22 2020</timestamp>
		<arg name='module'>f:\program files (x86)\intelswtools\inspector 2019\bin64\runtime\libittnotify.dll</arg>
	</msg>
	<msg id='42' source='tcet'>
		<type>UNLOAD_MODULE</type>
		<severity>INFO</severity>
		<timestamp>Sun May 24 17:36:22 2020</timestamp>
		<arg name='module'>c:\windows\system32\kernel.appcore.dll</arg>
	</msg>
	<msg id='43' source='tcet'>
		<type>UNLOAD_MODULE</type>
		<severity>INFO</severity>
		<timestamp>Sun May 24 17:36:22 2020</timestamp>
		<arg name='module'>c:\windows\system32\msvcrt.dll</arg>
	</msg>
	<msg id='44' source='tcet'>
		<type>UNLOAD_MODULE</type>
		<severity>INFO</severity>
		<timestamp>Sun May 24 17:36:22 2020</timestamp>
		<arg name='module'>c:\windows\system32\rpcrt4.dll</arg>
	</msg>
	<msg id='45' source='tcet'>
		<type>PROCESS_TERMINATE</type>
		<severity>INFO</severity>
		<timestamp>Sun May 24 17:36:22 2020</timestamp>
		<arg name='process'>c:\users\jam\source\repos\parallel\x64\release\parallel.exe</arg>
		<arg name='pid'>1684</arg>
	</msg>
	<msg id='46' display='false' source='tccore'>
		<type>ANALYSIS_COMPLETE</type>
		<severity>INFO</severity>
		<timestamp>Sun May 24 17:36:22 2020</timestamp>
	</msg>
	<msg id='47' display='false' source='tccore'>
		<type>STOP</type>
		<severity>INFO</severity>
		<timestamp>Sun May 24 17:36:22 2020</timestamp>
	</msg>
</log>