<?xml version="1.0" encoding="utf-8"?>
<log version="1.0" tool="runtool">

<msg id="1" tool="runtool">
  <type>log-start</type>
  <arg>2020/05/24 17:58:21</arg>
</msg>
<msg id="2" tool="runtool">
  <type>collector-starts</type>
</msg>
<msg id="3" tool="runtool">
  <type>marker-file</type>
  <arg>C:\Users\Jam\source\repos\Parallel\Parallel\My Inspector Results - Parallel\r004mi1\r004mi1.inspxe</arg>
</msg>
<msg id="4" tool="mc">
  <type>EXEC_OF_INTEREST</type>
  <arg>c:\users\jam\source\repos\parallel\x64\debug\parallel.exe</arg>
  <arg>9372</arg>
  <severity>INFO</severity>
  <timestamp>Sun May 24 17:58:22 2020</timestamp>
</msg>
<msg id="5" tool="mc">
  <type>MODULE_LOAD</type>
  <arg>c:\users\jam\source\repos\parallel\x64\debug\parallel.exe</arg>
  <arg>0x7ff748f20000</arg>
  <arg>0x7ff748f72fff</arg>
  <severity>INFO</severity>
  <timestamp>Sun May 24 17:58:22 2020</timestamp>
</msg>
<msg id="6" tool="mc">
  <type>MODULE_LOAD_NO_ANALYSIS</type>
  <arg>c:\windows\system32\kernelbase.dll</arg>
  <arg>0x7fffb81b0000</arg>
  <arg>0x7fffb8422fff</arg>
  <severity>INFO</severity>
  <timestamp>Sun May 24 17:58:22 2020</timestamp>
</msg>
<msg id="7" tool="mc">
  <type>MODULE_LOAD_NO_ANALYSIS</type>
  <arg>c:\windows\system32\kernel32.dll</arg>
  <arg>0x7fffbad00000</arg>
  <arg>0x7fffbadb0fff</arg>
  <severity>INFO</severity>
  <timestamp>Sun May 24 17:58:22 2020</timestamp>
</msg>
<msg id="8" tool="mc">
  <type>MODULE_LOAD_NO_ANALYSIS</type>
  <arg>c:\windows\system32\ntdll.dll</arg>
  <arg>0x7fffbb8e0000</arg>
  <arg>0x7fffbbac0fff</arg>
  <severity>INFO</severity>
  <timestamp>Sun May 24 17:58:23 2020</timestamp>
</msg>
<msg id="9" tool="mc">
  <type>MODULE_LOAD</type>
  <arg>f:\program files (x86)\intelswtools\inspector 2019\bin64\dnclrprofinfo.dll</arg>
  <arg>0x7fff7f560000</arg>
  <arg>0x7fff7f588fff</arg>
  <severity>INFO</severity>
  <timestamp>Sun May 24 17:58:23 2020</timestamp>
</msg>
<msg id="10" tool="mc">
  <type>MODULE_LOAD</type>
  <arg>c:\windows\system32\msvcp140d.dll</arg>
  <arg>0x7fff52b10000</arg>
  <arg>0x7fff52c00fff</arg>
  <severity>INFO</severity>
  <timestamp>Sun May 24 17:58:24 2020</timestamp>
</msg>
<msg id="11" tool="mc">
  <type>MODULE_LOAD</type>
  <arg>f:\program files (x86)\intelswtools\compilers_and_libraries_2019\windows\redist\intel64\compiler\libmmdd.dll</arg>
  <arg>0x7fff50260000</arg>
  <arg>0x7fff506c5fff</arg>
  <severity>INFO</severity>
  <timestamp>Sun May 24 17:58:24 2020</timestamp>
</msg>
<msg id="12" tool="mc">
  <type>MODULE_LOAD_NO_ANALYSIS</type>
  <arg>f:\program files (x86)\intelswtools\compilers_and_libraries_2019\windows\redist\intel64\compiler\cilkrts20.dll</arg>
  <arg>0x7fff69c90000</arg>
  <arg>0x7fff69ce2fff</arg>
  <severity>INFO</severity>
  <timestamp>Sun May 24 17:58:24 2020</timestamp>
</msg>
<msg id="13" tool="mc">
  <type>MODULE_LOAD_NO_ANALYSIS</type>
  <arg>c:\windows\system32\user32.dll</arg>
  <arg>0x7fffbaaf0000</arg>
  <arg>0x7fffbac7ffff</arg>
  <severity>INFO</severity>
  <timestamp>Sun May 24 17:58:24 2020</timestamp>
</msg>
<msg id="14" tool="mc">
  <type>MODULE_LOAD</type>
  <arg>c:\windows\system32\win32u.dll</arg>
  <arg>0x2cd0c680000</arg>
  <arg>0x2cd0c69ffff</arg>
  <severity>INFO</severity>
  <timestamp>Sun May 24 17:58:24 2020</timestamp>
</msg>
<msg id="15" tool="mc">
  <type>MODULE_LOAD_NO_ANALYSIS</type>
  <arg>c:\windows\system32\gdi32.dll</arg>
  <arg>0x7fffbb520000</arg>
  <arg>0x7fffbb547fff</arg>
  <severity>INFO</severity>
  <timestamp>Sun May 24 17:58:24 2020</timestamp>
</msg>
<msg id="16" tool="mc">
  <type>MODULE_LOAD_NO_ANALYSIS</type>
  <arg>c:\windows\system32\gdi32full.dll</arg>
  <arg>0x7fffb7db0000</arg>
  <arg>0x7fffb7f40fff</arg>
  <severity>INFO</severity>
  <timestamp>Sun May 24 17:58:24 2020</timestamp>
</msg>
<msg id="17" tool="mc">
  <type>MODULE_LOAD</type>
  <arg>c:\windows\system32\msvcp_win.dll</arg>
  <arg>0x7fffb7d10000</arg>
  <arg>0x7fffb7daefff</arg>
  <severity>INFO</severity>
  <timestamp>Sun May 24 17:58:24 2020</timestamp>
</msg>
<msg id="18" tool="mc">
  <type>MODULE_LOAD</type>
  <arg>c:\windows\system32\ucrtbase.dll</arg>
  <arg>0x7fffb8050000</arg>
  <arg>0x7fffb8147fff</arg>
  <severity>INFO</severity>
  <timestamp>Sun May 24 17:58:24 2020</timestamp>
</msg>
<msg id="19" tool="mc">
  <type>MODULE_LOAD</type>
  <arg>c:\windows\system32\vcruntime140d.dll</arg>
  <arg>0x7fff7da60000</arg>
  <arg>0x7fff7da81fff</arg>
  <severity>INFO</severity>
  <timestamp>Sun May 24 17:58:24 2020</timestamp>
</msg>
<msg id="20" tool="mc">
  <type>MODULE_LOAD</type>
  <arg>c:\windows\system32\ucrtbased.dll</arg>
  <arg>0x7fff514e0000</arg>
  <arg>0x7fff516a1fff</arg>
  <severity>INFO</severity>
  <timestamp>Sun May 24 17:58:24 2020</timestamp>
</msg>
<msg id="21" tool="mc">
  <type>MODULE_LOAD_NO_ANALYSIS</type>
  <arg>c:\windows\system32\imm32.dll</arg>
  <arg>0x7fffb9280000</arg>
  <arg>0x7fffb92acfff</arg>
  <severity>INFO</severity>
  <timestamp>Sun May 24 17:58:25 2020</timestamp>
</msg>
<msg id="22" tool="mc">
  <type>MODULE_LOAD_NO_ANALYSIS</type>
  <arg>f:\program files (x86)\intelswtools\inspector 2019\bin64\runtime\libittnotify.dll</arg>
  <arg>0x7fff69c50000</arg>
  <arg>0x7fff69c83fff</arg>
  <severity>INFO</severity>
  <timestamp>Sun May 24 17:58:25 2020</timestamp>
</msg>
<msg id="23" tool="mc">
  <type>MODULE_LOAD</type>
  <arg>c:\windows\system32\kernel.appcore.dll</arg>
  <arg>0x7fffb7c50000</arg>
  <arg>0x7fffb7c60fff</arg>
  <severity>INFO</severity>
  <timestamp>Sun May 24 17:58:26 2020</timestamp>
</msg>
<msg id="24" tool="mc">
  <type>MODULE_LOAD_NO_ANALYSIS</type>
  <arg>c:\windows\system32\msvcrt.dll</arg>
  <arg>0x7fffbb800000</arg>
  <arg>0x7fffbb89dfff</arg>
  <severity>INFO</severity>
  <timestamp>Sun May 24 17:58:26 2020</timestamp>
</msg>
<msg id="25" tool="mc">
  <type>MODULE_LOAD_NO_ANALYSIS</type>
  <arg>c:\windows\system32\rpcrt4.dll</arg>
  <arg>0x7fffb90f0000</arg>
  <arg>0x7fffb9213fff</arg>
  <severity>INFO</severity>
  <timestamp>Sun May 24 17:58:26 2020</timestamp>
</msg>
<msg id="26" tool="mc">
  <type>PROCESS_COMPLETE</type>
  <arg>c:\users\jam\source\repos\parallel\x64\debug\parallel.exe</arg>
  <arg>0</arg>
  <severity>INFO</severity>
  <timestamp>Sun May 24 17:58:26 2020</timestamp>
</msg>
<msg id="27" tool="mc">
  <type>ANALYSIS_COMPLETE</type>
  <arg>c:\users\jam\source\repos\parallel\x64\debug\parallel.exe</arg>
  <severity>INFO</severity>
  <timestamp>Sun May 24 17:58:26 2020</timestamp>
</msg>
<msg id="28" tool="runtool">
  <type>app-exit-code</type>
  <arg>0</arg>
</msg>
<msg id="29" tool="runtool">
  <type>marker-file</type>
  <arg>C:\Users\Jam\source\repos\Parallel\Parallel\My Inspector Results - Parallel\r004mi1\r004mi1.inspxe</arg>
</msg>
<msg id="30" tool="runtool">
  <type>collector-done</type>
</msg>
<msg id="31" tool="runtool">
  <type>log-end</type>
  <arg>2020/05/24 17:58:30</arg>
</msg>

</log>

