
13740 : 0x1dcc0fefe02 : 1 : spill_jit_data :  Jit agent is not initialized
13740 : 0x1dcc0ff032c : 2 : ittapi_config_mask_get :  --itt-config mask to be applied: 55
13740 : 0x1dcc0ff0373 : 2 : ittapi_config_apply_per_lib :  ITTAPI function instrumented: __itt_domain_createA
13740 : 0x1dcc0ff038a : 2 : ittapi_config_apply_per_lib :  ITTAPI function instrumented: __itt_domain_createW
13740 : 0x1dcc0ff039e : 2 : ittapi_config_apply_per_lib :  ITTAPI function instrumented: __itt_string_handle_createA
13740 : 0x1dcc0ff03af : 2 : ittapi_config_apply_per_lib :  ITTAPI function instrumented: __itt_string_handle_createW
13740 : 0x1dcc0ff03c0 : 2 : ittapi_config_apply_per_lib :  ITTAPI function instrumented: __itt_counter_createA
13740 : 0x1dcc0ff03cf : 2 : ittapi_config_apply_per_lib :  ITTAPI function instrumented: __itt_counter_createW
13740 : 0x1dcc0ff03df : 2 : ittapi_config_apply_per_lib :  ITTAPI function instrumented: __itt_counter_create_typedA
13740 : 0x1dcc0ff03ef : 2 : ittapi_config_apply_per_lib :  ITTAPI function instrumented: __itt_counter_create_typedW
13740 : 0x1dcc0ff05f5 : 2 : ittapi_config_apply_per_lib :  ITTAPI function instrumented: __itt_pause
13740 : 0x1dcc0ff0605 : 2 : ittapi_config_apply_per_lib :  ITTAPI function instrumented: __itt_resume
13740 : 0x1dcc0ff060e : 2 : ittapi_config_apply_per_lib :  ITTAPI function instrumented: __itt_thread_set_nameA
13740 : 0x1dcc0ff0619 : 2 : ittapi_config_apply_per_lib :  ITTAPI function instrumented: __itt_thread_set_nameW
13740 : 0x1dcc0ff0625 : 2 : ittapi_config_apply_per_lib :  ITTAPI function instrumented: __itt_thread_ignore
13740 : 0x1dcc0ff0630 : 2 : ittapi_config_apply_per_lib :  ITTAPI function instrumented: __itt_thr_name_setA
13740 : 0x1dcc0ff063a : 2 : ittapi_config_apply_per_lib :  ITTAPI function instrumented: __itt_thr_name_setW
13740 : 0x1dcc0ff0643 : 2 : ittapi_config_apply_per_lib :  ITTAPI function instrumented: __itt_thr_ignore
13740 : 0x1dcc0ff0651 : 2 : ittapi_config_apply_per_lib :  ITTAPI function not implemented: __itt_enable_attach
13740 : 0x1dcc0ff065b : 2 : ittapi_config_apply_per_lib :  ITTAPI function instrumented: __itt_detach
13740 : 0x1dcc0ff0690 : 2 : ittapi_config_apply_per_lib :  ITTAPI function NOT instrumented (not matched by --itt-config option): __itt_sync_createA

13740 : 0x1dcc0ff06af : 2 : ittapi_config_apply_per_lib :  ITTAPI function NOT instrumented (not matched by --itt-config option): __itt_sync_createW

13740 : 0x1dcc0ff06ba : 2 : ittapi_config_apply_per_lib :  ITTAPI function NOT instrumented (not matched by --itt-config option): __itt_sync_renameA

13740 : 0x1dcc0ff06c3 : 2 : ittapi_config_apply_per_lib :  ITTAPI function NOT instrumented (not matched by --itt-config option): __itt_sync_renameW

13740 : 0x1dcc0ff06cc : 2 : ittapi_config_apply_per_lib :  ITTAPI function NOT instrumented (not matched by --itt-config option): __itt_sync_destroy

13740 : 0x1dcc0ff06d5 : 2 : ittapi_config_apply_per_lib :  ITTAPI function NOT instrumented (not matched by --itt-config option): __itt_sync_prepare

13740 : 0x1dcc0ff06de : 2 : ittapi_config_apply_per_lib :  ITTAPI function NOT instrumented (not matched by --itt-config option): __itt_sync_cancel

13740 : 0x1dcc0ff06e6 : 2 : ittapi_config_apply_per_lib :  ITTAPI function NOT instrumented (not matched by --itt-config option): __itt_sync_acquired

13740 : 0x1dcc0ff06ef : 2 : ittapi_config_apply_per_lib :  ITTAPI function NOT instrumented (not matched by --itt-config option): __itt_sync_releasing

13740 : 0x1dcc0ff0700 : 2 : ittapi_config_apply_per_lib :  ITTAPI function not implemented: __itt_suppress_push
13740 : 0x1dcc0ff072b : 2 : ittapi_config_apply_per_lib :  ITTAPI function not implemented: __itt_suppress_pop
13740 : 0x1dcc0ff0737 : 2 : ittapi_config_apply_per_lib :  ITTAPI function not implemented: __itt_suppress_mark_range
13740 : 0x1dcc0ff0741 : 2 : ittapi_config_apply_per_lib :  ITTAPI function not implemented: __itt_suppress_clear_range
13740 : 0x1dcc0ff074a : 2 : ittapi_config_apply_per_lib :  ITTAPI function NOT instrumented (not matched by --itt-config option): __itt_sync_prepare

13740 : 0x1dcc0ff0753 : 2 : ittapi_config_apply_per_lib :  ITTAPI function NOT instrumented (not matched by --itt-config option): __itt_sync_cancel

13740 : 0x1dcc0ff075b : 2 : ittapi_config_apply_per_lib :  ITTAPI function NOT instrumented (not matched by --itt-config option): __itt_sync_acquired

13740 : 0x1dcc0ff0767 : 2 : ittapi_config_apply_per_lib :  ITTAPI function NOT instrumented (not matched by --itt-config option): __itt_sync_releasing

13740 : 0x1dcc0ff0788 : 2 : ittapi_config_apply_per_lib :  ITTAPI function not implemented: __itt_model_site_begin
13740 : 0x1dcc0ff0792 : 2 : ittapi_config_apply_per_lib :  ITTAPI function not implemented: __itt_model_site_end
13740 : 0x1dcc0ff0799 : 2 : ittapi_config_apply_per_lib :  ITTAPI function not implemented: __itt_model_task_begin
13740 : 0x1dcc0ff0836 : 2 : ittapi_config_apply_per_lib :  ITTAPI function not implemented: __itt_model_task_end
13740 : 0x1dcc0ff083e : 2 : ittapi_config_apply_per_lib :  ITTAPI function not implemented: __itt_model_lock_acquire
13740 : 0x1dcc0ff0846 : 2 : ittapi_config_apply_per_lib :  ITTAPI function not implemented: __itt_model_lock_release
13740 : 0x1dcc0ff084d : 2 : ittapi_config_apply_per_lib :  ITTAPI function not implemented: __itt_model_record_allocation
13740 : 0x1dcc0ff0854 : 2 : ittapi_config_apply_per_lib :  ITTAPI function not implemented: __itt_model_record_deallocation
13740 : 0x1dcc0ff085b : 2 : ittapi_config_apply_per_lib :  ITTAPI function not implemented: __itt_model_induction_uses
13740 : 0x1dcc0ff0862 : 2 : ittapi_config_apply_per_lib :  ITTAPI function not implemented: __itt_model_reduction_uses
13740 : 0x1dcc0ff0869 : 2 : ittapi_config_apply_per_lib :  ITTAPI function not implemented: __itt_model_observe_uses
13740 : 0x1dcc0ff0870 : 2 : ittapi_config_apply_per_lib :  ITTAPI function not implemented: __itt_model_clear_uses
13740 : 0x1dcc0ff0877 : 2 : ittapi_config_apply_per_lib :  ITTAPI function not implemented: __itt_model_site_beginW
13740 : 0x1dcc0ff089c : 2 : ittapi_config_apply_per_lib :  ITTAPI function not implemented: __itt_model_task_beginW
13740 : 0x1dcc0ff08a3 : 2 : ittapi_config_apply_per_lib :  ITTAPI function not implemented: __itt_model_iteration_taskW
13740 : 0x1dcc0ff08ab : 2 : ittapi_config_apply_per_lib :  ITTAPI function not implemented: __itt_model_site_beginA
13740 : 0x1dcc0ff08b2 : 2 : ittapi_config_apply_per_lib :  ITTAPI function not implemented: __itt_model_site_beginAL
13740 : 0x1dcc0ff08b9 : 2 : ittapi_config_apply_per_lib :  ITTAPI function not implemented: __itt_model_task_beginA
13740 : 0x1dcc0ff08c0 : 2 : ittapi_config_apply_per_lib :  ITTAPI function not implemented: __itt_model_task_beginAL
13740 : 0x1dcc0ff08c7 : 2 : ittapi_config_apply_per_lib :  ITTAPI function not implemented: __itt_model_iteration_taskA
13740 : 0x1dcc0ff08ce : 2 : ittapi_config_apply_per_lib :  ITTAPI function not implemented: __itt_model_iteration_taskAL
13740 : 0x1dcc0ff08d4 : 2 : ittapi_config_apply_per_lib :  ITTAPI function not implemented: __itt_model_site_end_2
13740 : 0x1dcc0ff08db : 2 : ittapi_config_apply_per_lib :  ITTAPI function not implemented: __itt_model_task_end_2
13740 : 0x1dcc0ff08f6 : 2 : ittapi_config_apply_per_lib :  ITTAPI function not implemented: __itt_model_lock_acquire_2
13740 : 0x1dcc0ff08fe : 2 : ittapi_config_apply_per_lib :  ITTAPI function not implemented: __itt_model_lock_release_2
13740 : 0x1dcc0ff0905 : 2 : ittapi_config_apply_per_lib :  ITTAPI function not implemented: __itt_model_aggregate_task
13740 : 0x1dcc0ff090c : 2 : ittapi_config_apply_per_lib :  ITTAPI function not implemented: __itt_model_disable_push
13740 : 0x1dcc0ff0912 : 2 : ittapi_config_apply_per_lib :  ITTAPI function not implemented: __itt_model_disable_pop
13740 : 0x1dcc0ff091a : 2 : ittapi_config_apply_per_lib :  ITTAPI function instrumented: __itt_heap_function_createA
13740 : 0x1dcc0ff0921 : 2 : ittapi_config_apply_per_lib :  ITTAPI function instrumented: __itt_heap_function_createW
13740 : 0x1dcc0ff0928 : 2 : ittapi_config_apply_per_lib :  ITTAPI function instrumented: __itt_heap_allocate_begin
13740 : 0x1dcc0ff092e : 2 : ittapi_config_apply_per_lib :  ITTAPI function instrumented: __itt_heap_allocate_end
13740 : 0x1dcc0ff0935 : 2 : ittapi_config_apply_per_lib :  ITTAPI function instrumented: __itt_heap_free_begin
13740 : 0x1dcc0ff0957 : 2 : ittapi_config_apply_per_lib :  ITTAPI function instrumented: __itt_heap_free_end
13740 : 0x1dcc0ff095e : 2 : ittapi_config_apply_per_lib :  ITTAPI function instrumented: __itt_heap_reallocate_begin
13740 : 0x1dcc0ff0965 : 2 : ittapi_config_apply_per_lib :  ITTAPI function instrumented: __itt_heap_reallocate_end
13740 : 0x1dcc0ff096d : 2 : ittapi_config_apply_per_lib :  ITTAPI function not implemented: __itt_heap_internal_access_begin
13740 : 0x1dcc0ff0974 : 2 : ittapi_config_apply_per_lib :  ITTAPI function not implemented: __itt_heap_internal_access_end
13740 : 0x1dcc0ff097b : 2 : ittapi_config_apply_per_lib :  ITTAPI function not implemented: __itt_heap_record_memory_growth_begin
13740 : 0x1dcc0ff0982 : 2 : ittapi_config_apply_per_lib :  ITTAPI function not implemented: __itt_heap_record_memory_growth_end
13740 : 0x1dcc0ff098a : 2 : ittapi_config_apply_per_lib :  ITTAPI function not implemented: __itt_heap_reset_detection
13740 : 0x1dcc0ff0991 : 2 : ittapi_config_apply_per_lib :  ITTAPI function not implemented: __itt_heap_record
13740 : 0x1dcc0ff0997 : 2 : ittapi_config_apply_per_lib :  ITTAPI function not implemented: __itt_id_create
13740 : 0x1dcc0ff09b8 : 2 : ittapi_config_apply_per_lib :  ITTAPI function not implemented: __itt_id_destroy
13740 : 0x1dcc0ff09bf : 2 : ittapi_config_apply_per_lib :  ITTAPI function instrumented: __itt_get_timestamp
13740 : 0x1dcc0ff09c6 : 2 : ittapi_config_apply_per_lib :  ITTAPI function not implemented: __itt_region_begin
13740 : 0x1dcc0ff09cd : 2 : ittapi_config_apply_per_lib :  ITTAPI function not implemented: __itt_region_end
13740 : 0x1dcc0ff09d4 : 2 : ittapi_config_apply_per_lib :  ITTAPI function instrumented: __itt_frame_begin_v3
13740 : 0x1dcc0ff09da : 2 : ittapi_config_apply_per_lib :  ITTAPI function instrumented: __itt_frame_end_v3
13740 : 0x1dcc0ff09e1 : 2 : ittapi_config_apply_per_lib :  ITTAPI function instrumented: __itt_frame_submit_v3
13740 : 0x1dcc0ff09e8 : 2 : ittapi_config_apply_per_lib :  ITTAPI function not implemented: __itt_task_group
13740 : 0x1dcc0ff09ee : 2 : ittapi_config_apply_per_lib :  ITTAPI function instrumented: __itt_task_begin
13740 : 0x1dcc0ff09f5 : 2 : ittapi_config_apply_per_lib :  ITTAPI function instrumented: __itt_task_begin_fn
13740 : 0x1dcc0ff0a10 : 2 : ittapi_config_apply_per_lib :  ITTAPI function instrumented: __itt_task_end
13740 : 0x1dcc0ff0a18 : 2 : ittapi_config_apply_per_lib :  ITTAPI function not implemented: __itt_counter_inc_v3
13740 : 0x1dcc0ff0a20 : 2 : ittapi_config_apply_per_lib :  ITTAPI function not implemented: __itt_counter_inc_delta_v3
13740 : 0x1dcc0ff0a27 : 2 : ittapi_config_apply_per_lib :  ITTAPI function not implemented: __itt_counter_dec_v3
13740 : 0x1dcc0ff0a2e : 2 : ittapi_config_apply_per_lib :  ITTAPI function not implemented: __itt_counter_dec_delta_v3
13740 : 0x1dcc0ff0a35 : 2 : ittapi_config_apply_per_lib :  ITTAPI function not implemented: __itt_marker
13740 : 0x1dcc0ff0a3b : 2 : ittapi_config_apply_per_lib :  ITTAPI function instrumented: __itt_metadata_add
13740 : 0x1dcc0ff0a42 : 2 : ittapi_config_apply_per_lib :  ITTAPI function not implemented: __itt_metadata_str_addA
13740 : 0x1dcc0ff0a49 : 2 : ittapi_config_apply_per_lib :  ITTAPI function not implemented: __itt_metadata_str_addW
13740 : 0x1dcc0ff0a50 : 2 : ittapi_config_apply_per_lib :  ITTAPI function not implemented: __itt_relation_add_to_current
13740 : 0x1dcc0ff0a6b : 2 : ittapi_config_apply_per_lib :  ITTAPI function not implemented: __itt_relation_add
13740 : 0x1dcc0ff0a72 : 2 : ittapi_config_apply_per_lib :  ITTAPI function instrumented: __itt_event_createA
13740 : 0x1dcc0ff0a78 : 2 : ittapi_config_apply_per_lib :  ITTAPI function instrumented: __itt_event_createW
13740 : 0x1dcc0ff0a7f : 2 : ittapi_config_apply_per_lib :  ITTAPI function instrumented: __itt_event_start
13740 : 0x1dcc0ff0a85 : 2 : ittapi_config_apply_per_lib :  ITTAPI function instrumented: __itt_event_end
13740 : 0x1dcc0ff0a8a : 2 : ittapi_config_apply_per_lib :  ITTAPI function NOT instrumented (not matched by --itt-config option): __itt_sync_set_nameA

13740 : 0x1dcc0ff0a91 : 2 : ittapi_config_apply_per_lib :  ITTAPI function NOT instrumented (not matched by --itt-config option): __itt_sync_set_nameW

13740 : 0x1dcc0ff0a98 : 2 : ittapi_config_apply_per_lib :  ITTAPI function NOT instrumented (not matched by --itt-config option): __itt_notify_sync_nameA

13740 : 0x1dcc0ff0a9f : 2 : ittapi_config_apply_per_lib :  ITTAPI function NOT instrumented (not matched by --itt-config option): __itt_notify_sync_nameW

13740 : 0x1dcc0ff0aa6 : 2 : ittapi_config_apply_per_lib :  ITTAPI function NOT instrumented (not matched by --itt-config option): __itt_notify_sync_prepare

13740 : 0x1dcc0ff0ac7 : 2 : ittapi_config_apply_per_lib :  ITTAPI function NOT instrumented (not matched by --itt-config option): __itt_notify_sync_cancel

13740 : 0x1dcc0ff0acf : 2 : ittapi_config_apply_per_lib :  ITTAPI function NOT instrumented (not matched by --itt-config option): __itt_notify_sync_acquired

13740 : 0x1dcc0ff0ad7 : 2 : ittapi_config_apply_per_lib :  ITTAPI function NOT instrumented (not matched by --itt-config option): __itt_notify_sync_releasing

13740 : 0x1dcc0ff0ae0 : 2 : ittapi_config_apply_per_lib :  ITTAPI function not implemented: __itt_memory_read
13740 : 0x1dcc0ff0ae7 : 2 : ittapi_config_apply_per_lib :  ITTAPI function not implemented: __itt_memory_write
13740 : 0x1dcc0ff0aee : 2 : ittapi_config_apply_per_lib :  ITTAPI function not implemented: __itt_memory_update
13740 : 0x1dcc0ff0af5 : 2 : ittapi_config_apply_per_lib :  ITTAPI function not implemented: __itt_state_get
13740 : 0x1dcc0ff0afc : 2 : ittapi_config_apply_per_lib :  ITTAPI function not implemented: __itt_state_set
13740 : 0x1dcc0ff0b02 : 2 : ittapi_config_apply_per_lib :  ITTAPI function not implemented: __itt_obj_mode_set
13740 : 0x1dcc0ff0b09 : 2 : ittapi_config_apply_per_lib :  ITTAPI function not implemented: __itt_thr_mode_set
13740 : 0x1dcc0ff0b29 : 2 : ittapi_config_apply_per_lib :  ITTAPI function instrumented: __itt_frame_createA
13740 : 0x1dcc0ff0b30 : 2 : ittapi_config_apply_per_lib :  ITTAPI function instrumented: __itt_frame_createW
13740 : 0x1dcc0ff0b36 : 2 : ittapi_config_apply_per_lib :  ITTAPI function instrumented: __itt_frame_begin
13740 : 0x1dcc0ff0b3d : 2 : ittapi_config_apply_per_lib :  ITTAPI function instrumented: __itt_frame_end
13740 : 0x1dcc0ff0b44 : 2 : ittapi_config_apply_per_lib :  ITTAPI function not implemented: __itt_counter_destroy
13740 : 0x1dcc0ff0b4b : 2 : ittapi_config_apply_per_lib :  ITTAPI function instrumented: __itt_counter_inc
13740 : 0x1dcc0ff0b51 : 2 : ittapi_config_apply_per_lib :  ITTAPI function instrumented: __itt_counter_inc_delta
13740 : 0x1dcc0ff0b58 : 2 : ittapi_config_apply_per_lib :  ITTAPI function instrumented: __itt_counter_dec
13740 : 0x1dcc0ff0b5e : 2 : ittapi_config_apply_per_lib :  ITTAPI function instrumented: __itt_counter_dec_delta
13740 : 0x1dcc0ff0b65 : 2 : ittapi_config_apply_per_lib :  ITTAPI function instrumented: __itt_counter_set_value
13740 : 0x1dcc0ff0b80 : 2 : ittapi_config_apply_per_lib :  ITTAPI function not implemented: __itt_counter_set_value_ex
13740 : 0x1dcc0ff0b87 : 2 : ittapi_config_apply_per_lib :  ITTAPI function not implemented: __itt_mark_createA
13740 : 0x1dcc0ff0b8e : 2 : ittapi_config_apply_per_lib :  ITTAPI function not implemented: __itt_mark_createW
13740 : 0x1dcc0ff0b94 : 2 : ittapi_config_apply_per_lib :  ITTAPI function not implemented: __itt_markA
13740 : 0x1dcc0ff0b9b : 2 : ittapi_config_apply_per_lib :  ITTAPI function not implemented: __itt_markW
13740 : 0x1dcc0ff0ba1 : 2 : ittapi_config_apply_per_lib :  ITTAPI function not implemented: __itt_mark_off
13740 : 0x1dcc0ff0ba8 : 2 : ittapi_config_apply_per_lib :  ITTAPI function not implemented: __itt_mark_globalA
13740 : 0x1dcc0ff0baf : 2 : ittapi_config_apply_per_lib :  ITTAPI function not implemented: __itt_mark_globalW
13740 : 0x1dcc0ff0bb5 : 2 : ittapi_config_apply_per_lib :  ITTAPI function not implemented: __itt_mark_global_off
13740 : 0x1dcc0ff0bbd : 2 : ittapi_config_apply_per_lib :  ITTAPI function instrumented: __itt_stack_caller_create
13740 : 0x1dcc0ff0c47 : 2 : ittapi_config_apply_per_lib :  ITTAPI function instrumented: __itt_stack_caller_destroy
13740 : 0x1dcc0ff0c4f : 2 : ittapi_config_apply_per_lib :  ITTAPI function instrumented: __itt_stack_callee_enter
13740 : 0x1dcc0ff0c56 : 2 : ittapi_config_apply_per_lib :  ITTAPI function instrumented: __itt_stack_callee_leave
13740 : 0x1dcc0ff0c5d : 2 : ittapi_config_apply_per_lib :  ITTAPI function not implemented: __itt_clock_domain_create
13740 : 0x1dcc0ff0c64 : 2 : ittapi_config_apply_per_lib :  ITTAPI function not implemented: __itt_clock_domain_reset
13740 : 0x1dcc0ff0c6b : 2 : ittapi_config_apply_per_lib :  ITTAPI function not implemented: __itt_id_create_ex
13740 : 0x1dcc0ff0c72 : 2 : ittapi_config_apply_per_lib :  ITTAPI function not implemented: __itt_id_destroy_ex
13740 : 0x1dcc0ff0c79 : 2 : ittapi_config_apply_per_lib :  ITTAPI function not implemented: __itt_task_begin_ex
13740 : 0x1dcc0ff0c80 : 2 : ittapi_config_apply_per_lib :  ITTAPI function not implemented: __itt_task_begin_fn_ex
13740 : 0x1dcc0ff0c87 : 2 : ittapi_config_apply_per_lib :  ITTAPI function not implemented: __itt_task_end_ex
13740 : 0x1dcc0ff0caa : 2 : ittapi_config_apply_per_lib :  ITTAPI function instrumented: __itt_task_begin_overlapped
13740 : 0x1dcc0ff0cb2 : 2 : ittapi_config_apply_per_lib :  ITTAPI function not implemented: __itt_task_begin_overlapped_ex
13740 : 0x1dcc0ff0cb8 : 2 : ittapi_config_apply_per_lib :  ITTAPI function instrumented: __itt_task_end_overlapped
13740 : 0x1dcc0ff0cc0 : 2 : ittapi_config_apply_per_lib :  ITTAPI function not implemented: __itt_task_end_overlapped_ex
13740 : 0x1dcc0ff0cc7 : 2 : ittapi_config_apply_per_lib :  ITTAPI function not implemented: __itt_marker_ex
13740 : 0x1dcc0ff0ccd : 2 : ittapi_config_apply_per_lib :  ITTAPI function not implemented: __itt_metadata_add_with_scope
13740 : 0x1dcc0ff0cd5 : 2 : ittapi_config_apply_per_lib :  ITTAPI function not implemented: __itt_metadata_str_add_with_scopeA
13740 : 0x1dcc0ff0cdc : 2 : ittapi_config_apply_per_lib :  ITTAPI function not implemented: __itt_metadata_str_add_with_scopeW
13740 : 0x1dcc0ff0ce3 : 2 : ittapi_config_apply_per_lib :  ITTAPI function not implemented: __itt_relation_add_to_current_ex
13740 : 0x1dcc0ff0cea : 2 : ittapi_config_apply_per_lib :  ITTAPI function not implemented: __itt_relation_add_ex
13740 : 0x1dcc0ff0d05 : 2 : ittapi_config_apply_per_lib :  ITTAPI function not implemented: __itt_track_group_create
13740 : 0x1dcc0ff0d0d : 2 : ittapi_config_apply_per_lib :  ITTAPI function not implemented: __itt_track_create
13740 : 0x1dcc0ff0d14 : 2 : ittapi_config_apply_per_lib :  ITTAPI function not implemented: __itt_set_track
13740 : 0x1dcc0ff0d1a : 2 : ittapi_config_apply_per_lib :  ITTAPI function instrumented: __itt_api_version
13740 : 0x1dcc0ff0d21 : 2 : ittapi_config_apply_per_lib :  ITTAPI function not implemented: __itt_av_saveA
13740 : 0x1dcc0ff0d28 : 2 : ittapi_config_apply_per_lib :  ITTAPI function not implemented: __itt_av_saveW
13740 : 0x1dcc0ff0d2e : 2 : ittapi_config_apply_per_lib :  ITTAPI function instrumented: __itt_module_loadA
13740 : 0x1dcc0ff0d35 : 2 : ittapi_config_apply_per_lib :  ITTAPI function instrumented: __itt_module_loadW