
9112 : 0x1dcc9032fb9 : 1 : spill_jit_data :  Jit agent is not initialized
9112 : 0x1dcc903348f : 2 : ittapi_config_mask_get :  --itt-config mask to be applied: 55
9112 : 0x1dcc90334c1 : 2 : ittapi_config_apply_per_lib :  ITTAPI function instrumented: __itt_domain_createA
9112 : 0x1dcc90334cb : 2 : ittapi_config_apply_per_lib :  ITTAPI function instrumented: __itt_domain_createW
9112 : 0x1dcc90334d3 : 2 : ittapi_config_apply_per_lib :  ITTAPI function instrumented: __itt_string_handle_createA
9112 : 0x1dcc90334db : 2 : ittapi_config_apply_per_lib :  ITTAPI function instrumented: __itt_string_handle_createW
9112 : 0x1dcc90334e2 : 2 : ittapi_config_apply_per_lib :  ITTAPI function instrumented: __itt_counter_createA
9112 : 0x1dcc90334e9 : 2 : ittapi_config_apply_per_lib :  ITTAPI function instrumented: __itt_counter_createW
9112 : 0x1dcc90334f0 : 2 : ittapi_config_apply_per_lib :  ITTAPI function instrumented: __itt_counter_create_typedA
9112 : 0x1dcc90334f7 : 2 : ittapi_config_apply_per_lib :  ITTAPI function instrumented: __itt_counter_create_typedW
9112 : 0x1dcc903367c : 2 : ittapi_config_apply_per_lib :  ITTAPI function instrumented: __itt_pause
9112 : 0x1dcc903368b : 2 : ittapi_config_apply_per_lib :  ITTAPI function instrumented: __itt_resume
9112 : 0x1dcc9033695 : 2 : ittapi_config_apply_per_lib :  ITTAPI function instrumented: __itt_thread_set_nameA
9112 : 0x1dcc903369c : 2 : ittapi_config_apply_per_lib :  ITTAPI function instrumented: __itt_thread_set_nameW
9112 : 0x1dcc90336a3 : 2 : ittapi_config_apply_per_lib :  ITTAPI function instrumented: __itt_thread_ignore
9112 : 0x1dcc90336aa : 2 : ittapi_config_apply_per_lib :  ITTAPI function instrumented: __itt_thr_name_setA
9112 : 0x1dcc90336b1 : 2 : ittapi_config_apply_per_lib :  ITTAPI function instrumented: __itt_thr_name_setW
9112 : 0x1dcc90336b8 : 2 : ittapi_config_apply_per_lib :  ITTAPI function instrumented: __itt_thr_ignore
9112 : 0x1dcc90336c3 : 2 : ittapi_config_apply_per_lib :  ITTAPI function not implemented: __itt_enable_attach
9112 : 0x1dcc90336cb : 2 : ittapi_config_apply_per_lib :  ITTAPI function instrumented: __itt_detach
9112 : 0x1dcc90336f6 : 2 : ittapi_config_apply_per_lib :  ITTAPI function NOT instrumented (not matched by --itt-config option): __itt_sync_createA

9112 : 0x1dcc90336fe : 2 : ittapi_config_apply_per_lib :  ITTAPI function NOT instrumented (not matched by --itt-config option): __itt_sync_createW

9112 : 0x1dcc9033705 : 2 : ittapi_config_apply_per_lib :  ITTAPI function NOT instrumented (not matched by --itt-config option): __itt_sync_renameA

9112 : 0x1dcc903370c : 2 : ittapi_config_apply_per_lib :  ITTAPI function NOT instrumented (not matched by --itt-config option): __itt_sync_renameW

9112 : 0x1dcc9033713 : 2 : ittapi_config_apply_per_lib :  ITTAPI function NOT instrumented (not matched by --itt-config option): __itt_sync_destroy

9112 : 0x1dcc903371a : 2 : ittapi_config_apply_per_lib :  ITTAPI function NOT instrumented (not matched by --itt-config option): __itt_sync_prepare

9112 : 0x1dcc9033721 : 2 : ittapi_config_apply_per_lib :  ITTAPI function NOT instrumented (not matched by --itt-config option): __itt_sync_cancel

9112 : 0x1dcc9033729 : 2 : ittapi_config_apply_per_lib :  ITTAPI function NOT instrumented (not matched by --itt-config option): __itt_sync_acquired

9112 : 0x1dcc9033730 : 2 : ittapi_config_apply_per_lib :  ITTAPI function NOT instrumented (not matched by --itt-config option): __itt_sync_releasing

9112 : 0x1dcc903374b : 2 : ittapi_config_apply_per_lib :  ITTAPI function not implemented: __itt_suppress_push
9112 : 0x1dcc903376a : 2 : ittapi_config_apply_per_lib :  ITTAPI function not implemented: __itt_suppress_pop
9112 : 0x1dcc9033772 : 2 : ittapi_config_apply_per_lib :  ITTAPI function not implemented: __itt_suppress_mark_range
9112 : 0x1dcc9033779 : 2 : ittapi_config_apply_per_lib :  ITTAPI function not implemented: __itt_suppress_clear_range
9112 : 0x1dcc903377e : 2 : ittapi_config_apply_per_lib :  ITTAPI function NOT instrumented (not matched by --itt-config option): __itt_sync_prepare

9112 : 0x1dcc9033785 : 2 : ittapi_config_apply_per_lib :  ITTAPI function NOT instrumented (not matched by --itt-config option): __itt_sync_cancel

9112 : 0x1dcc9033792 : 2 : ittapi_config_apply_per_lib :  ITTAPI function NOT instrumented (not matched by --itt-config option): __itt_sync_acquired

9112 : 0x1dcc9033799 : 2 : ittapi_config_apply_per_lib :  ITTAPI function NOT instrumented (not matched by --itt-config option): __itt_sync_releasing

9112 : 0x1dcc90337a2 : 2 : ittapi_config_apply_per_lib :  ITTAPI function not implemented: __itt_model_site_begin
9112 : 0x1dcc90337a9 : 2 : ittapi_config_apply_per_lib :  ITTAPI function not implemented: __itt_model_site_end
9112 : 0x1dcc90337b1 : 2 : ittapi_config_apply_per_lib :  ITTAPI function not implemented: __itt_model_task_begin
9112 : 0x1dcc903384d : 2 : ittapi_config_apply_per_lib :  ITTAPI function not implemented: __itt_model_task_end
9112 : 0x1dcc9033856 : 2 : ittapi_config_apply_per_lib :  ITTAPI function not implemented: __itt_model_lock_acquire
9112 : 0x1dcc903385d : 2 : ittapi_config_apply_per_lib :  ITTAPI function not implemented: __itt_model_lock_release
9112 : 0x1dcc9033865 : 2 : ittapi_config_apply_per_lib :  ITTAPI function not implemented: __itt_model_record_allocation
9112 : 0x1dcc903386c : 2 : ittapi_config_apply_per_lib :  ITTAPI function not implemented: __itt_model_record_deallocation
9112 : 0x1dcc9033874 : 2 : ittapi_config_apply_per_lib :  ITTAPI function not implemented: __itt_model_induction_uses
9112 : 0x1dcc903387a : 2 : ittapi_config_apply_per_lib :  ITTAPI function not implemented: __itt_model_reduction_uses
9112 : 0x1dcc9033881 : 2 : ittapi_config_apply_per_lib :  ITTAPI function not implemented: __itt_model_observe_uses
9112 : 0x1dcc9033888 : 2 : ittapi_config_apply_per_lib :  ITTAPI function not implemented: __itt_model_clear_uses
9112 : 0x1dcc903388f : 2 : ittapi_config_apply_per_lib :  ITTAPI function not implemented: __itt_model_site_beginW
9112 : 0x1dcc90338b4 : 2 : ittapi_config_apply_per_lib :  ITTAPI function not implemented: __itt_model_task_beginW
9112 : 0x1dcc90338bb : 2 : ittapi_config_apply_per_lib :  ITTAPI function not implemented: __itt_model_iteration_taskW
9112 : 0x1dcc90338c2 : 2 : ittapi_config_apply_per_lib :  ITTAPI function not implemented: __itt_model_site_beginA
9112 : 0x1dcc90338c9 : 2 : ittapi_config_apply_per_lib :  ITTAPI function not implemented: __itt_model_site_beginAL
9112 : 0x1dcc90338d0 : 2 : ittapi_config_apply_per_lib :  ITTAPI function not implemented: __itt_model_task_beginA
9112 : 0x1dcc90338e0 : 2 : ittapi_config_apply_per_lib :  ITTAPI function not implemented: __itt_model_task_beginAL
9112 : 0x1dcc90338e8 : 2 : ittapi_config_apply_per_lib :  ITTAPI function not implemented: __itt_model_iteration_taskA
9112 : 0x1dcc90338ef : 2 : ittapi_config_apply_per_lib :  ITTAPI function not implemented: __itt_model_iteration_taskAL
9112 : 0x1dcc90338f5 : 2 : ittapi_config_apply_per_lib :  ITTAPI function not implemented: __itt_model_site_end_2
9112 : 0x1dcc90338fc : 2 : ittapi_config_apply_per_lib :  ITTAPI function not implemented: __itt_model_task_end_2
9112 : 0x1dcc9033918 : 2 : ittapi_config_apply_per_lib :  ITTAPI function not implemented: __itt_model_lock_acquire_2
9112 : 0x1dcc903391f : 2 : ittapi_config_apply_per_lib :  ITTAPI function not implemented: __itt_model_lock_release_2
9112 : 0x1dcc9033927 : 2 : ittapi_config_apply_per_lib :  ITTAPI function not implemented: __itt_model_aggregate_task
9112 : 0x1dcc903392e : 2 : ittapi_config_apply_per_lib :  ITTAPI function not implemented: __itt_model_disable_push
9112 : 0x1dcc9033934 : 2 : ittapi_config_apply_per_lib :  ITTAPI function not implemented: __itt_model_disable_pop
9112 : 0x1dcc903393b : 2 : ittapi_config_apply_per_lib :  ITTAPI function instrumented: __itt_heap_function_createA
9112 : 0x1dcc9033942 : 2 : ittapi_config_apply_per_lib :  ITTAPI function instrumented: __itt_heap_function_createW
9112 : 0x1dcc9033949 : 2 : ittapi_config_apply_per_lib :  ITTAPI function instrumented: __itt_heap_allocate_begin
9112 : 0x1dcc9033950 : 2 : ittapi_config_apply_per_lib :  ITTAPI function instrumented: __itt_heap_allocate_end
9112 : 0x1dcc9033956 : 2 : ittapi_config_apply_per_lib :  ITTAPI function instrumented: __itt_heap_free_begin
9112 : 0x1dcc903397b : 2 : ittapi_config_apply_per_lib :  ITTAPI function instrumented: __itt_heap_free_end
9112 : 0x1dcc9033985 : 2 : ittapi_config_apply_per_lib :  ITTAPI function instrumented: __itt_heap_reallocate_begin
9112 : 0x1dcc9033990 : 2 : ittapi_config_apply_per_lib :  ITTAPI function instrumented: __itt_heap_reallocate_end
9112 : 0x1dcc903399b : 2 : ittapi_config_apply_per_lib :  ITTAPI function not implemented: __itt_heap_internal_access_begin
9112 : 0x1dcc90339a7 : 2 : ittapi_config_apply_per_lib :  ITTAPI function not implemented: __itt_heap_internal_access_end
9112 : 0x1dcc90339b2 : 2 : ittapi_config_apply_per_lib :  ITTAPI function not implemented: __itt_heap_record_memory_growth_begin
9112 : 0x1dcc90339be : 2 : ittapi_config_apply_per_lib :  ITTAPI function not implemented: __itt_heap_record_memory_growth_end
9112 : 0x1dcc90339cd : 2 : ittapi_config_apply_per_lib :  ITTAPI function not implemented: __itt_heap_reset_detection
9112 : 0x1dcc90339d5 : 2 : ittapi_config_apply_per_lib :  ITTAPI function not implemented: __itt_heap_record
9112 : 0x1dcc90339db : 2 : ittapi_config_apply_per_lib :  ITTAPI function not implemented: __itt_id_create
9112 : 0x1dcc9033a0f : 2 : ittapi_config_apply_per_lib :  ITTAPI function not implemented: __itt_id_destroy
9112 : 0x1dcc9033a1a : 2 : ittapi_config_apply_per_lib :  ITTAPI function instrumented: __itt_get_timestamp
9112 : 0x1dcc9033a24 : 2 : ittapi_config_apply_per_lib :  ITTAPI function not implemented: __itt_region_begin
9112 : 0x1dcc9033a2d : 2 : ittapi_config_apply_per_lib :  ITTAPI function not implemented: __itt_region_end
9112 : 0x1dcc9033a36 : 2 : ittapi_config_apply_per_lib :  ITTAPI function instrumented: __itt_frame_begin_v3
9112 : 0x1dcc9033a40 : 2 : ittapi_config_apply_per_lib :  ITTAPI function instrumented: __itt_frame_end_v3
9112 : 0x1dcc9033a4a : 2 : ittapi_config_apply_per_lib :  ITTAPI function instrumented: __itt_frame_submit_v3
9112 : 0x1dcc9033a54 : 2 : ittapi_config_apply_per_lib :  ITTAPI function not implemented: __itt_task_group
9112 : 0x1dcc9033a5d : 2 : ittapi_config_apply_per_lib :  ITTAPI function instrumented: __itt_task_begin
9112 : 0x1dcc9033a67 : 2 : ittapi_config_apply_per_lib :  ITTAPI function instrumented: __itt_task_begin_fn
9112 : 0x1dcc9033a8f : 2 : ittapi_config_apply_per_lib :  ITTAPI function instrumented: __itt_task_end
9112 : 0x1dcc9033a9b : 2 : ittapi_config_apply_per_lib :  ITTAPI function not implemented: __itt_counter_inc_v3
9112 : 0x1dcc9033aa6 : 2 : ittapi_config_apply_per_lib :  ITTAPI function not implemented: __itt_counter_inc_delta_v3
9112 : 0x1dcc9033ab2 : 2 : ittapi_config_apply_per_lib :  ITTAPI function not implemented: __itt_counter_dec_v3
9112 : 0x1dcc9033abd : 2 : ittapi_config_apply_per_lib :  ITTAPI function not implemented: __itt_counter_dec_delta_v3
9112 : 0x1dcc9033ac8 : 2 : ittapi_config_apply_per_lib :  ITTAPI function not implemented: __itt_marker
9112 : 0x1dcc9033ad1 : 2 : ittapi_config_apply_per_lib :  ITTAPI function instrumented: __itt_metadata_add
9112 : 0x1dcc9033adb : 2 : ittapi_config_apply_per_lib :  ITTAPI function not implemented: __itt_metadata_str_addA
9112 : 0x1dcc9033ae6 : 2 : ittapi_config_apply_per_lib :  ITTAPI function not implemented: __itt_metadata_str_addW
9112 : 0x1dcc9033af7 : 2 : ittapi_config_apply_per_lib :  ITTAPI function not implemented: __itt_relation_add_to_current
9112 : 0x1dcc9033b21 : 2 : ittapi_config_apply_per_lib :  ITTAPI function not implemented: __itt_relation_add
9112 : 0x1dcc9033b2d : 2 : ittapi_config_apply_per_lib :  ITTAPI function instrumented: __itt_event_createA
9112 : 0x1dcc9033b36 : 2 : ittapi_config_apply_per_lib :  ITTAPI function instrumented: __itt_event_createW
9112 : 0x1dcc9033b42 : 2 : ittapi_config_apply_per_lib :  ITTAPI function instrumented: __itt_event_start
9112 : 0x1dcc9033b4f : 2 : ittapi_config_apply_per_lib :  ITTAPI function instrumented: __itt_event_end
9112 : 0x1dcc9033b57 : 2 : ittapi_config_apply_per_lib :  ITTAPI function NOT instrumented (not matched by --itt-config option): __itt_sync_set_nameA

9112 : 0x1dcc9033b61 : 2 : ittapi_config_apply_per_lib :  ITTAPI function NOT instrumented (not matched by --itt-config option): __itt_sync_set_nameW

9112 : 0x1dcc9033b6a : 2 : ittapi_config_apply_per_lib :  ITTAPI function NOT instrumented (not matched by --itt-config option): __itt_notify_sync_nameA

9112 : 0x1dcc9033b77 : 2 : ittapi_config_apply_per_lib :  ITTAPI function NOT instrumented (not matched by --itt-config option): __itt_notify_sync_nameW

9112 : 0x1dcc9033b88 : 2 : ittapi_config_apply_per_lib :  ITTAPI function NOT instrumented (not matched by --itt-config option): __itt_notify_sync_prepare

9112 : 0x1dcc9033bc7 : 2 : ittapi_config_apply_per_lib :  ITTAPI function NOT instrumented (not matched by --itt-config option): __itt_notify_sync_cancel

9112 : 0x1dcc9033bd8 : 2 : ittapi_config_apply_per_lib :  ITTAPI function NOT instrumented (not matched by --itt-config option): __itt_notify_sync_acquired

9112 : 0x1dcc9033be8 : 2 : ittapi_config_apply_per_lib :  ITTAPI function NOT instrumented (not matched by --itt-config option): __itt_notify_sync_releasing

9112 : 0x1dcc9033bfe : 2 : ittapi_config_apply_per_lib :  ITTAPI function not implemented: __itt_memory_read
9112 : 0x1dcc9033c0e : 2 : ittapi_config_apply_per_lib :  ITTAPI function not implemented: __itt_memory_write
9112 : 0x1dcc9033c1f : 2 : ittapi_config_apply_per_lib :  ITTAPI function not implemented: __itt_memory_update
9112 : 0x1dcc9033c30 : 2 : ittapi_config_apply_per_lib :  ITTAPI function not implemented: __itt_state_get
9112 : 0x1dcc9033c40 : 2 : ittapi_config_apply_per_lib :  ITTAPI function not implemented: __itt_state_set
9112 : 0x1dcc9033c50 : 2 : ittapi_config_apply_per_lib :  ITTAPI function not implemented: __itt_obj_mode_set
9112 : 0x1dcc9033c61 : 2 : ittapi_config_apply_per_lib :  ITTAPI function not implemented: __itt_thr_mode_set
9112 : 0x1dcc9033c98 : 2 : ittapi_config_apply_per_lib :  ITTAPI function instrumented: __itt_frame_createA
9112 : 0x1dcc9033ca8 : 2 : ittapi_config_apply_per_lib :  ITTAPI function instrumented: __itt_frame_createW
9112 : 0x1dcc9033cb8 : 2 : ittapi_config_apply_per_lib :  ITTAPI function instrumented: __itt_frame_begin
9112 : 0x1dcc9033cc7 : 2 : ittapi_config_apply_per_lib :  ITTAPI function instrumented: __itt_frame_end
9112 : 0x1dcc9033cd7 : 2 : ittapi_config_apply_per_lib :  ITTAPI function not implemented: __itt_counter_destroy
9112 : 0x1dcc9033ce7 : 2 : ittapi_config_apply_per_lib :  ITTAPI function instrumented: __itt_counter_inc
9112 : 0x1dcc9033cf7 : 2 : ittapi_config_apply_per_lib :  ITTAPI function instrumented: __itt_counter_inc_delta
9112 : 0x1dcc9033d05 : 2 : ittapi_config_apply_per_lib :  ITTAPI function instrumented: __itt_counter_dec
9112 : 0x1dcc9033d13 : 2 : ittapi_config_apply_per_lib :  ITTAPI function instrumented: __itt_counter_dec_delta
9112 : 0x1dcc9033d23 : 2 : ittapi_config_apply_per_lib :  ITTAPI function instrumented: __itt_counter_set_value
9112 : 0x1dcc9033d54 : 2 : ittapi_config_apply_per_lib :  ITTAPI function not implemented: __itt_counter_set_value_ex
9112 : 0x1dcc9033d65 : 2 : ittapi_config_apply_per_lib :  ITTAPI function not implemented: __itt_mark_createA
9112 : 0x1dcc9033d7e : 2 : ittapi_config_apply_per_lib :  ITTAPI function not implemented: __itt_mark_createW
9112 : 0x1dcc9033d8c : 2 : ittapi_config_apply_per_lib :  ITTAPI function not implemented: __itt_markA
9112 : 0x1dcc9033d93 : 2 : ittapi_config_apply_per_lib :  ITTAPI function not implemented: __itt_markW
9112 : 0x1dcc9033d99 : 2 : ittapi_config_apply_per_lib :  ITTAPI function not implemented: __itt_mark_off
9112 : 0x1dcc9033da0 : 2 : ittapi_config_apply_per_lib :  ITTAPI function not implemented: __itt_mark_globalA
9112 : 0x1dcc9033da7 : 2 : ittapi_config_apply_per_lib :  ITTAPI function not implemented: __itt_mark_globalW
9112 : 0x1dcc9033dad : 2 : ittapi_config_apply_per_lib :  ITTAPI function not implemented: __itt_mark_global_off
9112 : 0x1dcc9033db5 : 2 : ittapi_config_apply_per_lib :  ITTAPI function instrumented: __itt_stack_caller_create
9112 : 0x1dcc9033e49 : 2 : ittapi_config_apply_per_lib :  ITTAPI function instrumented: __itt_stack_caller_destroy
9112 : 0x1dcc9033e51 : 2 : ittapi_config_apply_per_lib :  ITTAPI function instrumented: __itt_stack_callee_enter
9112 : 0x1dcc9033e58 : 2 : ittapi_config_apply_per_lib :  ITTAPI function instrumented: __itt_stack_callee_leave
9112 : 0x1dcc9033e60 : 2 : ittapi_config_apply_per_lib :  ITTAPI function not implemented: __itt_clock_domain_create
9112 : 0x1dcc9033e67 : 2 : ittapi_config_apply_per_lib :  ITTAPI function not implemented: __itt_clock_domain_reset
9112 : 0x1dcc9033e6e : 2 : ittapi_config_apply_per_lib :  ITTAPI function not implemented: __itt_id_create_ex
9112 : 0x1dcc9033e74 : 2 : ittapi_config_apply_per_lib :  ITTAPI function not implemented: __itt_id_destroy_ex
9112 : 0x1dcc9033e7b : 2 : ittapi_config_apply_per_lib :  ITTAPI function not implemented: __itt_task_begin_ex
9112 : 0x1dcc9033e82 : 2 : ittapi_config_apply_per_lib :  ITTAPI function not implemented: __itt_task_begin_fn_ex
9112 : 0x1dcc9033e8a : 2 : ittapi_config_apply_per_lib :  ITTAPI function not implemented: __itt_task_end_ex
9112 : 0x1dcc9033ead : 2 : ittapi_config_apply_per_lib :  ITTAPI function instrumented: __itt_task_begin_overlapped
9112 : 0x1dcc9033eb4 : 2 : ittapi_config_apply_per_lib :  ITTAPI function not implemented: __itt_task_begin_overlapped_ex
9112 : 0x1dcc9033ebb : 2 : ittapi_config_apply_per_lib :  ITTAPI function instrumented: __itt_task_end_overlapped
9112 : 0x1dcc9033ec3 : 2 : ittapi_config_apply_per_lib :  ITTAPI function not implemented: __itt_task_end_overlapped_ex
9112 : 0x1dcc9033ec9 : 2 : ittapi_config_apply_per_lib :  ITTAPI function not implemented: __itt_marker_ex
9112 : 0x1dcc9033ed0 : 2 : ittapi_config_apply_per_lib :  ITTAPI function not implemented: __itt_metadata_add_with_scope
9112 : 0x1dcc9033ed7 : 2 : ittapi_config_apply_per_lib :  ITTAPI function not implemented: __itt_metadata_str_add_with_scopeA
9112 : 0x1dcc9033edf : 2 : ittapi_config_apply_per_lib :  ITTAPI function not implemented: __itt_metadata_str_add_with_scopeW
9112 : 0x1dcc9033ee6 : 2 : ittapi_config_apply_per_lib :  ITTAPI function not implemented: __itt_relation_add_to_current_ex
9112 : 0x1dcc9033eed : 2 : ittapi_config_apply_per_lib :  ITTAPI function not implemented: __itt_relation_add_ex
9112 : 0x1dcc9033f08 : 2 : ittapi_config_apply_per_lib :  ITTAPI function not implemented: __itt_track_group_create
9112 : 0x1dcc9033f10 : 2 : ittapi_config_apply_per_lib :  ITTAPI function not implemented: __itt_track_create
9112 : 0x1dcc9033f17 : 2 : ittapi_config_apply_per_lib :  ITTAPI function not implemented: __itt_set_track
9112 : 0x1dcc9033f1d : 2 : ittapi_config_apply_per_lib :  ITTAPI function instrumented: __itt_api_version
9112 : 0x1dcc9033f24 : 2 : ittapi_config_apply_per_lib :  ITTAPI function not implemented: __itt_av_saveA
9112 : 0x1dcc9033f2b : 2 : ittapi_config_apply_per_lib :  ITTAPI function not implemented: __itt_av_saveW
9112 : 0x1dcc9033f32 : 2 : ittapi_config_apply_per_lib :  ITTAPI function instrumented: __itt_module_loadA
9112 : 0x1dcc9033f38 : 2 : ittapi_config_apply_per_lib :  ITTAPI function instrumented: __itt_module_loadW