<?xml version="1.0" encoding="utf-8"?>
<log version="1.0" tool="runtool">

<msg id="1" tool="runtool">
  <type>log-start</type>
  <arg>2020/05/24 17:54:50</arg>
</msg>
<msg id="2" tool="runtool">
  <type>collector-starts</type>
</msg>
<msg id="3" tool="runtool">
  <type>marker-file</type>
  <arg>C:\Users\Jam\source\repos\Parallel\Parallel\My Inspector Results - Parallel\r001ti3\r001ti3.inspxe</arg>
</msg>
<msg id="4" tool="tc">
  <type>START</type>
  <severity>INFO</severity>
  <timestamp>Sun May 24 17:54:51 2020</timestamp>
</msg>
<msg id="5" tool="tc">
  <type>EXEC_OF_INTEREST</type>
  <arg>c:\users\jam\source\repos\parallel\x64\release\parallel.exe</arg>
  <arg>9620</arg>
  <severity>INFO</severity>
  <timestamp>Sun May 24 17:54:51 2020</timestamp>
</msg>
<msg id="6" tool="tc">
  <type>LOAD_MODULE</type>
  <arg>c:\users\jam\source\repos\parallel\x64\release\parallel.exe</arg>
  <arg>0x7ff6be880000</arg>
  <arg>0x7ff6be8a3fff</arg>
  <severity>INFO</severity>
  <timestamp>Sun May 24 17:54:51 2020</timestamp>
</msg>
<msg id="7" tool="tc">
  <type>LOAD_MODULE</type>
  <arg>c:\windows\system32\kernelbase.dll</arg>
  <arg>0x7fffb81b0000</arg>
  <arg>0x7fffb8422fff</arg>
  <severity>INFO</severity>
  <timestamp>Sun May 24 17:54:51 2020</timestamp>
</msg>
<msg id="8" tool="tc">
  <type>LOAD_MODULE</type>
  <arg>c:\windows\system32\kernel32.dll</arg>
  <arg>0x7fffbad00000</arg>
  <arg>0x7fffbadb0fff</arg>
  <severity>INFO</severity>
  <timestamp>Sun May 24 17:54:51 2020</timestamp>
</msg>
<msg id="9" tool="tc">
  <type>LOAD_MODULE</type>
  <arg>c:\windows\system32\ntdll.dll</arg>
  <arg>0x7fffbb8e0000</arg>
  <arg>0x7fffbbac0fff</arg>
  <severity>INFO</severity>
  <timestamp>Sun May 24 17:54:51 2020</timestamp>
</msg>
<msg id="10" tool="tc">
  <type>LOAD_MODULE</type>
  <arg>c:\windows\system32\ucrtbase.dll</arg>
  <arg>0x7fffb8050000</arg>
  <arg>0x7fffb8147fff</arg>
  <severity>INFO</severity>
  <timestamp>Sun May 24 17:54:51 2020</timestamp>
</msg>
<msg id="11" tool="tc">
  <type>LOAD_MODULE</type>
  <arg>c:\windows\system32\msvcp140.dll</arg>
  <arg>0x7fffa5170000</arg>
  <arg>0x7fffa5208fff</arg>
  <severity>INFO</severity>
  <timestamp>Sun May 24 17:54:52 2020</timestamp>
</msg>
<msg id="12" tool="tc">
  <type>LOAD_MODULE</type>
  <arg>c:\windows\system32\vcruntime140.dll</arg>
  <arg>0x7fffa5400000</arg>
  <arg>0x7fffa5415fff</arg>
  <severity>INFO</severity>
  <timestamp>Sun May 24 17:54:52 2020</timestamp>
</msg>
<msg id="13" tool="tc">
  <type>LOAD_MODULE</type>
  <arg>f:\program files (x86)\intelswtools\compilers_and_libraries_2019\windows\redist\intel64\compiler\cilkrts20.dll</arg>
  <arg>0x7fff610f0000</arg>
  <arg>0x7fff61142fff</arg>
  <severity>INFO</severity>
  <timestamp>Sun May 24 17:54:53 2020</timestamp>
</msg>
<msg id="14" tool="tc">
  <type>LOAD_MODULE</type>
  <arg>c:\windows\system32\user32.dll</arg>
  <arg>0x7fffbaaf0000</arg>
  <arg>0x7fffbac7ffff</arg>
  <severity>INFO</severity>
  <timestamp>Sun May 24 17:54:53 2020</timestamp>
</msg>
<msg id="15" tool="tc">
  <type>LOAD_MODULE</type>
  <arg>c:\windows\system32\win32u.dll</arg>
  <arg>0x7fffb8430000</arg>
  <arg>0x7fffb844ffff</arg>
  <severity>INFO</severity>
  <timestamp>Sun May 24 17:54:53 2020</timestamp>
</msg>
<msg id="16" tool="tc">
  <type>LOAD_MODULE</type>
  <arg>c:\windows\system32\gdi32.dll</arg>
  <arg>0x7fffbb520000</arg>
  <arg>0x7fffbb547fff</arg>
  <severity>INFO</severity>
  <timestamp>Sun May 24 17:54:53 2020</timestamp>
</msg>
<msg id="17" tool="tc">
  <type>LOAD_MODULE</type>
  <arg>c:\windows\system32\gdi32full.dll</arg>
  <arg>0x7fffb7db0000</arg>
  <arg>0x7fffb7f40fff</arg>
  <severity>INFO</severity>
  <timestamp>Sun May 24 17:54:53 2020</timestamp>
</msg>
<msg id="18" tool="tc">
  <type>LOAD_MODULE</type>
  <arg>c:\windows\system32\msvcp_win.dll</arg>
  <arg>0x7fffb7d10000</arg>
  <arg>0x7fffb7daefff</arg>
  <severity>INFO</severity>
  <timestamp>Sun May 24 17:54:53 2020</timestamp>
</msg>
<msg id="19" tool="tc">
  <type>LOAD_MODULE</type>
  <arg>c:\windows\system32\imm32.dll</arg>
  <arg>0x7fffb9280000</arg>
  <arg>0x7fffb92acfff</arg>
  <severity>INFO</severity>
  <timestamp>Sun May 24 17:54:54 2020</timestamp>
</msg>
<msg id="20" tool="tc">
  <type>LOAD_MODULE</type>
  <arg>f:\program files (x86)\intelswtools\inspector 2019\bin64\runtime\libittnotify.dll</arg>
  <arg>0x7fff7f550000</arg>
  <arg>0x7fff7f583fff</arg>
  <severity>INFO</severity>
  <timestamp>Sun May 24 17:54:55 2020</timestamp>
</msg>
<msg id="21" tool="tc">
  <type>THREADNAME</type>
  <arg>7228</arg>
  <arg>Cilk Worker</arg>
  <severity>INFO</severity>
  <timestamp>Sun May 24 17:54:56 2020</timestamp>
</msg>
<msg id="22" tool="tc">
  <type>THREADNAME</type>
  <arg>9908</arg>
  <arg>Cilk Worker</arg>
  <severity>INFO</severity>
  <timestamp>Sun May 24 17:54:56 2020</timestamp>
</msg>
<msg id="23" tool="tc">
  <type>THREADNAME</type>
  <arg>232</arg>
  <arg>Cilk Worker</arg>
  <severity>INFO</severity>
  <timestamp>Sun May 24 17:54:56 2020</timestamp>
</msg>
<msg id="24" tool="tc">
  <type>HEARTBEAT</type>
  <arg>7228,9908,232,6612,12448,6368,8640</arg>
  <arg>1,1,1,1,1,1,0</arg>
  <arg>70724,91219,578221,1215,686,5149,28546</arg>
  <severity>INFO</severity>
  <timestamp>Sun May 24 17:54:56 2020</timestamp>
</msg>
<msg id="25" tool="tc">
  <type>HEARTBEAT</type>
  <arg>7228,9908,232,6612,12448,6368,8640</arg>
  <arg>0,0,0,1,1,1,0</arg>
  <arg>395380,364020,1253437,0,0,0,178040</arg>
  <severity>INFO</severity>
  <timestamp>Sun May 24 17:54:57 2020</timestamp>
</msg>
<msg id="26" tool="tc">
  <type>HEARTBEAT</type>
  <arg>7228,9908,232,6612,12448,6368,8640</arg>
  <arg>1,1,1,1,1,1,0</arg>
  <arg>32430,31985,31465,0,0,0,34864</arg>
  <severity>INFO</severity>
  <timestamp>Sun May 24 17:54:58 2020</timestamp>
</msg>
<msg id="27" tool="tc">
  <type>LOAD_MODULE</type>
  <arg>c:\windows\system32\kernel.appcore.dll</arg>
  <arg>0x7fffb7c50000</arg>
  <arg>0x7fffb7c60fff</arg>
  <severity>INFO</severity>
  <timestamp>Sun May 24 17:54:59 2020</timestamp>
</msg>
<msg id="28" tool="tc">
  <type>LOAD_MODULE</type>
  <arg>c:\windows\system32\msvcrt.dll</arg>
  <arg>0x7fffbb800000</arg>
  <arg>0x7fffbb89dfff</arg>
  <severity>INFO</severity>
  <timestamp>Sun May 24 17:54:59 2020</timestamp>
</msg>
<msg id="29" tool="tc">
  <type>LOAD_MODULE</type>
  <arg>c:\windows\system32\rpcrt4.dll</arg>
  <arg>0x7fffb90f0000</arg>
  <arg>0x7fffb9213fff</arg>
  <severity>INFO</severity>
  <timestamp>Sun May 24 17:54:59 2020</timestamp>
</msg>
<msg id="30" tool="tc">
  <type>UNLOAD_MODULE</type>
  <arg>c:\users\jam\source\repos\parallel\x64\release\parallel.exe</arg>
  <severity>INFO</severity>
  <timestamp>Sun May 24 17:55:00 2020</timestamp>
</msg>
<msg id="31" tool="tc">
  <type>UNLOAD_MODULE</type>
  <arg>c:\windows\system32\kernelbase.dll</arg>
  <severity>INFO</severity>
  <timestamp>Sun May 24 17:55:00 2020</timestamp>
</msg>
<msg id="32" tool="tc">
  <type>UNLOAD_MODULE</type>
  <arg>c:\windows\system32\kernel32.dll</arg>
  <severity>INFO</severity>
  <timestamp>Sun May 24 17:55:00 2020</timestamp>
</msg>
<msg id="33" tool="tc">
  <type>UNLOAD_MODULE</type>
  <arg>c:\windows\system32\ntdll.dll</arg>
  <severity>INFO</severity>
  <timestamp>Sun May 24 17:55:00 2020</timestamp>
</msg>
<msg id="34" tool="tc">
  <type>UNLOAD_MODULE</type>
  <arg>c:\windows\system32\ucrtbase.dll</arg>
  <severity>INFO</severity>
  <timestamp>Sun May 24 17:55:00 2020</timestamp>
</msg>
<msg id="35" tool="tc">
  <type>UNLOAD_MODULE</type>
  <arg>c:\windows\system32\msvcp140.dll</arg>
  <severity>INFO</severity>
  <timestamp>Sun May 24 17:55:00 2020</timestamp>
</msg>
<msg id="36" tool="tc">
  <type>UNLOAD_MODULE</type>
  <arg>c:\windows\system32\vcruntime140.dll</arg>
  <severity>INFO</severity>
  <timestamp>Sun May 24 17:55:00 2020</timestamp>
</msg>
<msg id="37" tool="tc">
  <type>UNLOAD_MODULE</type>
  <arg>f:\program files (x86)\intelswtools\compilers_and_libraries_2019\windows\redist\intel64\compiler\cilkrts20.dll</arg>
  <severity>INFO</severity>
  <timestamp>Sun May 24 17:55:00 2020</timestamp>
</msg>
<msg id="38" tool="tc">
  <type>UNLOAD_MODULE</type>
  <arg>c:\windows\system32\user32.dll</arg>
  <severity>INFO</severity>
  <timestamp>Sun May 24 17:55:00 2020</timestamp>
</msg>
<msg id="39" tool="tc">
  <type>UNLOAD_MODULE</type>
  <arg>c:\windows\system32\win32u.dll</arg>
  <severity>INFO</severity>
  <timestamp>Sun May 24 17:55:00 2020</timestamp>
</msg>
<msg id="40" tool="tc">
  <type>UNLOAD_MODULE</type>
  <arg>c:\windows\system32\gdi32.dll</arg>
  <severity>INFO</severity>
  <timestamp>Sun May 24 17:55:00 2020</timestamp>
</msg>
<msg id="41" tool="tc">
  <type>UNLOAD_MODULE</type>
  <arg>c:\windows\system32\gdi32full.dll</arg>
  <severity>INFO</severity>
  <timestamp>Sun May 24 17:55:00 2020</timestamp>
</msg>
<msg id="42" tool="tc">
  <type>UNLOAD_MODULE</type>
  <arg>c:\windows\system32\msvcp_win.dll</arg>
  <severity>INFO</severity>
  <timestamp>Sun May 24 17:55:00 2020</timestamp>
</msg>
<msg id="43" tool="tc">
  <type>UNLOAD_MODULE</type>
  <arg>c:\windows\system32\imm32.dll</arg>
  <severity>INFO</severity>
  <timestamp>Sun May 24 17:55:00 2020</timestamp>
</msg>
<msg id="44" tool="tc">
  <type>UNLOAD_MODULE</type>
  <arg>f:\program files (x86)\intelswtools\inspector 2019\bin64\runtime\libittnotify.dll</arg>
  <severity>INFO</severity>
  <timestamp>Sun May 24 17:55:00 2020</timestamp>
</msg>
<msg id="45" tool="tc">
  <type>UNLOAD_MODULE</type>
  <arg>c:\windows\system32\kernel.appcore.dll</arg>
  <severity>INFO</severity>
  <timestamp>Sun May 24 17:55:00 2020</timestamp>
</msg>
<msg id="46" tool="tc">
  <type>UNLOAD_MODULE</type>
  <arg>c:\windows\system32\msvcrt.dll</arg>
  <severity>INFO</severity>
  <timestamp>Sun May 24 17:55:00 2020</timestamp>
</msg>
<msg id="47" tool="tc">
  <type>UNLOAD_MODULE</type>
  <arg>c:\windows\system32\rpcrt4.dll</arg>
  <severity>INFO</severity>
  <timestamp>Sun May 24 17:55:00 2020</timestamp>
</msg>
<msg id="48" tool="tc">
  <type>PROCESS_TERMINATE</type>
  <arg>c:\users\jam\source\repos\parallel\x64\release\parallel.exe</arg>
  <arg>9620</arg>
  <severity>INFO</severity>
  <timestamp>Sun May 24 17:55:00 2020</timestamp>
</msg>
<msg id="49" tool="tc">
  <type>ANALYSIS_COMPLETE</type>
  <severity>INFO</severity>
  <timestamp>Sun May 24 17:55:00 2020</timestamp>
</msg>
<msg id="50" tool="tc">
  <type>STOP</type>
  <severity>INFO</severity>
  <timestamp>Sun May 24 17:55:00 2020</timestamp>
</msg>
<msg id="51" tool="runtool">
  <type>app-exit-code</type>
  <arg>0</arg>
</msg>
<msg id="52" tool="runtool">
  <type>marker-file</type>
  <arg>C:\Users\Jam\source\repos\Parallel\Parallel\My Inspector Results - Parallel\r001ti3\r001ti3.inspxe</arg>
</msg>
<msg id="53" tool="runtool">
  <type>collector-done</type>
</msg>
<msg id="54" tool="runtool">
  <type>log-end</type>
  <arg>2020/05/24 17:55:04</arg>
</msg>

</log>

