<?xml version="1.0" encoding="utf-8" ?>
<!-- DO NOT EDIT THIS FILE -->

<log version='2.0' source='tcet'>
	<!-- Opened annotation file F:\Program Files (x86)\IntelSWTools\Inspector 2019\bin64\..\config\tc\qt.ant -->
	<!-- Opened annotation file F:\Program Files (x86)\IntelSWTools\Inspector 2019\bin64\..\config\tc\cpp11.ant -->
	<!-- Opened annotation file F:\Program Files (x86)\IntelSWTools\Inspector 2019\bin64\..\config\tc\fortran.ant -->
	<!-- Opened annotation file F:\Program Files (x86)\IntelSWTools\Inspector 2019\bin64\..\config\tc\icl.ant -->
	<!-- Opened annotation file F:\Program Files (x86)\IntelSWTools\Inspector 2019\bin64\..\config\tc\allocators.ant -->
	<!-- Opened annotation file F:\Program Files (x86)\IntelSWTools\Inspector 2019\bin64\..\config\tc\boost.ant -->
	<!-- Opened annotation file F:\Program Files (x86)\IntelSWTools\Inspector 2019\bin64\..\config\tc\system_api_filter.ant -->
	<!-- Opened annotation file F:\Program Files (x86)\IntelSWTools\Inspector 2019\bin64\..\config\tc\system_api.ant -->
	<msg id='1' display='false' source='tccore'>
		<type>START</type>
		<severity>INFO</severity>
		<timestamp>Thu Apr 30 18:31:39 2020</timestamp>
	</msg>
	<!-- Successfully loaded CCRT 13.4.2 at address 0x6f550000 - 0x6f8e6000 -->
	<!-- Successfully loaded the TC Analysis Core 8.12.15 at address 0x7ffbd8300000 - 0x7ffbd832f000 -->
	<!-- Successfully loaded the TC Instrumentation Engine 8.12.15 at address 0x6f970000 - 0x6fbb1000 -->
	<!-- This is the instance of interest -->
	<msg id='2' source='tcet'>
		<type>EXEC_OF_INTEREST</type>
		<severity>INFO</severity>
		<timestamp>Thu Apr 30 18:31:39 2020</timestamp>
		<arg name='process'>c:\users\jam\source\repos\lab4\x64\release\lab4.exe</arg>
		<arg name='pid'>7144</arg>
	</msg>
	<msg id='3' source='tcet'>
		<type>LOAD_MODULE</type>
		<severity>INFO</severity>
		<timestamp>Thu Apr 30 18:31:39 2020</timestamp>
		<arg name='module'>c:\users\jam\source\repos\lab4\x64\release\lab4.exe</arg>
		<arg name='basement'>0x7ff623400000</arg>
		<arg name='ceiling'>0x7ff623418fff</arg>
	</msg>
	<msg id='4' source='tcet'>
		<type>LOAD_MODULE</type>
		<severity>INFO</severity>
		<timestamp>Thu Apr 30 18:31:39 2020</timestamp>
		<arg name='module'>c:\windows\system32\kernelbase.dll</arg>
		<arg name='basement'>0x7ffc3fc60000</arg>
		<arg name='ceiling'>0x7ffc3fed2fff</arg>
	</msg>
	<!-- Target OS: Win8 or Server 2K2012 or later -->
	<msg id='5' source='tcet'>
		<type>LOAD_MODULE</type>
		<severity>INFO</severity>
		<timestamp>Thu Apr 30 18:31:39 2020</timestamp>
		<arg name='module'>c:\windows\system32\kernel32.dll</arg>
		<arg name='basement'>0x7ffc42970000</arg>
		<arg name='ceiling'>0x7ffc42a20fff</arg>
	</msg>
	<!-- Target OS: Win8 or Server 2K2012 or later -->
	<msg id='6' source='tcet'>
		<type>LOAD_MODULE</type>
		<severity>INFO</severity>
		<timestamp>Thu Apr 30 18:31:39 2020</timestamp>
		<arg name='module'>c:\windows\system32\ntdll.dll</arg>
		<arg name='basement'>0x7ffc438a0000</arg>
		<arg name='ceiling'>0x7ffc43a80fff</arg>
	</msg>
	<!-- Target OS: Win8 or Server 2K2012 or later -->
	<msg id='7' source='tcet'>
		<type>LOAD_MODULE</type>
		<severity>INFO</severity>
		<timestamp>Thu Apr 30 18:31:40 2020</timestamp>
		<arg name='module'>c:\windows\system32\ucrtbase.dll</arg>
		<arg name='basement'>0x7ffc40b20000</arg>
		<arg name='ceiling'>0x7ffc40c17fff</arg>
	</msg>
	<msg id='8' source='tcet'>
		<type>LOAD_MODULE</type>
		<severity>INFO</severity>
		<timestamp>Thu Apr 30 18:31:41 2020</timestamp>
		<arg name='module'>c:\windows\system32\msvcp140.dll</arg>
		<arg name='basement'>0x7ffc2e490000</arg>
		<arg name='ceiling'>0x7ffc2e52afff</arg>
	</msg>
	<msg id='9' source='tcet'>
		<type>LOAD_MODULE</type>
		<severity>INFO</severity>
		<timestamp>Thu Apr 30 18:31:41 2020</timestamp>
		<arg name='module'>c:\windows\system32\vcruntime140.dll</arg>
		<arg name='basement'>0x7ffc2e0b0000</arg>
		<arg name='ceiling'>0x7ffc2e0c4fff</arg>
	</msg>
	<!-- Found ZCA section with version 1.1 -->
	<!-- Found ZCA section with version 1.1 -->
	<!-- Found ZCA section with version 1.1 -->
	<!-- Found ZCA section with version 1.1 -->
	<!-- Found ZCA section with version 1.1 -->
	<!-- Found ZCA section with version 1.1 -->
	<!-- Found ZCA section with version 1.1 -->
	<!-- Found ZCA section with version 1.1 -->
	<!-- Found ZCA section with version 1.1 -->
	<!-- Found ZCA section with version 1.1 -->
	<!-- Found ZCA section with version 1.1 -->
	<!-- Found ZCA section with version 1.1 -->
	<!-- Found ZCA section with version 1.1 -->
	<!-- Found ZCA section with version 1.1 -->
	<!-- Found ZCA section with version 1.1 -->
	<!-- Found ZCA section with version 1.1 -->
	<!-- Found ZCA section with version 1.1 -->
	<!-- Found ZCA section with version 1.1 -->
	<!-- Found ZCA section with version 1.1 -->
	<!-- Found ZCA section with version 1.1 -->
	<!-- Found ZCA section with version 1.1 -->
	<!-- Found ZCA section with version 1.1 -->
	<!-- Found ZCA section with version 1.1 -->
	<msg id='10' source='tcet'>
		<type>LOAD_MODULE</type>
		<severity>INFO</severity>
		<timestamp>Thu Apr 30 18:31:41 2020</timestamp>
		<arg name='module'>f:\program files (x86)\intelswtools\compilers_and_libraries_2019\windows\redist\intel64\compiler\cilkrts20.dll</arg>
		<arg name='basement'>0x7ffc18110000</arg>
		<arg name='ceiling'>0x7ffc18162fff</arg>
	</msg>
	<msg id='11' source='tcet'>
		<type>LOAD_MODULE</type>
		<severity>INFO</severity>
		<timestamp>Thu Apr 30 18:31:42 2020</timestamp>
		<arg name='module'>c:\windows\system32\user32.dll</arg>
		<arg name='basement'>0x7ffc43530000</arg>
		<arg name='ceiling'>0x7ffc436bffff</arg>
	</msg>
	<msg id='12' source='tcet'>
		<type>LOAD_MODULE</type>
		<severity>INFO</severity>
		<timestamp>Thu Apr 30 18:31:42 2020</timestamp>
		<arg name='module'>c:\windows\system32\win32u.dll</arg>
		<arg name='basement'>0x7ffc40b00000</arg>
		<arg name='ceiling'>0x7ffc40b1ffff</arg>
	</msg>
	<!-- Routine at entry point of image c:\windows\system32\win32u.dll is invalid -->
	<msg id='13' source='tcet'>
		<type>LOAD_MODULE</type>
		<severity>INFO</severity>
		<timestamp>Thu Apr 30 18:31:42 2020</timestamp>
		<arg name='module'>c:\windows\system32\gdi32.dll</arg>
		<arg name='basement'>0x7ffc42a30000</arg>
		<arg name='ceiling'>0x7ffc42a57fff</arg>
	</msg>
	<msg id='14' source='tcet'>
		<type>LOAD_MODULE</type>
		<severity>INFO</severity>
		<timestamp>Thu Apr 30 18:31:42 2020</timestamp>
		<arg name='module'>c:\windows\system32\gdi32full.dll</arg>
		<arg name='basement'>0x7ffc408e0000</arg>
		<arg name='ceiling'>0x7ffc40a70fff</arg>
	</msg>
	<msg id='15' source='tcet'>
		<type>LOAD_MODULE</type>
		<severity>INFO</severity>
		<timestamp>Thu Apr 30 18:31:42 2020</timestamp>
		<arg name='module'>c:\windows\system32\msvcp_win.dll</arg>
		<arg name='basement'>0x7ffc405f0000</arg>
		<arg name='ceiling'>0x7ffc4068efff</arg>
	</msg>
	<msg id='16' source='tcet'>
		<type>LOAD_MODULE</type>
		<severity>INFO</severity>
		<timestamp>Thu Apr 30 18:31:43 2020</timestamp>
		<arg name='module'>c:\windows\system32\imm32.dll</arg>
		<arg name='basement'>0x7ffc42240000</arg>
		<arg name='ceiling'>0x7ffc4226cfff</arg>
	</msg>
	<msg id='17' source='tcet'>
		<type>LOAD_MODULE</type>
		<severity>INFO</severity>
		<timestamp>Thu Apr 30 18:31:44 2020</timestamp>
		<arg name='module'>f:\program files (x86)\intelswtools\inspector 2019\bin64\runtime\libittnotify.dll</arg>
		<arg name='basement'>0x7ffc18280000</arg>
		<arg name='ceiling'>0x7ffc182b3fff</arg>
	</msg>
	<!-- Target OS: Win8 or Server 2K2012 or later -->
	<msg id='18' source='tcet'>
		<type>LOAD_MODULE</type>
		<severity>INFO</severity>
		<timestamp>Thu Apr 30 18:31:45 2020</timestamp>
		<arg name='module'>c:\windows\system32\kernel.appcore.dll</arg>
		<arg name='basement'>0x7ffc3fc10000</arg>
		<arg name='ceiling'>0x7ffc3fc20fff</arg>
	</msg>
	<msg id='19' source='tcet'>
		<type>LOAD_MODULE</type>
		<severity>INFO</severity>
		<timestamp>Thu Apr 30 18:31:45 2020</timestamp>
		<arg name='module'>c:\windows\system32\msvcrt.dll</arg>
		<arg name='basement'>0x7ffc437d0000</arg>
		<arg name='ceiling'>0x7ffc4386dfff</arg>
	</msg>
	<msg id='20' source='tcet'>
		<type>LOAD_MODULE</type>
		<severity>INFO</severity>
		<timestamp>Thu Apr 30 18:31:45 2020</timestamp>
		<arg name='module'>c:\windows\system32\rpcrt4.dll</arg>
		<arg name='basement'>0x7ffc42270000</arg>
		<arg name='ceiling'>0x7ffc42393fff</arg>
	</msg>
	<msg id='21' display='false' source='tcet'>
		<type>HEARTBEAT</type>
		<severity>INFO</severity>
		<timestamp>Thu Apr 30 18:31:45 2020</timestamp>
		<arg name='tids'>13152,7828,8288,13748,14088</arg>
		<arg name='syscalls'>0,1,1,1,1</arg>
		<arg name='calls'>2320,1316,5151,1029,27654</arg>
	</msg>
	<msg id='22' source='tccore'>
		<type>UNSUPPORTED_MODULE</type>
		<severity>WARNING</severity>
		<timestamp>Thu Apr 30 18:31:45 2020</timestamp>
		<arg name='desc'>Microsoft Parallel Patterns Library</arg>
	</msg>
	<msg id='23' source='ccrt'>
		<type>INTERNAL</type>
		<severity>ERROR</severity>
		<timestamp>Thu Apr 30 18:31:46 2020</timestamp>
		<!-- cilk_continue notification contained bad data -->
	</msg>
	<!-- Frames of pintool call stack: -->
	<!-- => ccrt!0x26fd0 (0x6f576fd0) -->
	<msg id='24' source='ccrt'>
		<type>ABNORMAL_TERMINATE</type>
		<severity>ERROR</severity>
		<timestamp>Thu Apr 30 18:31:46 2020</timestamp>
	</msg>
	<msg id='25' display='false' source='tcet'>
		<type>THREADNAME</type>
		<severity>INFO</severity>
		<timestamp>Thu Apr 30 18:31:46 2020</timestamp>
		<arg name='tid'>12076</arg>
		<arg name='name'>Cilk Worker</arg>
	</msg>
	<msg id='26' display='false' source='tcet'>
		<type>THREADNAME</type>
		<severity>INFO</severity>
		<timestamp>Thu Apr 30 18:31:46 2020</timestamp>
		<arg name='tid'>2848</arg>
		<arg name='name'>Cilk Worker</arg>
	</msg>
	<msg id='27' display='false' source='tcet'>
		<type>THREADNAME</type>
		<severity>INFO</severity>
		<timestamp>Thu Apr 30 18:31:46 2020</timestamp>
		<arg name='tid'>13432</arg>
		<arg name='name'>Cilk Worker</arg>
	</msg>
	<msg id='28' display='false' source='tcet'>
		<type>HEARTBEAT</type>
		<severity>INFO</severity>
		<timestamp>Thu Apr 30 18:31:46 2020</timestamp>
		<arg name='tids'>12076,2848,13432,10976,13152,7828,8288,13748,14088</arg>
		<arg name='syscalls'>0,0,0,0,0,1,1,1,1</arg>
		<arg name='calls'>49020,472,440,1600,2090,0,0,0,113</arg>
	</msg>
	<!-- A thread end notification for 0 was received by thread 7 -->
	<!-- A thread end notification for 2 was received by thread 7 -->
	<!-- A thread end notification for 3 was received by thread 7 -->
	<!-- A thread end notification for 4 was received by thread 7 -->
	<msg id='29' source='tcet'>
		<type>UNLOAD_MODULE</type>
		<severity>INFO</severity>
		<timestamp>Thu Apr 30 18:31:46 2020</timestamp>
		<arg name='module'>c:\users\jam\source\repos\lab4\x64\release\lab4.exe</arg>
	</msg>
	<msg id='30' source='tcet'>
		<type>UNLOAD_MODULE</type>
		<severity>INFO</severity>
		<timestamp>Thu Apr 30 18:31:46 2020</timestamp>
		<arg name='module'>c:\windows\system32\kernelbase.dll</arg>
	</msg>
	<msg id='31' source='tcet'>
		<type>UNLOAD_MODULE</type>
		<severity>INFO</severity>
		<timestamp>Thu Apr 30 18:31:46 2020</timestamp>
		<arg name='module'>c:\windows\system32\kernel32.dll</arg>
	</msg>
	<msg id='32' source='tcet'>
		<type>UNLOAD_MODULE</type>
		<severity>INFO</severity>
		<timestamp>Thu Apr 30 18:31:46 2020</timestamp>
		<arg name='module'>c:\windows\system32\ntdll.dll</arg>
	</msg>
	<msg id='33' source='tcet'>
		<type>UNLOAD_MODULE</type>
		<severity>INFO</severity>
		<timestamp>Thu Apr 30 18:31:46 2020</timestamp>
		<arg name='module'>c:\windows\system32\ucrtbase.dll</arg>
	</msg>
	<msg id='34' source='tcet'>
		<type>UNLOAD_MODULE</type>
		<severity>INFO</severity>
		<timestamp>Thu Apr 30 18:31:46 2020</timestamp>
		<arg name='module'>c:\windows\system32\msvcp140.dll</arg>
	</msg>
	<msg id='35' source='tcet'>
		<type>UNLOAD_MODULE</type>
		<severity>INFO</severity>
		<timestamp>Thu Apr 30 18:31:46 2020</timestamp>
		<arg name='module'>c:\windows\system32\vcruntime140.dll</arg>
	</msg>
	<msg id='36' source='tcet'>
		<type>UNLOAD_MODULE</type>
		<severity>INFO</severity>
		<timestamp>Thu Apr 30 18:31:46 2020</timestamp>
		<arg name='module'>f:\program files (x86)\intelswtools\compilers_and_libraries_2019\windows\redist\intel64\compiler\cilkrts20.dll</arg>
	</msg>
	<msg id='37' source='tcet'>
		<type>UNLOAD_MODULE</type>
		<severity>INFO</severity>
		<timestamp>Thu Apr 30 18:31:46 2020</timestamp>
		<arg name='module'>c:\windows\system32\user32.dll</arg>
	</msg>
	<msg id='38' source='tcet'>
		<type>UNLOAD_MODULE</type>
		<severity>INFO</severity>
		<timestamp>Thu Apr 30 18:31:46 2020</timestamp>
		<arg name='module'>c:\windows\system32\win32u.dll</arg>
	</msg>
	<msg id='39' source='tcet'>
		<type>UNLOAD_MODULE</type>
		<severity>INFO</severity>
		<timestamp>Thu Apr 30 18:31:46 2020</timestamp>
		<arg name='module'>c:\windows\system32\gdi32.dll</arg>
	</msg>
	<msg id='40' source='tcet'>
		<type>UNLOAD_MODULE</type>
		<severity>INFO</severity>
		<timestamp>Thu Apr 30 18:31:46 2020</timestamp>
		<arg name='module'>c:\windows\system32\gdi32full.dll</arg>
	</msg>
	<msg id='41' source='tcet'>
		<type>UNLOAD_MODULE</type>
		<severity>INFO</severity>
		<timestamp>Thu Apr 30 18:31:46 2020</timestamp>
		<arg name='module'>c:\windows\system32\msvcp_win.dll</arg>
	</msg>
	<msg id='42' source='tcet'>
		<type>UNLOAD_MODULE</type>
		<severity>INFO</severity>
		<timestamp>Thu Apr 30 18:31:46 2020</timestamp>
		<arg name='module'>c:\windows\system32\imm32.dll</arg>
	</msg>
	<msg id='43' source='tcet'>
		<type>UNLOAD_MODULE</type>
		<severity>INFO</severity>
		<timestamp>Thu Apr 30 18:31:46 2020</timestamp>
		<arg name='module'>f:\program files (x86)\intelswtools\inspector 2019\bin64\runtime\libittnotify.dll</arg>
	</msg>
	<msg id='44' source='tcet'>
		<type>UNLOAD_MODULE</type>
		<severity>INFO</severity>
		<timestamp>Thu Apr 30 18:31:46 2020</timestamp>
		<arg name='module'>c:\windows\system32\kernel.appcore.dll</arg>
	</msg>
	<msg id='45' source='tcet'>
		<type>UNLOAD_MODULE</type>
		<severity>INFO</severity>
		<timestamp>Thu Apr 30 18:31:46 2020</timestamp>
		<arg name='module'>c:\windows\system32\msvcrt.dll</arg>
	</msg>
	<msg id='46' source='tcet'>
		<type>UNLOAD_MODULE</type>
		<severity>INFO</severity>
		<timestamp>Thu Apr 30 18:31:46 2020</timestamp>
		<arg name='module'>c:\windows\system32\rpcrt4.dll</arg>
	</msg>
	<msg id='47' source='tcet'>
		<type>PROCESS_TERMINATE</type>
		<severity>INFO</severity>
		<timestamp>Thu Apr 30 18:31:46 2020</timestamp>
		<arg name='process'>c:\users\jam\source\repos\lab4\x64\release\lab4.exe</arg>
		<arg name='pid'>7144</arg>
	</msg>
	<msg id='48' display='false' source='tccore'>
		<type>ANALYSIS_COMPLETE</type>
		<severity>INFO</severity>
		<timestamp>Thu Apr 30 18:31:46 2020</timestamp>
	</msg>
	<msg id='49' display='false' source='tccore'>
		<type>STOP</type>
		<severity>INFO</severity>
		<timestamp>Thu Apr 30 18:31:46 2020</timestamp>
	</msg>
</log>