<?xml version="1.0" encoding="utf-8"?>
<log version="1.0" tool="runtool">

<msg id="1" tool="runtool">
  <type>log-start</type>
  <arg>2020/04/30 18:37:01</arg>
</msg>
<msg id="2" tool="runtool">
  <type>collector-starts</type>
</msg>
<msg id="3" tool="runtool">
  <type>marker-file</type>
  <arg>C:\Users\Jam\source\repos\Lab4\Lab4\My Inspector Results - Lab4\r008mi1\r008mi1.inspxe</arg>
</msg>
<msg id="4" tool="mc">
  <type>EXEC_OF_INTEREST</type>
  <arg>c:\users\jam\source\repos\lab4\x64\release\lab4.exe</arg>
  <arg>13636</arg>
  <severity>INFO</severity>
  <timestamp>Thu Apr 30 18:37:01 2020</timestamp>
</msg>
<msg id="5" tool="mc">
  <type>MODULE_LOAD</type>
  <arg>c:\users\jam\source\repos\lab4\x64\release\lab4.exe</arg>
  <arg>0x7ff71a260000</arg>
  <arg>0x7ff71a278fff</arg>
  <severity>INFO</severity>
  <timestamp>Thu Apr 30 18:37:01 2020</timestamp>
</msg>
<msg id="6" tool="mc">
  <type>MODULE_LOAD_NO_ANALYSIS</type>
  <arg>c:\windows\system32\kernelbase.dll</arg>
  <arg>0x7ffc3fc60000</arg>
  <arg>0x7ffc3fed2fff</arg>
  <severity>INFO</severity>
  <timestamp>Thu Apr 30 18:37:01 2020</timestamp>
</msg>
<msg id="7" tool="mc">
  <type>MODULE_LOAD_NO_ANALYSIS</type>
  <arg>c:\windows\system32\kernel32.dll</arg>
  <arg>0x7ffc42970000</arg>
  <arg>0x7ffc42a20fff</arg>
  <severity>INFO</severity>
  <timestamp>Thu Apr 30 18:37:02 2020</timestamp>
</msg>
<msg id="8" tool="mc">
  <type>MODULE_LOAD_NO_ANALYSIS</type>
  <arg>c:\windows\system32\ntdll.dll</arg>
  <arg>0x7ffc438a0000</arg>
  <arg>0x7ffc43a80fff</arg>
  <severity>INFO</severity>
  <timestamp>Thu Apr 30 18:37:02 2020</timestamp>
</msg>
<msg id="9" tool="mc">
  <type>MODULE_LOAD</type>
  <arg>f:\program files (x86)\intelswtools\inspector 2019\bin64\dnclrprofinfo.dll</arg>
  <arg>0x7ffc31e50000</arg>
  <arg>0x7ffc31e78fff</arg>
  <severity>INFO</severity>
  <timestamp>Thu Apr 30 18:37:02 2020</timestamp>
</msg>
<msg id="10" tool="mc">
  <type>MODULE_LOAD</type>
  <arg>c:\windows\system32\ucrtbase.dll</arg>
  <arg>0x7ffc40b20000</arg>
  <arg>0x7ffc40c17fff</arg>
  <severity>INFO</severity>
  <timestamp>Thu Apr 30 18:37:02 2020</timestamp>
</msg>
<msg id="11" tool="mc">
  <type>MODULE_LOAD</type>
  <arg>c:\windows\system32\msvcp140.dll</arg>
  <arg>0x7ffc2e490000</arg>
  <arg>0x7ffc2e52afff</arg>
  <severity>INFO</severity>
  <timestamp>Thu Apr 30 18:37:02 2020</timestamp>
</msg>
<msg id="12" tool="mc">
  <type>MODULE_LOAD_NO_ANALYSIS</type>
  <arg>f:\program files (x86)\intelswtools\compilers_and_libraries_2019\windows\redist\intel64\compiler\cilkrts20.dll</arg>
  <arg>0x7ffc18130000</arg>
  <arg>0x7ffc18182fff</arg>
  <severity>INFO</severity>
  <timestamp>Thu Apr 30 18:37:03 2020</timestamp>
</msg>
<msg id="13" tool="mc">
  <type>MODULE_LOAD_NO_ANALYSIS</type>
  <arg>c:\windows\system32\user32.dll</arg>
  <arg>0x7ffc43530000</arg>
  <arg>0x7ffc436bffff</arg>
  <severity>INFO</severity>
  <timestamp>Thu Apr 30 18:37:03 2020</timestamp>
</msg>
<msg id="14" tool="mc">
  <type>MODULE_LOAD</type>
  <arg>c:\windows\system32\win32u.dll</arg>
  <arg>0x7ffc40b00000</arg>
  <arg>0x7ffc40b1ffff</arg>
  <severity>INFO</severity>
  <timestamp>Thu Apr 30 18:37:03 2020</timestamp>
</msg>
<msg id="15" tool="mc">
  <type>MODULE_LOAD_NO_ANALYSIS</type>
  <arg>c:\windows\system32\gdi32.dll</arg>
  <arg>0x22a972e0000</arg>
  <arg>0x22a97307fff</arg>
  <severity>INFO</severity>
  <timestamp>Thu Apr 30 18:37:03 2020</timestamp>
</msg>
<msg id="16" tool="mc">
  <type>MODULE_LOAD_NO_ANALYSIS</type>
  <arg>c:\windows\system32\gdi32full.dll</arg>
  <arg>0x7ffc408e0000</arg>
  <arg>0x7ffc40a70fff</arg>
  <severity>INFO</severity>
  <timestamp>Thu Apr 30 18:37:03 2020</timestamp>
</msg>
<msg id="17" tool="mc">
  <type>MODULE_LOAD</type>
  <arg>c:\windows\system32\msvcp_win.dll</arg>
  <arg>0x7ffc405f0000</arg>
  <arg>0x7ffc4068efff</arg>
  <severity>INFO</severity>
  <timestamp>Thu Apr 30 18:37:03 2020</timestamp>
</msg>
<msg id="18" tool="mc">
  <type>MODULE_LOAD</type>
  <arg>c:\windows\system32\vcruntime140.dll</arg>
  <arg>0x7ffc2e0b0000</arg>
  <arg>0x7ffc2e0c4fff</arg>
  <severity>INFO</severity>
  <timestamp>Thu Apr 30 18:37:03 2020</timestamp>
</msg>
<msg id="19" tool="mc">
  <type>MODULE_LOAD_NO_ANALYSIS</type>
  <arg>c:\windows\system32\imm32.dll</arg>
  <arg>0x7ffc42240000</arg>
  <arg>0x7ffc4226cfff</arg>
  <severity>INFO</severity>
  <timestamp>Thu Apr 30 18:37:03 2020</timestamp>
</msg>
<msg id="20" tool="mc">
  <type>MODULE_LOAD_NO_ANALYSIS</type>
  <arg>f:\program files (x86)\intelswtools\inspector 2019\bin64\runtime\libittnotify.dll</arg>
  <arg>0x7ffc2b400000</arg>
  <arg>0x7ffc2b433fff</arg>
  <severity>INFO</severity>
  <timestamp>Thu Apr 30 18:37:04 2020</timestamp>
</msg>
<msg id="21" tool="mc">
  <type>MODULE_LOAD</type>
  <arg>c:\windows\system32\kernel.appcore.dll</arg>
  <arg>0x7ffc3fc10000</arg>
  <arg>0x7ffc3fc20fff</arg>
  <severity>INFO</severity>
  <timestamp>Thu Apr 30 18:37:04 2020</timestamp>
</msg>
<msg id="22" tool="mc">
  <type>MODULE_LOAD_NO_ANALYSIS</type>
  <arg>c:\windows\system32\msvcrt.dll</arg>
  <arg>0x7ffc437d0000</arg>
  <arg>0x7ffc4386dfff</arg>
  <severity>INFO</severity>
  <timestamp>Thu Apr 30 18:37:04 2020</timestamp>
</msg>
<msg id="23" tool="mc">
  <type>MODULE_LOAD_NO_ANALYSIS</type>
  <arg>c:\windows\system32\rpcrt4.dll</arg>
  <arg>0x7ffc42270000</arg>
  <arg>0x7ffc42393fff</arg>
  <severity>INFO</severity>
  <timestamp>Thu Apr 30 18:37:04 2020</timestamp>
</msg>
<msg id="24" tool="mc">
  <type>PROCESS_COMPLETE</type>
  <arg>c:\users\jam\source\repos\lab4\x64\release\lab4.exe</arg>
  <arg>0</arg>
  <severity>INFO</severity>
  <timestamp>Thu Apr 30 18:37:13 2020</timestamp>
</msg>
<msg id="25" tool="mc">
  <type>ANALYSIS_COMPLETE</type>
  <arg>c:\users\jam\source\repos\lab4\x64\release\lab4.exe</arg>
  <severity>INFO</severity>
  <timestamp>Thu Apr 30 18:37:13 2020</timestamp>
</msg>
<msg id="26" tool="runtool">
  <type>app-exit-code</type>
  <arg>0</arg>
</msg>
<msg id="27" tool="runtool">
  <type>marker-file</type>
  <arg>C:\Users\Jam\source\repos\Lab4\Lab4\My Inspector Results - Lab4\r008mi1\r008mi1.inspxe</arg>
</msg>
<msg id="28" tool="runtool">
  <type>collector-done</type>
</msg>
<msg id="29" tool="runtool">
  <type>log-end</type>
  <arg>2020/04/30 18:37:17</arg>
</msg>

</log>

