<?xml version="1.0" encoding="utf-8" ?>
<!-- DO NOT EDIT THIS FILE -->

<log version='2.0' source='mc'>
	<!-- Successfully loaded CCRT at address 0x6edb0000 - 0x6f145000 -->
	<!-- Successfully loaded MC at address 0x6f1d0000 - 0x6fe4a000 -->
	<!-- Analysis started for c:\users\jam\source\repos\lab4\x64\release\lab4.exe, pid = 13636 -->
	<msg id='1' source='mc'>
		<type>EXEC_OF_INTEREST</type>
		<severity>INFO</severity>
		<timestamp>Thu Apr 30 18:37:01 2020</timestamp>
		<arg name='path'>c:\users\jam\source\repos\lab4\x64\release\lab4.exe</arg>
		<arg name='pid'>13636</arg>
	</msg>
	<!-- Command line: F:\Program Files (x86)\IntelSWTools\Inspector 2019\bin32\pin -xyzzy -mesgoff console -xyzzy -bridge_save_x87 0 -bridge_save_mxcsr 0 -follow_execv -error_file C:\Users\Jam\source\repos\Lab4\Lab4\My Inspector Results - Lab4\r008mi1\data.0\pin_error.log -logfile C:\Users\Jam\source\repos\Lab4\Lab4\My Inspector Results - Lab4\r008mi1\data.0\pin.log -xyzzy -region_max_inss 500 -p64 F:\Program Files (x86)\IntelSWTools\Inspector 2019\bin64\pin -t64 F:\Program Files (x86)\IntelSWTools\Inspector 2019\bin64\memchkr.dll -t F:\Program Files (x86)\IntelSWTools\Inspector 2019\bin32\memchkr.dll -no-analyze-stack -no-access-checks -leak-check-on-exit -leak-check-report-reachable -check-resource-leaks -freelist-vol 0 -leak-maximum 100000 -guard-zone-size 0 -stack-depth 8 -heartbeat 1 -mrte-mode auto -working-dir C:\Users\Jam\source\repos\Lab4\Lab4\My Inspector Results - Lab4\r008mi1\data.0 -log mc_Lab4.log -result Lab4 - C:\Users\Jam\source\repos\Lab4\x64\Release\Lab4.exe  -->
	<!-- mc's options are the following:  -->
	<!-- -help                              false -->
	<!-- -verbose                           false -->
	<!-- -xyzzy                             false -->
	<!-- -version                           false -->
	<!-- -help-all                          false -->
	<!-- -xyzzy-all                         false -->
	<!-- -report-all-instances              false -->
	<!-- -check-for-padded-structures       true -->
	<!-- -check-for-bitfields               true -->
	<!-- -analyze-stack                     false -->
	<!-- -access-checks                     false -->
	<!-- -track-origins                     true -->
	<!-- -duplicate-uninits                 false -->
	<!-- -bss-initialized                   true -->
	<!-- -align-alloc-size                  false -->
	<!-- -report-uninit-read                false -->
	<!-- -ignore-system-libraries           false -->
	<!-- -gen-suppressions                  false -->
	<!-- -leak-check-on-exit                true -->
	<!-- -leak-check-on-demand              false -->
	<!-- -leak-check-uses-baseline          true -->
	<!-- -enable-memory-growth              false -->
	<!-- -leak-check-report-reachable       true -->
	<!-- -leak-check-full                   true -->
	<!-- -check-resource-leaks              true -->
	<!-- -trace-children                    false -->
	<!-- -enable-poke                       false -->
	<!-- -jit-mode-anyway                   false -->
	<!-- -disable-probe-mode-mismatches-64  true -->
	<!-- -aggressive-callstack-caching      false -->
	<!-- -suppress-breakpoints              false -->
	<!-- -monitor-memory                    false -->
	<!-- -freelist-vol                      0 -->
	<!-- -leak-maximum                      100000 -->
	<!-- -guard-zone-size                   0 -->
	<!-- -stack-depth                       8 -->
	<!-- -heartbeat                         1 -->
	<!-- -breakpoint-file                   (null) -->
	<!-- -config-file                       (null) -->
	<!-- -log                               mc_Lab4.log -->
	<!-- -ignore-commands                   (null),  -->
	<!-- -ignore-modules                    (null),  -->
	<!-- -ignore-symbols                    (null),  -->
	<!-- -module-of-interest                (null),  -->
	<!-- -executable-of-interest            (null),  -->
	<!-- -working-dir                       C:\Users\Jam\source\repos\Lab4\Lab4\My Inspector Results - Lab4\r008mi1\data.0 -->
	<!-- -result                            Lab4 -->
	<!-- -exclude-module                    (null),  -->
	<!-- -include-module                    (null),  -->
	<!-- -only-exec-commands                (null),  -->
	<!-- -suppressions                      (null),  -->
	<!-- -debug                             none -->
	<!-- -shared-mem-name                   (null) -->
	<!-- -poke-function                     (null),  -->
	<!-- -analysis-mode                     (null) -->
	<!-- -disable-gatekeeping               false -->
	<!-- -ignore-os-allocators              false -->
	<!-- -mrte-mode                         auto -->
	<!-- probe mode: yes -->
	<!-- mem leaks checks: yes -->
	<!-- res leaks checks: yes -->
	<!-- access checks: no -->
	<!-- track origin: no -->
	<!-- Environment: INTEL_LIBITTNOTIFY32=F:\Program Files (x86)\IntelSWTools\Inspector 2019\bin32\runtime\libittnotify.dll -->
	<!-- Environment: INTEL_LIBITTNOTIFY64=F:\Program Files (x86)\IntelSWTools\Inspector 2019\bin64\runtime\libittnotify.dll -->
	<!-- Environment: INTEL_JIT_PROFILER32=F:\Program Files (x86)\IntelSWTools\Inspector 2019\bin32\runtime\libittnotify.dll -->
	<!-- Environment: INTEL_JIT_PROFILER64=F:\Program Files (x86)\IntelSWTools\Inspector 2019\bin64\runtime\libittnotify.dll -->
	<!-- DIAG: 1 -->
	<!-- Module loaded c:\users\jam\source\repos\lab4\x64\release\lab4.exe, address range [0x00007ff71a260000-0x00007ff71a278fff] -->
	<msg id='2' source='mc'>
		<type>MODULE_LOAD</type>
		<severity>INFO</severity>
		<timestamp>Thu Apr 30 18:37:01 2020</timestamp>
		<arg name='path'>c:\users\jam\source\repos\lab4\x64\release\lab4.exe</arg>
		<arg name='addr1'>0x7ff71a260000</arg>
		<arg name='addr2'>0x7ff71a278fff</arg>
	</msg>
	<!-- Module loaded c:\windows\system32\kernelbase.dll, address range [0x00007ffc3fc60000-0x00007ffc3fed2fff], minimal analysis -->
	<msg id='3' source='mc'>
		<type>MODULE_LOAD_NO_ANALYSIS</type>
		<severity>INFO</severity>
		<timestamp>Thu Apr 30 18:37:01 2020</timestamp>
		<arg name='path'>c:\windows\system32\kernelbase.dll</arg>
		<arg name='addr1'>0x7ffc3fc60000</arg>
		<arg name='addr2'>0x7ffc3fed2fff</arg>
	</msg>
	<!-- entry point not safe for probe insertion in kernel32.dll -->
	<!-- Module loaded c:\windows\system32\kernel32.dll, address range [0x00007ffc42970000-0x00007ffc42a20fff], minimal analysis -->
	<msg id='4' source='mc'>
		<type>MODULE_LOAD_NO_ANALYSIS</type>
		<severity>INFO</severity>
		<timestamp>Thu Apr 30 18:37:02 2020</timestamp>
		<arg name='path'>c:\windows\system32\kernel32.dll</arg>
		<arg name='addr1'>0x7ffc42970000</arg>
		<arg name='addr2'>0x7ffc42a20fff</arg>
	</msg>
	<!-- Module loaded c:\windows\system32\ntdll.dll, address range [0x00007ffc438a0000-0x00007ffc43a80fff], minimal analysis -->
	<msg id='5' source='mc'>
		<type>MODULE_LOAD_NO_ANALYSIS</type>
		<severity>INFO</severity>
		<timestamp>Thu Apr 30 18:37:02 2020</timestamp>
		<arg name='path'>c:\windows\system32\ntdll.dll</arg>
		<arg name='addr1'>0x7ffc438a0000</arg>
		<arg name='addr2'>0x7ffc43a80fff</arg>
	</msg>
	<!-- Module loaded f:\program files (x86)\intelswtools\inspector 2019\bin64\dnclrprofinfo.dll, address range [0x00007ffc31e50000-0x00007ffc31e78fff] -->
	<msg id='6' source='mc'>
		<type>MODULE_LOAD</type>
		<severity>INFO</severity>
		<timestamp>Thu Apr 30 18:37:02 2020</timestamp>
		<arg name='path'>f:\program files (x86)\intelswtools\inspector 2019\bin64\dnclrprofinfo.dll</arg>
		<arg name='addr1'>0x7ffc31e50000</arg>
		<arg name='addr2'>0x7ffc31e78fff</arg>
	</msg>
	<!-- Module loaded c:\windows\system32\ucrtbase.dll, address range [0x00007ffc40b20000-0x00007ffc40c17fff] -->
	<msg id='7' source='mc'>
		<type>MODULE_LOAD</type>
		<severity>INFO</severity>
		<timestamp>Thu Apr 30 18:37:02 2020</timestamp>
		<arg name='path'>c:\windows\system32\ucrtbase.dll</arg>
		<arg name='addr1'>0x7ffc40b20000</arg>
		<arg name='addr2'>0x7ffc40c17fff</arg>
	</msg>
	<!-- Module loaded c:\windows\system32\msvcp140.dll, address range [0x00007ffc2e490000-0x00007ffc2e52afff] -->
	<msg id='8' source='mc'>
		<type>MODULE_LOAD</type>
		<severity>INFO</severity>
		<timestamp>Thu Apr 30 18:37:02 2020</timestamp>
		<arg name='path'>c:\windows\system32\msvcp140.dll</arg>
		<arg name='addr1'>0x7ffc2e490000</arg>
		<arg name='addr2'>0x7ffc2e52afff</arg>
	</msg>
	<!-- Module loaded f:\program files (x86)\intelswtools\compilers_and_libraries_2019\windows\redist\intel64\compiler\cilkrts20.dll, address range [0x00007ffc18130000-0x00007ffc18182fff], minimal analysis -->
	<msg id='9' source='mc'>
		<type>MODULE_LOAD_NO_ANALYSIS</type>
		<severity>INFO</severity>
		<timestamp>Thu Apr 30 18:37:03 2020</timestamp>
		<arg name='path'>f:\program files (x86)\intelswtools\compilers_and_libraries_2019\windows\redist\intel64\compiler\cilkrts20.dll</arg>
		<arg name='addr1'>0x7ffc18130000</arg>
		<arg name='addr2'>0x7ffc18182fff</arg>
	</msg>
	<!-- Module loaded c:\windows\system32\user32.dll, address range [0x00007ffc43530000-0x00007ffc436bffff], minimal analysis -->
	<msg id='10' source='mc'>
		<type>MODULE_LOAD_NO_ANALYSIS</type>
		<severity>INFO</severity>
		<timestamp>Thu Apr 30 18:37:03 2020</timestamp>
		<arg name='path'>c:\windows\system32\user32.dll</arg>
		<arg name='addr1'>0x7ffc43530000</arg>
		<arg name='addr2'>0x7ffc436bffff</arg>
	</msg>
	<!-- Module loaded c:\windows\system32\win32u.dll, address range [0x00007ffc40b00000-0x00007ffc40b1ffff] -->
	<msg id='11' source='mc'>
		<type>MODULE_LOAD</type>
		<severity>INFO</severity>
		<timestamp>Thu Apr 30 18:37:03 2020</timestamp>
		<arg name='path'>c:\windows\system32\win32u.dll</arg>
		<arg name='addr1'>0x7ffc40b00000</arg>
		<arg name='addr2'>0x7ffc40b1ffff</arg>
	</msg>
	<!-- Module loaded c:\windows\system32\gdi32.dll, address range [0x0000022a972e0000-0x0000022a97307fff], minimal analysis -->
	<msg id='12' source='mc'>
		<type>MODULE_LOAD_NO_ANALYSIS</type>
		<severity>INFO</severity>
		<timestamp>Thu Apr 30 18:37:03 2020</timestamp>
		<arg name='path'>c:\windows\system32\gdi32.dll</arg>
		<arg name='addr1'>0x22a972e0000</arg>
		<arg name='addr2'>0x22a97307fff</arg>
	</msg>
	<!-- Module loaded c:\windows\system32\gdi32full.dll, address range [0x00007ffc408e0000-0x00007ffc40a70fff], minimal analysis -->
	<msg id='13' source='mc'>
		<type>MODULE_LOAD_NO_ANALYSIS</type>
		<severity>INFO</severity>
		<timestamp>Thu Apr 30 18:37:03 2020</timestamp>
		<arg name='path'>c:\windows\system32\gdi32full.dll</arg>
		<arg name='addr1'>0x7ffc408e0000</arg>
		<arg name='addr2'>0x7ffc40a70fff</arg>
	</msg>
	<!-- Module loaded c:\windows\system32\msvcp_win.dll, address range [0x00007ffc405f0000-0x00007ffc4068efff] -->
	<msg id='14' source='mc'>
		<type>MODULE_LOAD</type>
		<severity>INFO</severity>
		<timestamp>Thu Apr 30 18:37:03 2020</timestamp>
		<arg name='path'>c:\windows\system32\msvcp_win.dll</arg>
		<arg name='addr1'>0x7ffc405f0000</arg>
		<arg name='addr2'>0x7ffc4068efff</arg>
	</msg>
	<!-- Module loaded c:\windows\system32\vcruntime140.dll, address range [0x00007ffc2e0b0000-0x00007ffc2e0c4fff] -->
	<msg id='15' source='mc'>
		<type>MODULE_LOAD</type>
		<severity>INFO</severity>
		<timestamp>Thu Apr 30 18:37:03 2020</timestamp>
		<arg name='path'>c:\windows\system32\vcruntime140.dll</arg>
		<arg name='addr1'>0x7ffc2e0b0000</arg>
		<arg name='addr2'>0x7ffc2e0c4fff</arg>
	</msg>
	<!-- Module loaded c:\windows\system32\imm32.dll, address range [0x00007ffc42240000-0x00007ffc4226cfff], minimal analysis -->
	<msg id='16' source='mc'>
		<type>MODULE_LOAD_NO_ANALYSIS</type>
		<severity>INFO</severity>
		<timestamp>Thu Apr 30 18:37:03 2020</timestamp>
		<arg name='path'>c:\windows\system32\imm32.dll</arg>
		<arg name='addr1'>0x7ffc42240000</arg>
		<arg name='addr2'>0x7ffc4226cfff</arg>
	</msg>
	<!-- Module loaded f:\program files (x86)\intelswtools\inspector 2019\bin64\runtime\libittnotify.dll, address range [0x00007ffc2b400000-0x00007ffc2b433fff], minimal analysis -->
	<msg id='17' source='mc'>
		<type>MODULE_LOAD_NO_ANALYSIS</type>
		<severity>INFO</severity>
		<timestamp>Thu Apr 30 18:37:04 2020</timestamp>
		<arg name='path'>f:\program files (x86)\intelswtools\inspector 2019\bin64\runtime\libittnotify.dll</arg>
		<arg name='addr1'>0x7ffc2b400000</arg>
		<arg name='addr2'>0x7ffc2b433fff</arg>
	</msg>
	<!-- DIAG: 2 -->
	<!-- Module loaded c:\windows\system32\kernel.appcore.dll, address range [0x00007ffc3fc10000-0x00007ffc3fc20fff] -->
	<msg id='18' source='mc'>
		<type>MODULE_LOAD</type>
		<severity>INFO</severity>
		<timestamp>Thu Apr 30 18:37:04 2020</timestamp>
		<arg name='path'>c:\windows\system32\kernel.appcore.dll</arg>
		<arg name='addr1'>0x7ffc3fc10000</arg>
		<arg name='addr2'>0x7ffc3fc20fff</arg>
	</msg>
	<!-- Module loaded c:\windows\system32\msvcrt.dll, address range [0x00007ffc437d0000-0x00007ffc4386dfff], minimal analysis -->
	<msg id='19' source='mc'>
		<type>MODULE_LOAD_NO_ANALYSIS</type>
		<severity>INFO</severity>
		<timestamp>Thu Apr 30 18:37:04 2020</timestamp>
		<arg name='path'>c:\windows\system32\msvcrt.dll</arg>
		<arg name='addr1'>0x7ffc437d0000</arg>
		<arg name='addr2'>0x7ffc4386dfff</arg>
	</msg>
	<!-- Module loaded c:\windows\system32\rpcrt4.dll, address range [0x00007ffc42270000-0x00007ffc42393fff], minimal analysis -->
	<msg id='20' source='mc'>
		<type>MODULE_LOAD_NO_ANALYSIS</type>
		<severity>INFO</severity>
		<timestamp>Thu Apr 30 18:37:04 2020</timestamp>
		<arg name='path'>c:\windows\system32\rpcrt4.dll</arg>
		<arg name='addr1'>0x7ffc42270000</arg>
		<arg name='addr2'>0x7ffc42393fff</arg>
	</msg>
	<!-- DIAG: 3 -->
	<!-- DIAG: 4 -->
	<!-- DIAG: 5 -->
	<!-- DIAG: 6 -->
	<!-- DIAG: 7 -->
	<!-- DIAG: 8 -->
	<!-- DIAG: 9 -->
	<!-- DIAG: 10 -->
	<!-- DIAG: 11 -->
	<!-- DIAG: 12 -->
	<!-- Process c:\users\jam\source\repos\lab4\x64\release\lab4.exe exited with code 0. Leak analysis starting - this may take a while. -->
	<msg id='21' source='mc'>
		<type>PROCESS_COMPLETE</type>
		<severity>INFO</severity>
		<timestamp>Thu Apr 30 18:37:13 2020</timestamp>
		<arg name='path'>c:\users\jam\source\repos\lab4\x64\release\lab4.exe</arg>
		<arg name='code'>0</arg>
	</msg>
	<!-- DIAG: 13 -->
	<!-- DIAG: 14 -->
	<!-- DIAG: 15 -->
	<!-- Analysis completed for c:\users\jam\source\repos\lab4\x64\release\lab4.exe -->
	<msg id='22' source='mc'>
		<type>ANALYSIS_COMPLETE</type>
		<severity>INFO</severity>
		<timestamp>Thu Apr 30 18:37:13 2020</timestamp>
		<arg name='path'>c:\users\jam\source\repos\lab4\x64\release\lab4.exe</arg>
	</msg>